{"total": {"lines":{"total":1795,"covered":178,"skipped":0,"pct":9.91},"statements":{"total":1842,"covered":181,"skipped":0,"pct":9.82},"functions":{"total":285,"covered":38,"skipped":0,"pct":13.33},"branches":{"total":754,"covered":83,"skipped":0,"pct":11},"branchesTrue":{"total":0,"covered":0,"skipped":0,"pct":100}}
,"/Users/jeremyparker/Desktop/Claude Coding Projects/n8n-mcp-server/src/index-fastmcp.ts": {"lines":{"total":55,"covered":0,"skipped":0,"pct":0},"functions":{"total":7,"covered":0,"skipped":0,"pct":0},"statements":{"total":56,"covered":0,"skipped":0,"pct":0},"branches":{"total":8,"covered":0,"skipped":0,"pct":0}}
,"/Users/jeremyparker/Desktop/Claude Coding Projects/n8n-mcp-server/src/index.ts": {"lines":{"total":341,"covered":0,"skipped":0,"pct":0},"functions":{"total":37,"covered":0,"skipped":0,"pct":0},"statements":{"total":347,"covered":0,"skipped":0,"pct":0},"branches":{"total":156,"covered":0,"skipped":0,"pct":0}}
,"/Users/jeremyparker/Desktop/Claude Coding Projects/n8n-mcp-server/src/auth/authProvider.ts": {"lines":{"total":27,"covered":27,"skipped":0,"pct":100},"functions":{"total":3,"covered":3,"skipped":0,"pct":100},"statements":{"total":27,"covered":27,"skipped":0,"pct":100},"branches":{"total":14,"covered":14,"skipped":0,"pct":100}}
,"/Users/jeremyparker/Desktop/Claude Coding Projects/n8n-mcp-server/src/auth/middleware.ts": {"lines":{"total":72,"covered":58,"skipped":0,"pct":80.55},"functions":{"total":21,"covered":18,"skipped":0,"pct":85.71},"statements":{"total":73,"covered":59,"skipped":0,"pct":80.82},"branches":{"total":37,"covered":27,"skipped":0,"pct":72.97}}
,"/Users/jeremyparker/Desktop/Claude Coding Projects/n8n-mcp-server/src/auth/n8nAuth.ts": {"lines":{"total":75,"covered":69,"skipped":0,"pct":92},"functions":{"total":13,"covered":13,"skipped":0,"pct":100},"statements":{"total":75,"covered":69,"skipped":0,"pct":92},"branches":{"total":44,"covered":32,"skipped":0,"pct":72.72}}
,"/Users/jeremyparker/Desktop/Claude Coding Projects/n8n-mcp-server/src/client/n8nClient.ts": {"lines":{"total":83,"covered":24,"skipped":0,"pct":28.91},"functions":{"total":37,"covered":4,"skipped":0,"pct":10.81},"statements":{"total":97,"covered":26,"skipped":0,"pct":26.8},"branches":{"total":43,"covered":10,"skipped":0,"pct":23.25}}
,"/Users/jeremyparker/Desktop/Claude Coding Projects/n8n-mcp-server/src/resources/executionResources.ts": {"lines":{"total":173,"covered":0,"skipped":0,"pct":0},"functions":{"total":38,"covered":0,"skipped":0,"pct":0},"statements":{"total":177,"covered":0,"skipped":0,"pct":0},"branches":{"total":97,"covered":0,"skipped":0,"pct":0}}
,"/Users/jeremyparker/Desktop/Claude Coding Projects/n8n-mcp-server/src/resources/resourceManager.ts": {"lines":{"total":73,"covered":0,"skipped":0,"pct":0},"functions":{"total":27,"covered":0,"skipped":0,"pct":0},"statements":{"total":73,"covered":0,"skipped":0,"pct":0},"branches":{"total":21,"covered":0,"skipped":0,"pct":0}}
,"/Users/jeremyparker/Desktop/Claude Coding Projects/n8n-mcp-server/src/resources/workflowResources.ts": {"lines":{"total":102,"covered":0,"skipped":0,"pct":0},"functions":{"total":29,"covered":0,"skipped":0,"pct":0},"statements":{"total":103,"covered":0,"skipped":0,"pct":0},"branches":{"total":39,"covered":0,"skipped":0,"pct":0}}
,"/Users/jeremyparker/Desktop/Claude Coding Projects/n8n-mcp-server/src/tools/audit.ts": {"lines":{"total":76,"covered":0,"skipped":0,"pct":0},"functions":{"total":7,"covered":0,"skipped":0,"pct":0},"statements":{"total":76,"covered":0,"skipped":0,"pct":0},"branches":{"total":28,"covered":0,"skipped":0,"pct":0}}
,"/Users/jeremyparker/Desktop/Claude Coding Projects/n8n-mcp-server/src/tools/credentials.ts": {"lines":{"total":114,"covered":0,"skipped":0,"pct":0},"functions":{"total":10,"covered":0,"skipped":0,"pct":0},"statements":{"total":116,"covered":0,"skipped":0,"pct":0},"branches":{"total":38,"covered":0,"skipped":0,"pct":0}}
,"/Users/jeremyparker/Desktop/Claude Coding Projects/n8n-mcp-server/src/tools/executions.ts": {"lines":{"total":74,"covered":0,"skipped":0,"pct":0},"functions":{"total":5,"covered":0,"skipped":0,"pct":0},"statements":{"total":76,"covered":0,"skipped":0,"pct":0},"branches":{"total":36,"covered":0,"skipped":0,"pct":0}}
,"/Users/jeremyparker/Desktop/Claude Coding Projects/n8n-mcp-server/src/tools/projects.ts": {"lines":{"total":71,"covered":0,"skipped":0,"pct":0},"functions":{"total":6,"covered":0,"skipped":0,"pct":0},"statements":{"total":73,"covered":0,"skipped":0,"pct":0},"branches":{"total":22,"covered":0,"skipped":0,"pct":0}}
,"/Users/jeremyparker/Desktop/Claude Coding Projects/n8n-mcp-server/src/tools/tags.ts": {"lines":{"total":112,"covered":0,"skipped":0,"pct":0},"functions":{"total":10,"covered":0,"skipped":0,"pct":0},"statements":{"total":114,"covered":0,"skipped":0,"pct":0},"branches":{"total":25,"covered":0,"skipped":0,"pct":0}}
,"/Users/jeremyparker/Desktop/Claude Coding Projects/n8n-mcp-server/src/tools/users.ts": {"lines":{"total":87,"covered":0,"skipped":0,"pct":0},"functions":{"total":7,"covered":0,"skipped":0,"pct":0},"statements":{"total":89,"covered":0,"skipped":0,"pct":0},"branches":{"total":25,"covered":0,"skipped":0,"pct":0}}
,"/Users/jeremyparker/Desktop/Claude Coding Projects/n8n-mcp-server/src/tools/variables.ts": {"lines":{"total":58,"covered":0,"skipped":0,"pct":0},"functions":{"total":5,"covered":0,"skipped":0,"pct":0},"statements":{"total":60,"covered":0,"skipped":0,"pct":0},"branches":{"total":19,"covered":0,"skipped":0,"pct":0}}
,"/Users/jeremyparker/Desktop/Claude Coding Projects/n8n-mcp-server/src/tools/workflow.ts": {"lines":{"total":110,"covered":0,"skipped":0,"pct":0},"functions":{"total":10,"covered":0,"skipped":0,"pct":0},"statements":{"total":112,"covered":0,"skipped":0,"pct":0},"branches":{"total":40,"covered":0,"skipped":0,"pct":0}}
,"/Users/jeremyparker/Desktop/Claude Coding Projects/n8n-mcp-server/src/transport/sseTransport.ts": {"lines":{"total":65,"covered":0,"skipped":0,"pct":0},"functions":{"total":9,"covered":0,"skipped":0,"pct":0},"statements":{"total":71,"covered":0,"skipped":0,"pct":0},"branches":{"total":23,"covered":0,"skipped":0,"pct":0}}
,"/Users/jeremyparker/Desktop/Claude Coding Projects/n8n-mcp-server/src/transport/transportConfig.ts": {"lines":{"total":27,"covered":0,"skipped":0,"pct":0},"functions":{"total":4,"covered":0,"skipped":0,"pct":0},"statements":{"total":27,"covered":0,"skipped":0,"pct":0},"branches":{"total":39,"covered":0,"skipped":0,"pct":0}}
}
