{"total": {"lines":{"total":10018,"covered":2654,"skipped":0,"pct":26.49},"statements":{"total":10413,"covered":2722,"skipped":0,"pct":26.14},"functions":{"total":1618,"covered":394,"skipped":0,"pct":24.35},"branches":{"total":4882,"covered":890,"skipped":0,"pct":18.23},"branchesTrue":{"total":0,"covered":0,"skipped":0,"pct":100}}
,"/Users/jeremyparker/Desktop/Claude Coding Projects/n8n-mcp-server/src/index-fastmcp.ts": {"lines":{"total":112,"covered":112,"skipped":0,"pct":100},"functions":{"total":7,"covered":7,"skipped":0,"pct":100},"statements":{"total":113,"covered":113,"skipped":0,"pct":100},"branches":{"total":10,"covered":9,"skipped":0,"pct":90}}
,"/Users/jeremyparker/Desktop/Claude Coding Projects/n8n-mcp-server/src/ai/suggestionEngine.ts": {"lines":{"total":172,"covered":3,"skipped":0,"pct":1.74},"functions":{"total":33,"covered":1,"skipped":0,"pct":3.03},"statements":{"total":184,"covered":3,"skipped":0,"pct":1.63},"branches":{"total":94,"covered":0,"skipped":0,"pct":0}}
,"/Users/jeremyparker/Desktop/Claude Coding Projects/n8n-mcp-server/src/auth/authProvider.ts": {"lines":{"total":27,"covered":27,"skipped":0,"pct":100},"functions":{"total":3,"covered":3,"skipped":0,"pct":100},"statements":{"total":27,"covered":27,"skipped":0,"pct":100},"branches":{"total":14,"covered":14,"skipped":0,"pct":100}}
,"/Users/jeremyparker/Desktop/Claude Coding Projects/n8n-mcp-server/src/auth/enhancedAuth.ts": {"lines":{"total":224,"covered":0,"skipped":0,"pct":0},"functions":{"total":42,"covered":0,"skipped":0,"pct":0},"statements":{"total":230,"covered":0,"skipped":0,"pct":0},"branches":{"total":119,"covered":0,"skipped":0,"pct":0}}
,"/Users/jeremyparker/Desktop/Claude Coding Projects/n8n-mcp-server/src/auth/middleware.ts": {"lines":{"total":72,"covered":72,"skipped":0,"pct":100},"functions":{"total":21,"covered":21,"skipped":0,"pct":100},"statements":{"total":73,"covered":73,"skipped":0,"pct":100},"branches":{"total":37,"covered":37,"skipped":0,"pct":100}}
,"/Users/jeremyparker/Desktop/Claude Coding Projects/n8n-mcp-server/src/auth/n8nAuth.ts": {"lines":{"total":75,"covered":64,"skipped":0,"pct":85.33},"functions":{"total":13,"covered":13,"skipped":0,"pct":100},"statements":{"total":75,"covered":64,"skipped":0,"pct":85.33},"branches":{"total":44,"covered":30,"skipped":0,"pct":68.18}}
,"/Users/jeremyparker/Desktop/Claude Coding Projects/n8n-mcp-server/src/auth/oauth2Handler.ts": {"lines":{"total":199,"covered":22,"skipped":0,"pct":11.05},"functions":{"total":29,"covered":3,"skipped":0,"pct":10.34},"statements":{"total":199,"covered":22,"skipped":0,"pct":11.05},"branches":{"total":91,"covered":1,"skipped":0,"pct":1.09}}
,"/Users/jeremyparker/Desktop/Claude Coding Projects/n8n-mcp-server/src/client/binaryDataClient.ts": {"lines":{"total":98,"covered":2,"skipped":0,"pct":2.04},"functions":{"total":14,"covered":0,"skipped":0,"pct":0},"statements":{"total":115,"covered":2,"skipped":0,"pct":1.73},"branches":{"total":51,"covered":0,"skipped":0,"pct":0}}
,"/Users/jeremyparker/Desktop/Claude Coding Projects/n8n-mcp-server/src/client/eventClient.ts": {"lines":{"total":151,"covered":4,"skipped":0,"pct":2.64},"functions":{"total":38,"covered":0,"skipped":0,"pct":0},"statements":{"total":158,"covered":4,"skipped":0,"pct":2.53},"branches":{"total":82,"covered":0,"skipped":0,"pct":0}}
,"/Users/jeremyparker/Desktop/Claude Coding Projects/n8n-mcp-server/src/client/gitIntegration.ts": {"lines":{"total":84,"covered":3,"skipped":0,"pct":3.57},"functions":{"total":11,"covered":0,"skipped":0,"pct":0},"statements":{"total":85,"covered":3,"skipped":0,"pct":3.52},"branches":{"total":41,"covered":0,"skipped":0,"pct":0}}
,"/Users/jeremyparker/Desktop/Claude Coding Projects/n8n-mcp-server/src/client/monitoringClient.ts": {"lines":{"total":128,"covered":102,"skipped":0,"pct":79.68},"functions":{"total":26,"covered":24,"skipped":0,"pct":92.3},"statements":{"total":138,"covered":112,"skipped":0,"pct":81.15},"branches":{"total":75,"covered":47,"skipped":0,"pct":62.66}}
,"/Users/jeremyparker/Desktop/Claude Coding Projects/n8n-mcp-server/src/client/n8nClient.ts": {"lines":{"total":154,"covered":89,"skipped":0,"pct":57.79},"functions":{"total":75,"covered":37,"skipped":0,"pct":49.33},"statements":{"total":170,"covered":103,"skipped":0,"pct":60.58},"branches":{"total":69,"covered":46,"skipped":0,"pct":66.66}}
,"/Users/jeremyparker/Desktop/Claude Coding Projects/n8n-mcp-server/src/resources/executionResources.ts": {"lines":{"total":175,"covered":169,"skipped":0,"pct":96.57},"functions":{"total":38,"covered":38,"skipped":0,"pct":100},"statements":{"total":179,"covered":173,"skipped":0,"pct":96.64},"branches":{"total":97,"covered":77,"skipped":0,"pct":79.38}}
,"/Users/jeremyparker/Desktop/Claude Coding Projects/n8n-mcp-server/src/resources/resourceManager.ts": {"lines":{"total":78,"covered":78,"skipped":0,"pct":100},"functions":{"total":27,"covered":27,"skipped":0,"pct":100},"statements":{"total":78,"covered":78,"skipped":0,"pct":100},"branches":{"total":21,"covered":18,"skipped":0,"pct":85.71}}
,"/Users/jeremyparker/Desktop/Claude Coding Projects/n8n-mcp-server/src/resources/workflowResources.ts": {"lines":{"total":106,"covered":100,"skipped":0,"pct":94.33},"functions":{"total":29,"covered":29,"skipped":0,"pct":100},"statements":{"total":107,"covered":101,"skipped":0,"pct":94.39},"branches":{"total":41,"covered":32,"skipped":0,"pct":78.04}}
,"/Users/jeremyparker/Desktop/Claude Coding Projects/n8n-mcp-server/src/tools/ai-config.ts": {"lines":{"total":117,"covered":13,"skipped":0,"pct":11.11},"functions":{"total":18,"covered":1,"skipped":0,"pct":5.55},"statements":{"total":122,"covered":13,"skipped":0,"pct":10.65},"branches":{"total":104,"covered":0,"skipped":0,"pct":0}}
,"/Users/jeremyparker/Desktop/Claude Coding Projects/n8n-mcp-server/src/tools/ai-helpers.ts": {"lines":{"total":267,"covered":17,"skipped":0,"pct":6.36},"functions":{"total":41,"covered":1,"skipped":0,"pct":2.43},"statements":{"total":277,"covered":17,"skipped":0,"pct":6.13},"branches":{"total":87,"covered":0,"skipped":0,"pct":0}}
,"/Users/jeremyparker/Desktop/Claude Coding Projects/n8n-mcp-server/src/tools/ai-models.ts": {"lines":{"total":199,"covered":11,"skipped":0,"pct":5.52},"functions":{"total":38,"covered":1,"skipped":0,"pct":2.63},"statements":{"total":216,"covered":11,"skipped":0,"pct":5.09},"branches":{"total":99,"covered":0,"skipped":0,"pct":0}}
,"/Users/jeremyparker/Desktop/Claude Coding Projects/n8n-mcp-server/src/tools/ai-testing.ts": {"lines":{"total":116,"covered":11,"skipped":0,"pct":9.48},"functions":{"total":20,"covered":1,"skipped":0,"pct":5},"statements":{"total":124,"covered":11,"skipped":0,"pct":8.87},"branches":{"total":100,"covered":0,"skipped":0,"pct":0}}
,"/Users/jeremyparker/Desktop/Claude Coding Projects/n8n-mcp-server/src/tools/analytics.ts": {"lines":{"total":619,"covered":13,"skipped":0,"pct":2.1},"functions":{"total":118,"covered":1,"skipped":0,"pct":0.84},"statements":{"total":651,"covered":13,"skipped":0,"pct":1.99},"branches":{"total":348,"covered":0,"skipped":0,"pct":0}}
,"/Users/jeremyparker/Desktop/Claude Coding Projects/n8n-mcp-server/src/tools/audit.ts": {"lines":{"total":79,"covered":79,"skipped":0,"pct":100},"functions":{"total":7,"covered":7,"skipped":0,"pct":100},"statements":{"total":79,"covered":79,"skipped":0,"pct":100},"branches":{"total":28,"covered":28,"skipped":0,"pct":100}}
,"/Users/jeremyparker/Desktop/Claude Coding Projects/n8n-mcp-server/src/tools/binary-data.ts": {"lines":{"total":154,"covered":30,"skipped":0,"pct":19.48},"functions":{"total":14,"covered":1,"skipped":0,"pct":7.14},"statements":{"total":154,"covered":30,"skipped":0,"pct":19.48},"branches":{"total":56,"covered":0,"skipped":0,"pct":0}}
,"/Users/jeremyparker/Desktop/Claude Coding Projects/n8n-mcp-server/src/tools/credential-testing.ts": {"lines":{"total":207,"covered":29,"skipped":0,"pct":14},"functions":{"total":21,"covered":1,"skipped":0,"pct":4.76},"statements":{"total":212,"covered":29,"skipped":0,"pct":13.67},"branches":{"total":147,"covered":0,"skipped":0,"pct":0}}
,"/Users/jeremyparker/Desktop/Claude Coding Projects/n8n-mcp-server/src/tools/credentials.ts": {"lines":{"total":117,"covered":117,"skipped":0,"pct":100},"functions":{"total":10,"covered":10,"skipped":0,"pct":100},"statements":{"total":119,"covered":119,"skipped":0,"pct":100},"branches":{"total":38,"covered":38,"skipped":0,"pct":100}}
,"/Users/jeremyparker/Desktop/Claude Coding Projects/n8n-mcp-server/src/tools/data-management.ts": {"lines":{"total":247,"covered":26,"skipped":0,"pct":10.52},"functions":{"total":23,"covered":1,"skipped":0,"pct":4.34},"statements":{"total":250,"covered":26,"skipped":0,"pct":10.4},"branches":{"total":96,"covered":0,"skipped":0,"pct":0}}
,"/Users/jeremyparker/Desktop/Claude Coding Projects/n8n-mcp-server/src/tools/event-streaming.ts": {"lines":{"total":213,"covered":23,"skipped":0,"pct":10.79},"functions":{"total":22,"covered":1,"skipped":0,"pct":4.54},"statements":{"total":229,"covered":23,"skipped":0,"pct":10.04},"branches":{"total":82,"covered":0,"skipped":0,"pct":0}}
,"/Users/jeremyparker/Desktop/Claude Coding Projects/n8n-mcp-server/src/tools/execution-control.ts": {"lines":{"total":305,"covered":24,"skipped":0,"pct":7.86},"functions":{"total":26,"covered":1,"skipped":0,"pct":3.84},"statements":{"total":309,"covered":24,"skipped":0,"pct":7.76},"branches":{"total":163,"covered":0,"skipped":0,"pct":0}}
,"/Users/jeremyparker/Desktop/Claude Coding Projects/n8n-mcp-server/src/tools/executions.ts": {"lines":{"total":77,"covered":77,"skipped":0,"pct":100},"functions":{"total":5,"covered":5,"skipped":0,"pct":100},"statements":{"total":79,"covered":79,"skipped":0,"pct":100},"branches":{"total":38,"covered":38,"skipped":0,"pct":100}}
,"/Users/jeremyparker/Desktop/Claude Coding Projects/n8n-mcp-server/src/tools/file-operations.ts": {"lines":{"total":166,"covered":27,"skipped":0,"pct":16.26},"functions":{"total":14,"covered":1,"skipped":0,"pct":7.14},"statements":{"total":167,"covered":27,"skipped":0,"pct":16.16},"branches":{"total":65,"covered":0,"skipped":0,"pct":0}}
,"/Users/jeremyparker/Desktop/Claude Coding Projects/n8n-mcp-server/src/tools/instance-monitoring.ts": {"lines":{"total":212,"covered":185,"skipped":0,"pct":87.26},"functions":{"total":22,"covered":21,"skipped":0,"pct":95.45},"statements":{"total":214,"covered":186,"skipped":0,"pct":86.91},"branches":{"total":56,"covered":33,"skipped":0,"pct":58.92}}
,"/Users/jeremyparker/Desktop/Claude Coding Projects/n8n-mcp-server/src/tools/monitoring.ts": {"lines":{"total":292,"covered":14,"skipped":0,"pct":4.79},"functions":{"total":37,"covered":1,"skipped":0,"pct":2.7},"statements":{"total":299,"covered":14,"skipped":0,"pct":4.68},"branches":{"total":147,"covered":0,"skipped":0,"pct":0}}
,"/Users/jeremyparker/Desktop/Claude Coding Projects/n8n-mcp-server/src/tools/node-management.ts": {"lines":{"total":232,"covered":21,"skipped":0,"pct":9.05},"functions":{"total":38,"covered":1,"skipped":0,"pct":2.63},"statements":{"total":239,"covered":21,"skipped":0,"pct":8.78},"branches":{"total":115,"covered":0,"skipped":0,"pct":0}}
,"/Users/jeremyparker/Desktop/Claude Coding Projects/n8n-mcp-server/src/tools/performance-metrics.ts": {"lines":{"total":391,"covered":25,"skipped":0,"pct":6.39},"functions":{"total":55,"covered":1,"skipped":0,"pct":1.81},"statements":{"total":420,"covered":25,"skipped":0,"pct":5.95},"branches":{"total":145,"covered":0,"skipped":0,"pct":0}}
,"/Users/jeremyparker/Desktop/Claude Coding Projects/n8n-mcp-server/src/tools/projects.ts": {"lines":{"total":74,"covered":74,"skipped":0,"pct":100},"functions":{"total":6,"covered":6,"skipped":0,"pct":100},"statements":{"total":76,"covered":76,"skipped":0,"pct":100},"branches":{"total":22,"covered":20,"skipped":0,"pct":90.9}}
,"/Users/jeremyparker/Desktop/Claude Coding Projects/n8n-mcp-server/src/tools/resource-transfer.ts": {"lines":{"total":193,"covered":28,"skipped":0,"pct":14.5},"functions":{"total":12,"covered":1,"skipped":0,"pct":8.33},"statements":{"total":193,"covered":28,"skipped":0,"pct":14.5},"branches":{"total":68,"covered":0,"skipped":0,"pct":0}}
,"/Users/jeremyparker/Desktop/Claude Coding Projects/n8n-mcp-server/src/tools/source-control.ts": {"lines":{"total":139,"covered":14,"skipped":0,"pct":10.07},"functions":{"total":20,"covered":1,"skipped":0,"pct":5},"statements":{"total":142,"covered":14,"skipped":0,"pct":9.85},"branches":{"total":75,"covered":0,"skipped":0,"pct":0}}
,"/Users/jeremyparker/Desktop/Claude Coding Projects/n8n-mcp-server/src/tools/system-health.ts": {"lines":{"total":237,"covered":20,"skipped":0,"pct":8.43},"functions":{"total":28,"covered":1,"skipped":0,"pct":3.57},"statements":{"total":250,"covered":20,"skipped":0,"pct":8},"branches":{"total":110,"covered":0,"skipped":0,"pct":0}}
,"/Users/jeremyparker/Desktop/Claude Coding Projects/n8n-mcp-server/src/tools/tags.ts": {"lines":{"total":115,"covered":115,"skipped":0,"pct":100},"functions":{"total":10,"covered":10,"skipped":0,"pct":100},"statements":{"total":117,"covered":117,"skipped":0,"pct":100},"branches":{"total":25,"covered":25,"skipped":0,"pct":100}}
,"/Users/jeremyparker/Desktop/Claude Coding Projects/n8n-mcp-server/src/tools/templates.ts": {"lines":{"total":595,"covered":15,"skipped":0,"pct":2.52},"functions":{"total":73,"covered":1,"skipped":0,"pct":1.36},"statements":{"total":616,"covered":15,"skipped":0,"pct":2.43},"branches":{"total":295,"covered":0,"skipped":0,"pct":0}}
,"/Users/jeremyparker/Desktop/Claude Coding Projects/n8n-mcp-server/src/tools/users.ts": {"lines":{"total":90,"covered":90,"skipped":0,"pct":100},"functions":{"total":7,"covered":7,"skipped":0,"pct":100},"statements":{"total":92,"covered":92,"skipped":0,"pct":100},"branches":{"total":25,"covered":25,"skipped":0,"pct":100}}
,"/Users/jeremyparker/Desktop/Claude Coding Projects/n8n-mcp-server/src/tools/variables.ts": {"lines":{"total":61,"covered":61,"skipped":0,"pct":100},"functions":{"total":5,"covered":5,"skipped":0,"pct":100},"statements":{"total":63,"covered":63,"skipped":0,"pct":100},"branches":{"total":19,"covered":17,"skipped":0,"pct":89.47}}
,"/Users/jeremyparker/Desktop/Claude Coding Projects/n8n-mcp-server/src/tools/workflow-development.ts": {"lines":{"total":112,"covered":18,"skipped":0,"pct":16.07},"functions":{"total":11,"covered":1,"skipped":0,"pct":9.09},"statements":{"total":115,"covered":18,"skipped":0,"pct":15.65},"branches":{"total":70,"covered":0,"skipped":0,"pct":0}}
,"/Users/jeremyparker/Desktop/Claude Coding Projects/n8n-mcp-server/src/tools/workflow.ts": {"lines":{"total":112,"covered":112,"skipped":0,"pct":100},"functions":{"total":10,"covered":10,"skipped":0,"pct":100},"statements":{"total":114,"covered":114,"skipped":0,"pct":100},"branches":{"total":50,"covered":46,"skipped":0,"pct":92}}
,"/Users/jeremyparker/Desktop/Claude Coding Projects/n8n-mcp-server/src/transport/connectionManager.ts": {"lines":{"total":193,"covered":0,"skipped":0,"pct":0},"functions":{"total":42,"covered":0,"skipped":0,"pct":0},"statements":{"total":200,"covered":0,"skipped":0,"pct":0},"branches":{"total":63,"covered":0,"skipped":0,"pct":0}}
,"/Users/jeremyparker/Desktop/Claude Coding Projects/n8n-mcp-server/src/transport/eventStreamingManager.ts": {"lines":{"total":111,"covered":0,"skipped":0,"pct":0},"functions":{"total":28,"covered":0,"skipped":0,"pct":0},"statements":{"total":111,"covered":0,"skipped":0,"pct":0},"branches":{"total":37,"covered":0,"skipped":0,"pct":0}}
,"/Users/jeremyparker/Desktop/Claude Coding Projects/n8n-mcp-server/src/transport/progressMonitor.ts": {"lines":{"total":185,"covered":0,"skipped":0,"pct":0},"functions":{"total":45,"covered":0,"skipped":0,"pct":0},"statements":{"total":198,"covered":0,"skipped":0,"pct":0},"branches":{"total":80,"covered":0,"skipped":0,"pct":0}}
,"/Users/jeremyparker/Desktop/Claude Coding Projects/n8n-mcp-server/src/transport/sseTransport.ts": {"lines":{"total":67,"covered":67,"skipped":0,"pct":100},"functions":{"total":9,"covered":9,"skipped":0,"pct":100},"statements":{"total":73,"covered":71,"skipped":0,"pct":97.26},"branches":{"total":23,"covered":21,"skipped":0,"pct":91.3}}
,"/Users/jeremyparker/Desktop/Claude Coding Projects/n8n-mcp-server/src/transport/transportConfig.ts": {"lines":{"total":32,"covered":32,"skipped":0,"pct":100},"functions":{"total":4,"covered":4,"skipped":0,"pct":100},"statements":{"total":32,"covered":32,"skipped":0,"pct":100},"branches":{"total":39,"covered":39,"skipped":0,"pct":100}}
,"/Users/jeremyparker/Desktop/Claude Coding Projects/n8n-mcp-server/src/transport/websocketAuth.ts": {"lines":{"total":130,"covered":0,"skipped":0,"pct":0},"functions":{"total":25,"covered":0,"skipped":0,"pct":0},"statements":{"total":130,"covered":0,"skipped":0,"pct":0},"branches":{"total":64,"covered":0,"skipped":0,"pct":0}}
,"/Users/jeremyparker/Desktop/Claude Coding Projects/n8n-mcp-server/src/transport/websocketClient.ts": {"lines":{"total":120,"covered":0,"skipped":0,"pct":0},"functions":{"total":28,"covered":0,"skipped":0,"pct":0},"statements":{"total":120,"covered":0,"skipped":0,"pct":0},"branches":{"total":39,"covered":0,"skipped":0,"pct":0}}
,"/Users/jeremyparker/Desktop/Claude Coding Projects/n8n-mcp-server/src/types/mcpTypes.ts": {"lines":{"total":9,"covered":0,"skipped":0,"pct":0},"functions":{"total":1,"covered":0,"skipped":0,"pct":0},"statements":{"total":9,"covered":0,"skipped":0,"pct":0},"branches":{"total":2,"covered":0,"skipped":0,"pct":0}}
,"/Users/jeremyparker/Desktop/Claude Coding Projects/n8n-mcp-server/src/utils/documentationAccess.ts": {"lines":{"total":30,"covered":2,"skipped":0,"pct":6.66},"functions":{"total":9,"covered":0,"skipped":0,"pct":0},"statements":{"total":31,"covered":2,"skipped":0,"pct":6.45},"branches":{"total":27,"covered":0,"skipped":0,"pct":0}}
,"/Users/jeremyparker/Desktop/Claude Coding Projects/n8n-mcp-server/src/utils/executionBridge.ts": {"lines":{"total":126,"covered":0,"skipped":0,"pct":0},"functions":{"total":25,"covered":0,"skipped":0,"pct":0},"statements":{"total":129,"covered":0,"skipped":0,"pct":0},"branches":{"total":60,"covered":0,"skipped":0,"pct":0}}
,"/Users/jeremyparker/Desktop/Claude Coding Projects/n8n-mcp-server/src/utils/executionState.ts": {"lines":{"total":224,"covered":4,"skipped":0,"pct":1.78},"functions":{"total":50,"covered":0,"skipped":0,"pct":0},"statements":{"total":239,"covered":4,"skipped":0,"pct":1.67},"branches":{"total":131,"covered":0,"skipped":0,"pct":0}}
,"/Users/jeremyparker/Desktop/Claude Coding Projects/n8n-mcp-server/src/utils/exportUtils.ts": {"lines":{"total":91,"covered":1,"skipped":0,"pct":1.09},"functions":{"total":30,"covered":0,"skipped":0,"pct":0},"statements":{"total":99,"covered":1,"skipped":0,"pct":1.01},"branches":{"total":58,"covered":0,"skipped":0,"pct":0}}
,"/Users/jeremyparker/Desktop/Claude Coding Projects/n8n-mcp-server/src/utils/fileHandling.ts": {"lines":{"total":191,"covered":28,"skipped":0,"pct":14.65},"functions":{"total":27,"covered":4,"skipped":0,"pct":14.81},"statements":{"total":196,"covered":28,"skipped":0,"pct":14.28},"branches":{"total":93,"covered":18,"skipped":0,"pct":19.35}}
,"/Users/jeremyparker/Desktop/Claude Coding Projects/n8n-mcp-server/src/utils/importUtils.ts": {"lines":{"total":143,"covered":1,"skipped":0,"pct":0.69},"functions":{"total":24,"covered":0,"skipped":0,"pct":0},"statements":{"total":154,"covered":1,"skipped":0,"pct":0.64},"branches":{"total":61,"covered":0,"skipped":0,"pct":0}}
,"/Users/jeremyparker/Desktop/Claude Coding Projects/n8n-mcp-server/src/utils/mcpParser.ts": {"lines":{"total":104,"covered":0,"skipped":0,"pct":0},"functions":{"total":16,"covered":0,"skipped":0,"pct":0},"statements":{"total":111,"covered":0,"skipped":0,"pct":0},"branches":{"total":84,"covered":0,"skipped":0,"pct":0}}
,"/Users/jeremyparker/Desktop/Claude Coding Projects/n8n-mcp-server/src/utils/nodeAnalysis.ts": {"lines":{"total":185,"covered":3,"skipped":0,"pct":1.62},"functions":{"total":37,"covered":1,"skipped":0,"pct":2.7},"statements":{"total":203,"covered":3,"skipped":0,"pct":1.47},"branches":{"total":138,"covered":0,"skipped":0,"pct":0}}
,"/Users/jeremyparker/Desktop/Claude Coding Projects/n8n-mcp-server/src/utils/nodeGenerator.ts": {"lines":{"total":105,"covered":99,"skipped":0,"pct":94.28},"functions":{"total":23,"covered":22,"skipped":0,"pct":95.65},"statements":{"total":109,"covered":103,"skipped":0,"pct":94.49},"branches":{"total":70,"covered":54,"skipped":0,"pct":77.14}}
,"/Users/jeremyparker/Desktop/Claude Coding Projects/n8n-mcp-server/src/utils/parameterMapper.ts": {"lines":{"total":173,"covered":155,"skipped":0,"pct":89.59},"functions":{"total":19,"covered":19,"skipped":0,"pct":100},"statements":{"total":181,"covered":163,"skipped":0,"pct":90.05},"branches":{"total":156,"covered":132,"skipped":0,"pct":84.61}}
,"/Users/jeremyparker/Desktop/Claude Coding Projects/n8n-mcp-server/src/utils/resourceMonitor.ts": {"lines":{"total":141,"covered":124,"skipped":0,"pct":87.94},"functions":{"total":41,"covered":32,"skipped":0,"pct":78.04},"statements":{"total":152,"covered":130,"skipped":0,"pct":85.52},"branches":{"total":60,"covered":45,"skipped":0,"pct":75}}
,"/Users/jeremyparker/Desktop/Claude Coding Projects/n8n-mcp-server/src/utils/variableDiscovery.ts": {"lines":{"total":65,"covered":2,"skipped":0,"pct":3.07},"functions":{"total":18,"covered":0,"skipped":0,"pct":0},"statements":{"total":67,"covered":2,"skipped":0,"pct":2.98},"branches":{"total":38,"covered":0,"skipped":0,"pct":0}}
}
