{"total": {"lines":{"total":3789,"covered":1571,"skipped":0,"pct":41.46},"statements":{"total":3928,"covered":1614,"skipped":0,"pct":41.08},"functions":{"total":591,"covered":245,"skipped":0,"pct":41.45},"branches":{"total":1865,"covered":576,"skipped":0,"pct":30.88},"branchesTrue":{"total":0,"covered":0,"skipped":0,"pct":100}}
,"/Users/jeremyparker/Desktop/Claude Coding Projects/n8n-mcp-server/src/index-fastmcp.ts": {"lines":{"total":80,"covered":12,"skipped":0,"pct":15},"functions":{"total":7,"covered":0,"skipped":0,"pct":0},"statements":{"total":81,"covered":12,"skipped":0,"pct":14.81},"branches":{"total":8,"covered":0,"skipped":0,"pct":0}}
,"/Users/jeremyparker/Desktop/Claude Coding Projects/n8n-mcp-server/src/index.ts": {"lines":{"total":351,"covered":310,"skipped":0,"pct":88.31},"functions":{"total":39,"covered":38,"skipped":0,"pct":97.43},"statements":{"total":359,"covered":318,"skipped":0,"pct":88.57},"branches":{"total":160,"covered":95,"skipped":0,"pct":59.37}}
,"/Users/jeremyparker/Desktop/Claude Coding Projects/n8n-mcp-server/src/auth/authProvider.ts": {"lines":{"total":27,"covered":27,"skipped":0,"pct":100},"functions":{"total":3,"covered":3,"skipped":0,"pct":100},"statements":{"total":27,"covered":27,"skipped":0,"pct":100},"branches":{"total":14,"covered":14,"skipped":0,"pct":100}}
,"/Users/jeremyparker/Desktop/Claude Coding Projects/n8n-mcp-server/src/auth/middleware.ts": {"lines":{"total":72,"covered":72,"skipped":0,"pct":100},"functions":{"total":21,"covered":21,"skipped":0,"pct":100},"statements":{"total":73,"covered":73,"skipped":0,"pct":100},"branches":{"total":37,"covered":37,"skipped":0,"pct":100}}
,"/Users/jeremyparker/Desktop/Claude Coding Projects/n8n-mcp-server/src/auth/n8nAuth.ts": {"lines":{"total":75,"covered":69,"skipped":0,"pct":92},"functions":{"total":13,"covered":13,"skipped":0,"pct":100},"statements":{"total":75,"covered":69,"skipped":0,"pct":92},"branches":{"total":44,"covered":33,"skipped":0,"pct":75}}
,"/Users/jeremyparker/Desktop/Claude Coding Projects/n8n-mcp-server/src/client/n8nClient.ts": {"lines":{"total":83,"covered":83,"skipped":0,"pct":100},"functions":{"total":37,"covered":37,"skipped":0,"pct":100},"statements":{"total":97,"covered":97,"skipped":0,"pct":100},"branches":{"total":43,"covered":43,"skipped":0,"pct":100}}
,"/Users/jeremyparker/Desktop/Claude Coding Projects/n8n-mcp-server/src/resources/executionResources.ts": {"lines":{"total":175,"covered":169,"skipped":0,"pct":96.57},"functions":{"total":38,"covered":38,"skipped":0,"pct":100},"statements":{"total":179,"covered":173,"skipped":0,"pct":96.64},"branches":{"total":97,"covered":77,"skipped":0,"pct":79.38}}
,"/Users/jeremyparker/Desktop/Claude Coding Projects/n8n-mcp-server/src/resources/resourceManager.ts": {"lines":{"total":78,"covered":78,"skipped":0,"pct":100},"functions":{"total":27,"covered":27,"skipped":0,"pct":100},"statements":{"total":78,"covered":78,"skipped":0,"pct":100},"branches":{"total":21,"covered":18,"skipped":0,"pct":85.71}}
,"/Users/jeremyparker/Desktop/Claude Coding Projects/n8n-mcp-server/src/resources/workflowResources.ts": {"lines":{"total":104,"covered":0,"skipped":0,"pct":0},"functions":{"total":29,"covered":0,"skipped":0,"pct":0},"statements":{"total":105,"covered":0,"skipped":0,"pct":0},"branches":{"total":41,"covered":0,"skipped":0,"pct":0}}
,"/Users/jeremyparker/Desktop/Claude Coding Projects/n8n-mcp-server/src/tools/ai-config.ts": {"lines":{"total":117,"covered":4,"skipped":0,"pct":3.41},"functions":{"total":18,"covered":0,"skipped":0,"pct":0},"statements":{"total":122,"covered":4,"skipped":0,"pct":3.27},"branches":{"total":104,"covered":0,"skipped":0,"pct":0}}
,"/Users/jeremyparker/Desktop/Claude Coding Projects/n8n-mcp-server/src/tools/ai-models.ts": {"lines":{"total":196,"covered":0,"skipped":0,"pct":0},"functions":{"total":38,"covered":0,"skipped":0,"pct":0},"statements":{"total":213,"covered":0,"skipped":0,"pct":0},"branches":{"total":99,"covered":0,"skipped":0,"pct":0}}
,"/Users/jeremyparker/Desktop/Claude Coding Projects/n8n-mcp-server/src/tools/ai-testing.ts": {"lines":{"total":113,"covered":0,"skipped":0,"pct":0},"functions":{"total":20,"covered":0,"skipped":0,"pct":0},"statements":{"total":121,"covered":0,"skipped":0,"pct":0},"branches":{"total":100,"covered":0,"skipped":0,"pct":0}}
,"/Users/jeremyparker/Desktop/Claude Coding Projects/n8n-mcp-server/src/tools/analytics.ts": {"lines":{"total":616,"covered":0,"skipped":0,"pct":0},"functions":{"total":118,"covered":0,"skipped":0,"pct":0},"statements":{"total":648,"covered":0,"skipped":0,"pct":0},"branches":{"total":348,"covered":0,"skipped":0,"pct":0}}
,"/Users/jeremyparker/Desktop/Claude Coding Projects/n8n-mcp-server/src/tools/audit.ts": {"lines":{"total":79,"covered":79,"skipped":0,"pct":100},"functions":{"total":7,"covered":7,"skipped":0,"pct":100},"statements":{"total":79,"covered":79,"skipped":0,"pct":100},"branches":{"total":28,"covered":28,"skipped":0,"pct":100}}
,"/Users/jeremyparker/Desktop/Claude Coding Projects/n8n-mcp-server/src/tools/credentials.ts": {"lines":{"total":117,"covered":117,"skipped":0,"pct":100},"functions":{"total":10,"covered":10,"skipped":0,"pct":100},"statements":{"total":119,"covered":119,"skipped":0,"pct":100},"branches":{"total":38,"covered":38,"skipped":0,"pct":100}}
,"/Users/jeremyparker/Desktop/Claude Coding Projects/n8n-mcp-server/src/tools/executions.ts": {"lines":{"total":74,"covered":0,"skipped":0,"pct":0},"functions":{"total":5,"covered":0,"skipped":0,"pct":0},"statements":{"total":76,"covered":0,"skipped":0,"pct":0},"branches":{"total":38,"covered":0,"skipped":0,"pct":0}}
,"/Users/jeremyparker/Desktop/Claude Coding Projects/n8n-mcp-server/src/tools/monitoring.ts": {"lines":{"total":289,"covered":0,"skipped":0,"pct":0},"functions":{"total":37,"covered":0,"skipped":0,"pct":0},"statements":{"total":296,"covered":0,"skipped":0,"pct":0},"branches":{"total":147,"covered":0,"skipped":0,"pct":0}}
,"/Users/jeremyparker/Desktop/Claude Coding Projects/n8n-mcp-server/src/tools/projects.ts": {"lines":{"total":74,"covered":74,"skipped":0,"pct":100},"functions":{"total":6,"covered":6,"skipped":0,"pct":100},"statements":{"total":76,"covered":76,"skipped":0,"pct":100},"branches":{"total":22,"covered":20,"skipped":0,"pct":90.9}}
,"/Users/jeremyparker/Desktop/Claude Coding Projects/n8n-mcp-server/src/tools/tags.ts": {"lines":{"total":115,"covered":115,"skipped":0,"pct":100},"functions":{"total":10,"covered":10,"skipped":0,"pct":100},"statements":{"total":117,"covered":117,"skipped":0,"pct":100},"branches":{"total":25,"covered":25,"skipped":0,"pct":100}}
,"/Users/jeremyparker/Desktop/Claude Coding Projects/n8n-mcp-server/src/tools/templates.ts": {"lines":{"total":592,"covered":0,"skipped":0,"pct":0},"functions":{"total":73,"covered":0,"skipped":0,"pct":0},"statements":{"total":613,"covered":0,"skipped":0,"pct":0},"branches":{"total":295,"covered":0,"skipped":0,"pct":0}}
,"/Users/jeremyparker/Desktop/Claude Coding Projects/n8n-mcp-server/src/tools/users.ts": {"lines":{"total":90,"covered":90,"skipped":0,"pct":100},"functions":{"total":7,"covered":7,"skipped":0,"pct":100},"statements":{"total":92,"covered":92,"skipped":0,"pct":100},"branches":{"total":25,"covered":25,"skipped":0,"pct":100}}
,"/Users/jeremyparker/Desktop/Claude Coding Projects/n8n-mcp-server/src/tools/variables.ts": {"lines":{"total":61,"covered":61,"skipped":0,"pct":100},"functions":{"total":5,"covered":5,"skipped":0,"pct":100},"statements":{"total":63,"covered":63,"skipped":0,"pct":100},"branches":{"total":19,"covered":17,"skipped":0,"pct":89.47}}
,"/Users/jeremyparker/Desktop/Claude Coding Projects/n8n-mcp-server/src/tools/workflow.ts": {"lines":{"total":112,"covered":112,"skipped":0,"pct":100},"functions":{"total":10,"covered":10,"skipped":0,"pct":100},"statements":{"total":114,"covered":114,"skipped":0,"pct":100},"branches":{"total":50,"covered":46,"skipped":0,"pct":92}}
,"/Users/jeremyparker/Desktop/Claude Coding Projects/n8n-mcp-server/src/transport/sseTransport.ts": {"lines":{"total":67,"covered":67,"skipped":0,"pct":100},"functions":{"total":9,"covered":9,"skipped":0,"pct":100},"statements":{"total":73,"covered":71,"skipped":0,"pct":97.26},"branches":{"total":23,"covered":21,"skipped":0,"pct":91.3}}
,"/Users/jeremyparker/Desktop/Claude Coding Projects/n8n-mcp-server/src/transport/transportConfig.ts": {"lines":{"total":32,"covered":32,"skipped":0,"pct":100},"functions":{"total":4,"covered":4,"skipped":0,"pct":100},"statements":{"total":32,"covered":32,"skipped":0,"pct":100},"branches":{"total":39,"covered":39,"skipped":0,"pct":100}}
}
