{"/Users/jeremyparker/Desktop/Claude Coding Projects/n8n-mcp-server/src/index-fastmcp.ts": {"path":"/Users/jeremyparker/Desktop/Claude Coding Projects/n8n-mcp-server/src/index-fastmcp.ts","statementMap":{"0":{"start":{"line":22,"column":34},"end":{"line":22,"column":38}},"1":{"start":{"line":25,"column":15},"end":{"line":48,"column":2}},"2":{"start":{"line":51,"column":18},"end":{"line":51,"column":33}},"3":{"start":{"line":51,"column":24},"end":{"line":51,"column":33}},"4":{"start":{"line":54,"column":18},"end":{"line":56,"column":1}},"5":{"start":{"line":55,"column":2},"end":{"line":55,"column":21}},"6":{"start":{"line":59,"column":0},"end":{"line":59,"column":39}},"7":{"start":{"line":60,"column":0},"end":{"line":60,"column":38}},"8":{"start":{"line":61,"column":0},"end":{"line":61,"column":35}},"9":{"start":{"line":62,"column":0},"end":{"line":62,"column":39}},"10":{"start":{"line":63,"column":0},"end":{"line":63,"column":40}},"11":{"start":{"line":64,"column":0},"end":{"line":64,"column":34}},"12":{"start":{"line":65,"column":0},"end":{"line":65,"column":41}},"13":{"start":{"line":66,"column":0},"end":{"line":66,"column":36}},"14":{"start":{"line":69,"column":0},"end":{"line":102,"column":3}},"15":{"start":{"line":84,"column":4},"end":{"line":100,"column":5}},"16":{"start":{"line":86,"column":21},"end":{"line":86,"column":61}},"17":{"start":{"line":89,"column":6},"end":{"line":89,"column":46}},"18":{"start":{"line":92,"column":6},"end":{"line":92,"column":24}},"19":{"start":{"line":94,"column":6},"end":{"line":94,"column":75}},"20":{"start":{"line":96,"column":6},"end":{"line":98,"column":7}},"21":{"start":{"line":97,"column":8},"end":{"line":97,"column":70}},"22":{"start":{"line":99,"column":6},"end":{"line":99,"column":69}},"23":{"start":{"line":105,"column":0},"end":{"line":129,"column":3}},"24":{"start":{"line":117,"column":4},"end":{"line":119,"column":5}},"25":{"start":{"line":118,"column":6},"end":{"line":118,"column":68}},"26":{"start":{"line":121,"column":4},"end":{"line":127,"column":5}},"27":{"start":{"line":123,"column":6},"end":{"line":123,"column":49}},"28":{"start":{"line":124,"column":6},"end":{"line":124,"column":52}},"29":{"start":{"line":126,"column":6},"end":{"line":126,"column":122}},"30":{"start":{"line":133,"column":2},"end":{"line":169,"column":3}},"31":{"start":{"line":135,"column":28},"end":{"line":135,"column":51}},"32":{"start":{"line":136,"column":28},"end":{"line":136,"column":68}},"33":{"start":{"line":138,"column":4},"end":{"line":138,"column":49}},"34":{"start":{"line":139,"column":4},"end":{"line":139,"column":62}},"35":{"start":{"line":141,"column":4},"end":{"line":163,"column":5}},"36":{"start":{"line":143,"column":6},"end":{"line":146,"column":7}},"37":{"start":{"line":144,"column":8},"end":{"line":144,"column":53}},"38":{"start":{"line":145,"column":8},"end":{"line":145,"column":24}},"39":{"start":{"line":149,"column":27},"end":{"line":149,"column":70}},"40":{"start":{"line":150,"column":6},"end":{"line":150,"column":33}},"41":{"start":{"line":153,"column":24},"end":{"line":153,"column":53}},"42":{"start":{"line":154,"column":6},"end":{"line":156,"column":7}},"43":{"start":{"line":155,"column":8},"end":{"line":155,"column":51}},"44":{"start":{"line":159,"column":6},"end":{"line":161,"column":9}},"45":{"start":{"line":162,"column":6},"end":{"line":162,"column":60}},"46":{"start":{"line":165,"column":4},"end":{"line":165,"column":46}},"47":{"start":{"line":167,"column":4},"end":{"line":167,"column":54}},"48":{"start":{"line":168,"column":4},"end":{"line":168,"column":20}},"49":{"start":{"line":173,"column":0},"end":{"line":173,"column":14}},"50":{"start":{"line":176,"column":0},"end":{"line":179,"column":3}},"51":{"start":{"line":177,"column":2},"end":{"line":177,"column":64}},"52":{"start":{"line":178,"column":2},"end":{"line":178,"column":18}},"53":{"start":{"line":181,"column":0},"end":{"line":184,"column":3}},"54":{"start":{"line":182,"column":2},"end":{"line":182,"column":65}},"55":{"start":{"line":183,"column":2},"end":{"line":183,"column":18}}},"fnMap":{"0":{"name":"(anonymous_0)","decl":{"start":{"line":51,"column":18},"end":{"line":51,"column":21}},"loc":{"start":{"line":51,"column":24},"end":{"line":51,"column":33}}},"1":{"name":"(anonymous_1)","decl":{"start":{"line":54,"column":18},"end":{"line":54,"column":19}},"loc":{"start":{"line":54,"column":40},"end":{"line":56,"column":1}}},"2":{"name":"(anonymous_2)","decl":{"start":{"line":83,"column":11},"end":{"line":83,"column":16}},"loc":{"start":{"line":83,"column":31},"end":{"line":101,"column":3}}},"3":{"name":"(anonymous_3)","decl":{"start":{"line":116,"column":11},"end":{"line":116,"column":16}},"loc":{"start":{"line":116,"column":22},"end":{"line":128,"column":3}}},"4":{"name":"startServer","decl":{"start":{"line":132,"column":15},"end":{"line":132,"column":26}},"loc":{"start":{"line":132,"column":26},"end":{"line":170,"column":1}}},"5":{"name":"(anonymous_5)","decl":{"start":{"line":176,"column":21},"end":{"line":176,"column":24}},"loc":{"start":{"line":176,"column":26},"end":{"line":179,"column":1}}},"6":{"name":"(anonymous_6)","decl":{"start":{"line":181,"column":22},"end":{"line":181,"column":25}},"loc":{"start":{"line":181,"column":27},"end":{"line":184,"column":1}}}},"branchMap":{"0":{"loc":{"start":{"line":96,"column":6},"end":{"line":98,"column":7}},"type":"if","locations":[{"start":{"line":96,"column":6},"end":{"line":98,"column":7}}]},"1":{"loc":{"start":{"line":117,"column":4},"end":{"line":119,"column":5}},"type":"if","locations":[{"start":{"line":117,"column":4},"end":{"line":119,"column":5}}]},"2":{"loc":{"start":{"line":126,"column":65},"end":{"line":126,"column":119}},"type":"cond-expr","locations":[{"start":{"line":126,"column":90},"end":{"line":126,"column":103}},{"start":{"line":126,"column":106},"end":{"line":126,"column":119}}]},"3":{"loc":{"start":{"line":141,"column":4},"end":{"line":163,"column":5}},"type":"if","locations":[{"start":{"line":141,"column":4},"end":{"line":163,"column":5}},{"start":{"line":157,"column":11},"end":{"line":163,"column":5}}]},"4":{"loc":{"start":{"line":143,"column":6},"end":{"line":146,"column":7}},"type":"if","locations":[{"start":{"line":143,"column":6},"end":{"line":146,"column":7}}]},"5":{"loc":{"start":{"line":154,"column":6},"end":{"line":156,"column":7}},"type":"if","locations":[{"start":{"line":154,"column":6},"end":{"line":156,"column":7}}]}},"s":{"0":0,"1":0,"2":0,"3":0,"4":0,"5":0,"6":0,"7":0,"8":0,"9":0,"10":0,"11":0,"12":0,"13":0,"14":0,"15":0,"16":0,"17":0,"18":0,"19":0,"20":0,"21":0,"22":0,"23":0,"24":0,"25":0,"26":0,"27":0,"28":0,"29":0,"30":0,"31":0,"32":0,"33":0,"34":0,"35":0,"36":0,"37":0,"38":0,"39":0,"40":0,"41":0,"42":0,"43":0,"44":0,"45":0,"46":0,"47":0,"48":0,"49":0,"50":0,"51":0,"52":0,"53":0,"54":0,"55":0},"f":{"0":0,"1":0,"2":0,"3":0,"4":0,"5":0,"6":0},"b":{"0":[0],"1":[0],"2":[0,0],"3":[0,0],"4":[0],"5":[0]}}
,"/Users/jeremyparker/Desktop/Claude Coding Projects/n8n-mcp-server/src/index.ts": {"path":"/Users/jeremyparker/Desktop/Claude Coding Projects/n8n-mcp-server/src/index.ts","statementMap":{"0":{"start":{"line":2219,"column":0},"end":{"line":2219,"column":7}},"1":{"start":{"line":3,"column":0},"end":{"line":3,"column":67}},"2":{"start":{"line":4,"column":0},"end":{"line":4,"column":81}},"3":{"start":{"line":5,"column":0},"end":{"line":5,"column":99}},"4":{"start":{"line":6,"column":0},"end":{"line":6,"column":31}},"5":{"start":{"line":102,"column":12},"end":{"line":102,"column":27}},"6":{"start":{"line":103,"column":12},"end":{"line":103,"column":26}},"7":{"start":{"line":106,"column":4},"end":{"line":106,"column":46}},"8":{"start":{"line":108,"column":4},"end":{"line":108,"column":25}},"9":{"start":{"line":112,"column":16},"end":{"line":112,"column":51}},"10":{"start":{"line":113,"column":20},"end":{"line":117,"column":6}},"11":{"start":{"line":119,"column":4},"end":{"line":156,"column":5}},"12":{"start":{"line":120,"column":23},"end":{"line":126,"column":8}},"13":{"start":{"line":128,"column":6},"end":{"line":143,"column":7}},"14":{"start":{"line":129,"column":26},"end":{"line":129,"column":47}},"15":{"start":{"line":131,"column":8},"end":{"line":141,"column":9}},"16":{"start":{"line":132,"column":28},"end":{"line":132,"column":49}},"17":{"start":{"line":134,"column":10},"end":{"line":138,"column":11}},"18":{"start":{"line":135,"column":12},"end":{"line":135,"column":149}},"19":{"start":{"line":137,"column":12},"end":{"line":137,"column":58}},"20":{"start":{"line":140,"column":10},"end":{"line":140,"column":35}},"21":{"start":{"line":142,"column":8},"end":{"line":142,"column":58}},"22":{"start":{"line":146,"column":6},"end":{"line":148,"column":7}},"23":{"start":{"line":147,"column":8},"end":{"line":147,"column":23}},"24":{"start":{"line":150,"column":6},"end":{"line":150,"column":42}},"25":{"start":{"line":152,"column":6},"end":{"line":154,"column":7}},"26":{"start":{"line":153,"column":8},"end":{"line":153,"column":70}},"27":{"start":{"line":155,"column":6},"end":{"line":155,"column":18}},"28":{"start":{"line":160,"column":4},"end":{"line":160,"column":59}},"29":{"start":{"line":164,"column":4},"end":{"line":164,"column":61}},"30":{"start":{"line":172,"column":4},"end":{"line":183,"column":7}},"31":{"start":{"line":187,"column":4},"end":{"line":190,"column":7}},"32":{"start":{"line":194,"column":4},"end":{"line":196,"column":7}},"33":{"start":{"line":200,"column":4},"end":{"line":202,"column":7}},"34":{"start":{"line":206,"column":4},"end":{"line":208,"column":7}},"35":{"start":{"line":213,"column":4},"end":{"line":213,"column":57}},"36":{"start":{"line":217,"column":4},"end":{"line":220,"column":7}},"37":{"start":{"line":224,"column":4},"end":{"line":226,"column":7}},"38":{"start":{"line":230,"column":4},"end":{"line":233,"column":7}},"39":{"start":{"line":238,"column":4},"end":{"line":238,"column":51}},"40":{"start":{"line":244,"column":4},"end":{"line":247,"column":7}},"41":{"start":{"line":251,"column":4},"end":{"line":251,"column":60}},"42":{"start":{"line":255,"column":4},"end":{"line":257,"column":7}},"43":{"start":{"line":262,"column":4},"end":{"line":262,"column":59}},"44":{"start":{"line":266,"column":4},"end":{"line":269,"column":7}},"45":{"start":{"line":273,"column":4},"end":{"line":275,"column":7}},"46":{"start":{"line":287,"column":19},"end":{"line":287,"column":40}},"47":{"start":{"line":288,"column":4},"end":{"line":289,"column":64}},"48":{"start":{"line":289,"column":6},"end":{"line":289,"column":64}},"49":{"start":{"line":290,"column":4},"end":{"line":290,"column":64}},"50":{"start":{"line":290,"column":24},"end":{"line":290,"column":64}},"51":{"start":{"line":291,"column":4},"end":{"line":291,"column":76}},"52":{"start":{"line":291,"column":28},"end":{"line":291,"column":76}},"53":{"start":{"line":292,"column":4},"end":{"line":292,"column":69}},"54":{"start":{"line":292,"column":23},"end":{"line":292,"column":69}},"55":{"start":{"line":294,"column":4},"end":{"line":294,"column":82}},"56":{"start":{"line":298,"column":19},"end":{"line":298,"column":40}},"57":{"start":{"line":299,"column":4},"end":{"line":299,"column":58}},"58":{"start":{"line":299,"column":21},"end":{"line":299,"column":58}},"59":{"start":{"line":301,"column":4},"end":{"line":301,"column":84}},"60":{"start":{"line":305,"column":4},"end":{"line":307,"column":7}},"61":{"start":{"line":312,"column":4},"end":{"line":315,"column":7}},"62":{"start":{"line":319,"column":19},"end":{"line":319,"column":40}},"63":{"start":{"line":320,"column":4},"end":{"line":320,"column":69}},"64":{"start":{"line":320,"column":23},"end":{"line":320,"column":69}},"65":{"start":{"line":322,"column":4},"end":{"line":322,"column":70}},"66":{"start":{"line":326,"column":4},"end":{"line":326,"column":51}},"67":{"start":{"line":330,"column":4},"end":{"line":333,"column":7}},"68":{"start":{"line":337,"column":4},"end":{"line":339,"column":7}},"69":{"start":{"line":343,"column":4},"end":{"line":343,"column":71}},"70":{"start":{"line":347,"column":4},"end":{"line":350,"column":7}},"71":{"start":{"line":360,"column":4},"end":{"line":368,"column":7}},"72":{"start":{"line":373,"column":4},"end":{"line":380,"column":7}},"73":{"start":{"line":384,"column":4},"end":{"line":386,"column":7}},"74":{"start":{"line":390,"column":4},"end":{"line":390,"column":73}},"75":{"start":{"line":2216,"column":26},"end":{"line":2216,"column":35}},"76":{"start":{"line":395,"column":15},"end":{"line":404,"column":null}},"77":{"start":{"line":2216,"column":9},"end":{"line":2216,"column":15}},"78":{"start":{"line":408,"column":16},"end":{"line":408,"column":44}},"79":{"start":{"line":2216,"column":17},"end":{"line":2216,"column":24}},"80":{"start":{"line":411,"column":0},"end":{"line":883,"column":3}},"81":{"start":{"line":412,"column":2},"end":{"line":882,"column":4}},"82":{"start":{"line":886,"column":0},"end":{"line":2213,"column":3}},"83":{"start":{"line":887,"column":36},"end":{"line":887,"column":50}},"84":{"start":{"line":889,"column":2},"end":{"line":2212,"column":3}},"85":{"start":{"line":891,"column":30},"end":{"line":891,"column":69}},"86":{"start":{"line":892,"column":6},"end":{"line":920,"column":7}},"87":{"start":{"line":893,"column":23},"end":{"line":893,"column":49}},"88":{"start":{"line":896,"column":8},"end":{"line":896,"column":37}},"89":{"start":{"line":899,"column":25},"end":{"line":899,"column":60}},"90":{"start":{"line":900,"column":8},"end":{"line":900,"column":38}},"91":{"start":{"line":902,"column":8},"end":{"line":909,"column":10}},"92":{"start":{"line":911,"column":8},"end":{"line":919,"column":10}},"93":{"start":{"line":924,"column":27},"end":{"line":924,"column":55}},"94":{"start":{"line":925,"column":21},"end":{"line":925,"column":42}},"95":{"start":{"line":926,"column":6},"end":{"line":936,"column":7}},"96":{"start":{"line":927,"column":8},"end":{"line":935,"column":10}},"97":{"start":{"line":938,"column":6},"end":{"line":967,"column":7}},"98":{"start":{"line":939,"column":26},"end":{"line":939,"column":54}},"99":{"start":{"line":940,"column":35},"end":{"line":947,"column":11}},"100":{"start":{"line":940,"column":61},"end":{"line":947,"column":10}},"101":{"start":{"line":949,"column":8},"end":{"line":956,"column":10}},"102":{"start":{"line":958,"column":8},"end":{"line":966,"column":10}},"103":{"start":{"line":971,"column":31},"end":{"line":971,"column":71}},"104":{"start":{"line":972,"column":21},"end":{"line":972,"column":42}},"105":{"start":{"line":973,"column":6},"end":{"line":983,"column":7}},"106":{"start":{"line":974,"column":8},"end":{"line":982,"column":10}},"107":{"start":{"line":985,"column":6},"end":{"line":1005,"column":7}},"108":{"start":{"line":986,"column":25},"end":{"line":986,"column":53}},"109":{"start":{"line":987,"column":8},"end":{"line":994,"column":10}},"110":{"start":{"line":996,"column":8},"end":{"line":1004,"column":10}},"111":{"start":{"line":1009,"column":41},"end":{"line":1009,"column":null}},"112":{"start":{"line":1015,"column":21},"end":{"line":1015,"column":42}},"113":{"start":{"line":1016,"column":6},"end":{"line":1026,"column":7}},"114":{"start":{"line":1017,"column":8},"end":{"line":1025,"column":10}},"115":{"start":{"line":1028,"column":6},"end":{"line":1048,"column":7}},"116":{"start":{"line":1029,"column":32},"end":{"line":1029,"column":73}},"117":{"start":{"line":1030,"column":8},"end":{"line":1037,"column":10}},"118":{"start":{"line":1039,"column":8},"end":{"line":1047,"column":10}},"119":{"start":{"line":1057,"column":10},"end":{"line":1057,"column":null}},"120":{"start":{"line":1064,"column":21},"end":{"line":1064,"column":42}},"121":{"start":{"line":1065,"column":6},"end":{"line":1075,"column":7}},"122":{"start":{"line":1066,"column":8},"end":{"line":1074,"column":10}},"123":{"start":{"line":1077,"column":6},"end":{"line":1097,"column":7}},"124":{"start":{"line":1078,"column":25},"end":{"line":1078,"column":78}},"125":{"start":{"line":1079,"column":8},"end":{"line":1086,"column":10}},"126":{"start":{"line":1088,"column":8},"end":{"line":1096,"column":10}},"127":{"start":{"line":1101,"column":31},"end":{"line":1101,"column":71}},"128":{"start":{"line":1102,"column":21},"end":{"line":1102,"column":42}},"129":{"start":{"line":1103,"column":6},"end":{"line":1113,"column":7}},"130":{"start":{"line":1104,"column":8},"end":{"line":1112,"column":10}},"131":{"start":{"line":1115,"column":6},"end":{"line":1135,"column":7}},"132":{"start":{"line":1116,"column":25},"end":{"line":1116,"column":56}},"133":{"start":{"line":1117,"column":8},"end":{"line":1124,"column":10}},"134":{"start":{"line":1126,"column":8},"end":{"line":1134,"column":10}},"135":{"start":{"line":1139,"column":31},"end":{"line":1139,"column":71}},"136":{"start":{"line":1140,"column":21},"end":{"line":1140,"column":42}},"137":{"start":{"line":1141,"column":6},"end":{"line":1151,"column":7}},"138":{"start":{"line":1142,"column":8},"end":{"line":1150,"column":10}},"139":{"start":{"line":1153,"column":6},"end":{"line":1173,"column":7}},"140":{"start":{"line":1154,"column":25},"end":{"line":1154,"column":58}},"141":{"start":{"line":1155,"column":8},"end":{"line":1162,"column":10}},"142":{"start":{"line":1164,"column":8},"end":{"line":1172,"column":10}},"143":{"start":{"line":1177,"column":31},"end":{"line":1177,"column":71}},"144":{"start":{"line":1178,"column":21},"end":{"line":1178,"column":42}},"145":{"start":{"line":1179,"column":6},"end":{"line":1189,"column":7}},"146":{"start":{"line":1180,"column":8},"end":{"line":1188,"column":10}},"147":{"start":{"line":1191,"column":6},"end":{"line":1211,"column":7}},"148":{"start":{"line":1192,"column":25},"end":{"line":1192,"column":60}},"149":{"start":{"line":1193,"column":8},"end":{"line":1200,"column":10}},"150":{"start":{"line":1202,"column":8},"end":{"line":1210,"column":10}},"151":{"start":{"line":1215,"column":27},"end":{"line":1215,"column":55}},"152":{"start":{"line":1216,"column":21},"end":{"line":1216,"column":42}},"153":{"start":{"line":1217,"column":6},"end":{"line":1227,"column":7}},"154":{"start":{"line":1218,"column":8},"end":{"line":1226,"column":10}},"155":{"start":{"line":1229,"column":6},"end":{"line":1249,"column":7}},"156":{"start":{"line":1230,"column":25},"end":{"line":1230,"column":52}},"157":{"start":{"line":1231,"column":8},"end":{"line":1238,"column":10}},"158":{"start":{"line":1240,"column":8},"end":{"line":1248,"column":10}},"159":{"start":{"line":1253,"column":33},"end":{"line":1253,"column":75}},"160":{"start":{"line":1254,"column":21},"end":{"line":1254,"column":42}},"161":{"start":{"line":1255,"column":6},"end":{"line":1265,"column":7}},"162":{"start":{"line":1256,"column":8},"end":{"line":1264,"column":10}},"163":{"start":{"line":1267,"column":6},"end":{"line":1287,"column":7}},"164":{"start":{"line":1268,"column":8},"end":{"line":1268,"column":41}},"165":{"start":{"line":1269,"column":8},"end":{"line":1276,"column":10}},"166":{"start":{"line":1278,"column":8},"end":{"line":1286,"column":10}},"167":{"start":{"line":1291,"column":38},"end":{"line":1291,"column":85}},"168":{"start":{"line":1292,"column":21},"end":{"line":1292,"column":42}},"169":{"start":{"line":1293,"column":6},"end":{"line":1303,"column":7}},"170":{"start":{"line":1294,"column":8},"end":{"line":1302,"column":10}},"171":{"start":{"line":1305,"column":6},"end":{"line":1325,"column":7}},"172":{"start":{"line":1306,"column":8},"end":{"line":1306,"column":46}},"173":{"start":{"line":1307,"column":8},"end":{"line":1314,"column":10}},"174":{"start":{"line":1316,"column":8},"end":{"line":1324,"column":10}},"175":{"start":{"line":1329,"column":44},"end":{"line":1329,"column":null}},"176":{"start":{"line":1334,"column":21},"end":{"line":1334,"column":42}},"177":{"start":{"line":1335,"column":6},"end":{"line":1345,"column":7}},"178":{"start":{"line":1336,"column":8},"end":{"line":1344,"column":10}},"179":{"start":{"line":1347,"column":6},"end":{"line":1367,"column":7}},"180":{"start":{"line":1348,"column":8},"end":{"line":1348,"column":52}},"181":{"start":{"line":1349,"column":8},"end":{"line":1356,"column":10}},"182":{"start":{"line":1358,"column":8},"end":{"line":1366,"column":10}},"183":{"start":{"line":1371,"column":27},"end":{"line":1371,"column":55}},"184":{"start":{"line":1372,"column":21},"end":{"line":1372,"column":42}},"185":{"start":{"line":1373,"column":6},"end":{"line":1383,"column":7}},"186":{"start":{"line":1374,"column":8},"end":{"line":1382,"column":10}},"187":{"start":{"line":1385,"column":6},"end":{"line":1405,"column":7}},"188":{"start":{"line":1386,"column":22},"end":{"line":1386,"column":46}},"189":{"start":{"line":1387,"column":8},"end":{"line":1394,"column":10}},"190":{"start":{"line":1396,"column":8},"end":{"line":1404,"column":10}},"191":{"start":{"line":1409,"column":34},"end":{"line":1409,"column":null}},"192":{"start":{"line":1416,"column":21},"end":{"line":1416,"column":42}},"193":{"start":{"line":1417,"column":6},"end":{"line":1427,"column":7}},"194":{"start":{"line":1418,"column":8},"end":{"line":1426,"column":10}},"195":{"start":{"line":1429,"column":6},"end":{"line":1449,"column":7}},"196":{"start":{"line":1430,"column":23},"end":{"line":1430,"column":54}},"197":{"start":{"line":1431,"column":8},"end":{"line":1438,"column":10}},"198":{"start":{"line":1440,"column":8},"end":{"line":1448,"column":10}},"199":{"start":{"line":1453,"column":38},"end":{"line":1453,"column":85}},"200":{"start":{"line":1454,"column":21},"end":{"line":1454,"column":42}},"201":{"start":{"line":1455,"column":6},"end":{"line":1465,"column":7}},"202":{"start":{"line":1456,"column":8},"end":{"line":1464,"column":10}},"203":{"start":{"line":1467,"column":6},"end":{"line":1487,"column":7}},"204":{"start":{"line":1468,"column":21},"end":{"line":1468,"column":52}},"205":{"start":{"line":1469,"column":8},"end":{"line":1476,"column":10}},"206":{"start":{"line":1478,"column":8},"end":{"line":1486,"column":10}},"207":{"start":{"line":1491,"column":38},"end":{"line":1491,"column":85}},"208":{"start":{"line":1492,"column":21},"end":{"line":1492,"column":42}},"209":{"start":{"line":1493,"column":6},"end":{"line":1503,"column":7}},"210":{"start":{"line":1494,"column":8},"end":{"line":1502,"column":10}},"211":{"start":{"line":1505,"column":6},"end":{"line":1525,"column":7}},"212":{"start":{"line":1506,"column":8},"end":{"line":1506,"column":43}},"213":{"start":{"line":1507,"column":8},"end":{"line":1514,"column":10}},"214":{"start":{"line":1516,"column":8},"end":{"line":1524,"column":10}},"215":{"start":{"line":1529,"column":27},"end":{"line":1529,"column":55}},"216":{"start":{"line":1530,"column":21},"end":{"line":1530,"column":42}},"217":{"start":{"line":1531,"column":6},"end":{"line":1541,"column":7}},"218":{"start":{"line":1532,"column":8},"end":{"line":1540,"column":10}},"219":{"start":{"line":1543,"column":6},"end":{"line":1563,"column":7}},"220":{"start":{"line":1544,"column":26},"end":{"line":1544,"column":54}},"221":{"start":{"line":1545,"column":8},"end":{"line":1552,"column":10}},"222":{"start":{"line":1554,"column":8},"end":{"line":1562,"column":10}},"223":{"start":{"line":1567,"column":39},"end":{"line":1567,"column":95}},"224":{"start":{"line":1568,"column":21},"end":{"line":1568,"column":42}},"225":{"start":{"line":1569,"column":6},"end":{"line":1579,"column":7}},"226":{"start":{"line":1570,"column":8},"end":{"line":1578,"column":10}},"227":{"start":{"line":1581,"column":6},"end":{"line":1601,"column":7}},"228":{"start":{"line":1582,"column":8},"end":{"line":1582,"column":48}},"229":{"start":{"line":1583,"column":8},"end":{"line":1590,"column":10}},"230":{"start":{"line":1592,"column":8},"end":{"line":1600,"column":10}},"231":{"start":{"line":1605,"column":31},"end":{"line":1605,"column":71}},"232":{"start":{"line":1606,"column":21},"end":{"line":1606,"column":42}},"233":{"start":{"line":1607,"column":6},"end":{"line":1617,"column":7}},"234":{"start":{"line":1608,"column":8},"end":{"line":1616,"column":10}},"235":{"start":{"line":1619,"column":6},"end":{"line":1639,"column":7}},"236":{"start":{"line":1620,"column":8},"end":{"line":1620,"column":40}},"237":{"start":{"line":1621,"column":8},"end":{"line":1628,"column":10}},"238":{"start":{"line":1630,"column":8},"end":{"line":1638,"column":10}},"239":{"start":{"line":1643,"column":45},"end":{"line":1643,"column":null}},"240":{"start":{"line":1649,"column":21},"end":{"line":1649,"column":42}},"241":{"start":{"line":1650,"column":6},"end":{"line":1660,"column":7}},"242":{"start":{"line":1651,"column":8},"end":{"line":1659,"column":10}},"243":{"start":{"line":1662,"column":6},"end":{"line":1682,"column":7}},"244":{"start":{"line":1663,"column":27},"end":{"line":1663,"column":74}},"245":{"start":{"line":1664,"column":8},"end":{"line":1671,"column":10}},"246":{"start":{"line":1673,"column":8},"end":{"line":1681,"column":10}},"247":{"start":{"line":1686,"column":31},"end":{"line":1686,"column":71}},"248":{"start":{"line":1687,"column":21},"end":{"line":1687,"column":42}},"249":{"start":{"line":1688,"column":6},"end":{"line":1698,"column":7}},"250":{"start":{"line":1689,"column":8},"end":{"line":1697,"column":10}},"251":{"start":{"line":1700,"column":6},"end":{"line":1720,"column":7}},"252":{"start":{"line":1701,"column":23},"end":{"line":1701,"column":56}},"253":{"start":{"line":1702,"column":8},"end":{"line":1709,"column":10}},"254":{"start":{"line":1711,"column":8},"end":{"line":1719,"column":10}},"255":{"start":{"line":1724,"column":47},"end":{"line":1724,"column":null}},"256":{"start":{"line":1728,"column":21},"end":{"line":1728,"column":42}},"257":{"start":{"line":1729,"column":6},"end":{"line":1739,"column":7}},"258":{"start":{"line":1730,"column":8},"end":{"line":1738,"column":10}},"259":{"start":{"line":1741,"column":6},"end":{"line":1761,"column":7}},"260":{"start":{"line":1742,"column":23},"end":{"line":1742,"column":75}},"261":{"start":{"line":1743,"column":8},"end":{"line":1750,"column":10}},"262":{"start":{"line":1752,"column":8},"end":{"line":1760,"column":10}},"263":{"start":{"line":1766,"column":67},"end":{"line":1766,"column":null}},"264":{"start":{"line":1773,"column":21},"end":{"line":1773,"column":42}},"265":{"start":{"line":1774,"column":6},"end":{"line":1784,"column":7}},"266":{"start":{"line":1775,"column":8},"end":{"line":1783,"column":10}},"267":{"start":{"line":1786,"column":6},"end":{"line":1806,"column":7}},"268":{"start":{"line":1787,"column":27},"end":{"line":1787,"column":97}},"269":{"start":{"line":1788,"column":8},"end":{"line":1795,"column":10}},"270":{"start":{"line":1797,"column":8},"end":{"line":1805,"column":10}},"271":{"start":{"line":1810,"column":44},"end":{"line":1810,"column":null}},"272":{"start":{"line":1815,"column":21},"end":{"line":1815,"column":42}},"273":{"start":{"line":1816,"column":6},"end":{"line":1826,"column":7}},"274":{"start":{"line":1817,"column":8},"end":{"line":1825,"column":10}},"275":{"start":{"line":1828,"column":6},"end":{"line":1848,"column":7}},"276":{"start":{"line":1829,"column":26},"end":{"line":1829,"column":68}},"277":{"start":{"line":1830,"column":8},"end":{"line":1837,"column":10}},"278":{"start":{"line":1839,"column":8},"end":{"line":1847,"column":10}},"279":{"start":{"line":1852,"column":31},"end":{"line":1852,"column":71}},"280":{"start":{"line":1853,"column":21},"end":{"line":1853,"column":42}},"281":{"start":{"line":1854,"column":6},"end":{"line":1864,"column":7}},"282":{"start":{"line":1855,"column":8},"end":{"line":1863,"column":10}},"283":{"start":{"line":1866,"column":6},"end":{"line":1886,"column":7}},"284":{"start":{"line":1867,"column":26},"end":{"line":1867,"column":58}},"285":{"start":{"line":1868,"column":8},"end":{"line":1875,"column":10}},"286":{"start":{"line":1877,"column":8},"end":{"line":1885,"column":10}},"287":{"start":{"line":1891,"column":33},"end":{"line":1891,"column":75}},"288":{"start":{"line":1892,"column":21},"end":{"line":1892,"column":42}},"289":{"start":{"line":1893,"column":6},"end":{"line":1903,"column":7}},"290":{"start":{"line":1894,"column":8},"end":{"line":1902,"column":10}},"291":{"start":{"line":1905,"column":6},"end":{"line":1925,"column":7}},"292":{"start":{"line":1906,"column":20},"end":{"line":1906,"column":48}},"293":{"start":{"line":1907,"column":8},"end":{"line":1914,"column":10}},"294":{"start":{"line":1916,"column":8},"end":{"line":1924,"column":10}},"295":{"start":{"line":1929,"column":34},"end":{"line":1929,"column":78}},"296":{"start":{"line":1930,"column":21},"end":{"line":1930,"column":42}},"297":{"start":{"line":1931,"column":6},"end":{"line":1941,"column":7}},"298":{"start":{"line":1932,"column":8},"end":{"line":1940,"column":10}},"299":{"start":{"line":1943,"column":6},"end":{"line":1963,"column":7}},"300":{"start":{"line":1944,"column":21},"end":{"line":1944,"column":52}},"301":{"start":{"line":1945,"column":8},"end":{"line":1952,"column":10}},"302":{"start":{"line":1954,"column":8},"end":{"line":1962,"column":10}},"303":{"start":{"line":1967,"column":31},"end":{"line":1967,"column":71}},"304":{"start":{"line":1968,"column":21},"end":{"line":1968,"column":42}},"305":{"start":{"line":1969,"column":6},"end":{"line":1979,"column":7}},"306":{"start":{"line":1970,"column":8},"end":{"line":1978,"column":10}},"307":{"start":{"line":1981,"column":6},"end":{"line":2001,"column":7}},"308":{"start":{"line":1982,"column":20},"end":{"line":1982,"column":43}},"309":{"start":{"line":1983,"column":8},"end":{"line":1990,"column":10}},"310":{"start":{"line":1992,"column":8},"end":{"line":2000,"column":10}},"311":{"start":{"line":2005,"column":37},"end":{"line":2005,"column":91}},"312":{"start":{"line":2006,"column":21},"end":{"line":2006,"column":42}},"313":{"start":{"line":2007,"column":6},"end":{"line":2017,"column":7}},"314":{"start":{"line":2008,"column":8},"end":{"line":2016,"column":10}},"315":{"start":{"line":2019,"column":6},"end":{"line":2039,"column":7}},"316":{"start":{"line":2020,"column":20},"end":{"line":2020,"column":52}},"317":{"start":{"line":2021,"column":8},"end":{"line":2028,"column":10}},"318":{"start":{"line":2030,"column":8},"end":{"line":2038,"column":10}},"319":{"start":{"line":2043,"column":31},"end":{"line":2043,"column":71}},"320":{"start":{"line":2044,"column":21},"end":{"line":2044,"column":42}},"321":{"start":{"line":2045,"column":6},"end":{"line":2055,"column":7}},"322":{"start":{"line":2046,"column":8},"end":{"line":2054,"column":10}},"323":{"start":{"line":2057,"column":6},"end":{"line":2077,"column":7}},"324":{"start":{"line":2058,"column":20},"end":{"line":2058,"column":46}},"325":{"start":{"line":2059,"column":8},"end":{"line":2066,"column":10}},"326":{"start":{"line":2068,"column":8},"end":{"line":2076,"column":10}},"327":{"start":{"line":2081,"column":39},"end":{"line":2081,"column":87}},"328":{"start":{"line":2082,"column":21},"end":{"line":2082,"column":42}},"329":{"start":{"line":2083,"column":6},"end":{"line":2093,"column":7}},"330":{"start":{"line":2084,"column":8},"end":{"line":2092,"column":10}},"331":{"start":{"line":2095,"column":6},"end":{"line":2115,"column":7}},"332":{"start":{"line":2096,"column":21},"end":{"line":2096,"column":61}},"333":{"start":{"line":2097,"column":8},"end":{"line":2104,"column":10}},"334":{"start":{"line":2106,"column":8},"end":{"line":2114,"column":10}},"335":{"start":{"line":2119,"column":47},"end":{"line":2119,"column":null}},"336":{"start":{"line":2124,"column":21},"end":{"line":2124,"column":42}},"337":{"start":{"line":2125,"column":6},"end":{"line":2135,"column":7}},"338":{"start":{"line":2126,"column":8},"end":{"line":2134,"column":10}},"339":{"start":{"line":2137,"column":6},"end":{"line":2157,"column":7}},"340":{"start":{"line":2138,"column":21},"end":{"line":2138,"column":72}},"341":{"start":{"line":2139,"column":8},"end":{"line":2146,"column":10}},"342":{"start":{"line":2148,"column":8},"end":{"line":2156,"column":10}},"343":{"start":{"line":2161,"column":62},"end":{"line":2161,"column":null}},"344":{"start":{"line":2166,"column":21},"end":{"line":2166,"column":42}},"345":{"start":{"line":2167,"column":6},"end":{"line":2177,"column":7}},"346":{"start":{"line":2168,"column":8},"end":{"line":2176,"column":10}},"347":{"start":{"line":2179,"column":6},"end":{"line":2199,"column":7}},"348":{"start":{"line":2180,"column":22},"end":{"line":2180,"column":87}},"349":{"start":{"line":2181,"column":8},"end":{"line":2188,"column":10}},"350":{"start":{"line":2190,"column":8},"end":{"line":2198,"column":10}},"351":{"start":{"line":2203,"column":6},"end":{"line":2211,"column":8}},"352":{"start":{"line":2220,"column":20},"end":{"line":2220,"column":46}},"353":{"start":{"line":2221,"column":2},"end":{"line":2221,"column":34}},"354":{"start":{"line":2222,"column":2},"end":{"line":2222,"column":51}},"355":{"start":{"line":2227,"column":0},"end":{"line":2236,"column":1}},"356":{"start":{"line":2232,"column":2},"end":{"line":2235,"column":5}},"357":{"start":{"line":2233,"column":4},"end":{"line":2233,"column":52}},"358":{"start":{"line":2234,"column":4},"end":{"line":2234,"column":20}}},"fnMap":{"0":{"name":"(anonymous_1)","decl":{"start":{"line":101,"column":2},"end":{"line":101,"column":null}},"loc":{"start":{"line":103,"column":26},"end":{"line":109,"column":3}}},"1":{"name":"(anonymous_2)","decl":{"start":{"line":111,"column":10},"end":{"line":111,"column":15}},"loc":{"start":{"line":111,"column":66},"end":{"line":157,"column":3}}},"2":{"name":"(anonymous_3)","decl":{"start":{"line":159,"column":2},"end":{"line":159,"column":7}},"loc":{"start":{"line":159,"column":21},"end":{"line":161,"column":3}}},"3":{"name":"(anonymous_4)","decl":{"start":{"line":163,"column":2},"end":{"line":163,"column":7}},"loc":{"start":{"line":163,"column":30},"end":{"line":165,"column":3}}},"4":{"name":"(anonymous_5)","decl":{"start":{"line":167,"column":2},"end":{"line":167,"column":7}},"loc":{"start":{"line":170,"column":25},"end":{"line":184,"column":3}}},"5":{"name":"(anonymous_6)","decl":{"start":{"line":186,"column":2},"end":{"line":186,"column":7}},"loc":{"start":{"line":186,"column":65},"end":{"line":191,"column":3}}},"6":{"name":"(anonymous_7)","decl":{"start":{"line":193,"column":2},"end":{"line":193,"column":7}},"loc":{"start":{"line":193,"column":33},"end":{"line":197,"column":3}}},"7":{"name":"(anonymous_8)","decl":{"start":{"line":199,"column":2},"end":{"line":199,"column":7}},"loc":{"start":{"line":199,"column":35},"end":{"line":203,"column":3}}},"8":{"name":"(anonymous_9)","decl":{"start":{"line":205,"column":2},"end":{"line":205,"column":7}},"loc":{"start":{"line":205,"column":37},"end":{"line":209,"column":3}}},"9":{"name":"(anonymous_10)","decl":{"start":{"line":212,"column":2},"end":{"line":212,"column":7}},"loc":{"start":{"line":212,"column":20},"end":{"line":214,"column":3}}},"10":{"name":"(anonymous_11)","decl":{"start":{"line":216,"column":2},"end":{"line":216,"column":7}},"loc":{"start":{"line":216,"column":34},"end":{"line":221,"column":3}}},"11":{"name":"(anonymous_12)","decl":{"start":{"line":223,"column":2},"end":{"line":223,"column":7}},"loc":{"start":{"line":223,"column":39},"end":{"line":227,"column":3}}},"12":{"name":"(anonymous_13)","decl":{"start":{"line":229,"column":2},"end":{"line":229,"column":7}},"loc":{"start":{"line":229,"column":53},"end":{"line":234,"column":3}}},"13":{"name":"(anonymous_14)","decl":{"start":{"line":237,"column":2},"end":{"line":237,"column":7}},"loc":{"start":{"line":237,"column":17},"end":{"line":239,"column":3}}},"14":{"name":"(anonymous_15)","decl":{"start":{"line":241,"column":2},"end":{"line":241,"column":7}},"loc":{"start":{"line":242,"column":76},"end":{"line":248,"column":3}}},"15":{"name":"(anonymous_16)","decl":{"start":{"line":250,"column":2},"end":{"line":250,"column":7}},"loc":{"start":{"line":250,"column":33},"end":{"line":252,"column":3}}},"16":{"name":"(anonymous_17)","decl":{"start":{"line":254,"column":2},"end":{"line":254,"column":7}},"loc":{"start":{"line":254,"column":36},"end":{"line":258,"column":3}}},"17":{"name":"(anonymous_18)","decl":{"start":{"line":261,"column":2},"end":{"line":261,"column":7}},"loc":{"start":{"line":261,"column":21},"end":{"line":263,"column":3}}},"18":{"name":"(anonymous_19)","decl":{"start":{"line":265,"column":2},"end":{"line":265,"column":7}},"loc":{"start":{"line":265,"column":49},"end":{"line":270,"column":3}}},"19":{"name":"(anonymous_20)","decl":{"start":{"line":272,"column":2},"end":{"line":272,"column":7}},"loc":{"start":{"line":272,"column":33},"end":{"line":276,"column":3}}},"20":{"name":"(anonymous_21)","decl":{"start":{"line":279,"column":2},"end":{"line":279,"column":7}},"loc":{"start":{"line":285,"column":10},"end":{"line":295,"column":3}}},"21":{"name":"(anonymous_22)","decl":{"start":{"line":297,"column":2},"end":{"line":297,"column":7}},"loc":{"start":{"line":297,"column":61},"end":{"line":302,"column":3}}},"22":{"name":"(anonymous_23)","decl":{"start":{"line":304,"column":2},"end":{"line":304,"column":7}},"loc":{"start":{"line":304,"column":34},"end":{"line":308,"column":3}}},"23":{"name":"(anonymous_24)","decl":{"start":{"line":311,"column":2},"end":{"line":311,"column":7}},"loc":{"start":{"line":311,"column":30},"end":{"line":316,"column":3}}},"24":{"name":"(anonymous_25)","decl":{"start":{"line":318,"column":2},"end":{"line":318,"column":7}},"loc":{"start":{"line":318,"column":48},"end":{"line":323,"column":3}}},"25":{"name":"(anonymous_26)","decl":{"start":{"line":325,"column":2},"end":{"line":325,"column":7}},"loc":{"start":{"line":325,"column":25},"end":{"line":327,"column":3}}},"26":{"name":"(anonymous_27)","decl":{"start":{"line":329,"column":2},"end":{"line":329,"column":7}},"loc":{"start":{"line":329,"column":42},"end":{"line":334,"column":3}}},"27":{"name":"(anonymous_28)","decl":{"start":{"line":336,"column":2},"end":{"line":336,"column":7}},"loc":{"start":{"line":336,"column":28},"end":{"line":340,"column":3}}},"28":{"name":"(anonymous_29)","decl":{"start":{"line":342,"column":2},"end":{"line":342,"column":7}},"loc":{"start":{"line":342,"column":42},"end":{"line":344,"column":3}}},"29":{"name":"(anonymous_30)","decl":{"start":{"line":346,"column":2},"end":{"line":346,"column":7}},"loc":{"start":{"line":346,"column":71},"end":{"line":351,"column":3}}},"30":{"name":"(anonymous_31)","decl":{"start":{"line":354,"column":2},"end":{"line":354,"column":7}},"loc":{"start":{"line":358,"column":10},"end":{"line":369,"column":3}}},"31":{"name":"(anonymous_32)","decl":{"start":{"line":372,"column":2},"end":{"line":372,"column":7}},"loc":{"start":{"line":372,"column":78},"end":{"line":381,"column":3}}},"32":{"name":"(anonymous_33)","decl":{"start":{"line":383,"column":2},"end":{"line":383,"column":7}},"loc":{"start":{"line":383,"column":35},"end":{"line":387,"column":3}}},"33":{"name":"(anonymous_34)","decl":{"start":{"line":389,"column":2},"end":{"line":389,"column":7}},"loc":{"start":{"line":389,"column":54},"end":{"line":391,"column":3}}},"34":{"name":"(anonymous_35)","decl":{"start":{"line":411,"column":49},"end":{"line":411,"column":54}},"loc":{"start":{"line":411,"column":60},"end":{"line":883,"column":1}}},"35":{"name":"(anonymous_36)","decl":{"start":{"line":886,"column":48},"end":{"line":886,"column":53}},"loc":{"start":{"line":886,"column":64},"end":{"line":2213,"column":1}}},"36":{"name":"(anonymous_37)","decl":{"start":{"line":940,"column":54},"end":{"line":940,"column":56}},"loc":{"start":{"line":940,"column":61},"end":{"line":947,"column":10}}},"37":{"name":"startServer","decl":{"start":{"line":2219,"column":22},"end":{"line":2219,"column":33}},"loc":{"start":{"line":2219,"column":33},"end":{"line":2223,"column":1}}},"38":{"name":"(anonymous_39)","decl":{"start":{"line":2232,"column":22},"end":{"line":2232,"column":27}},"loc":{"start":{"line":2232,"column":30},"end":{"line":2235,"column":3}}}},"branchMap":{"0":{"loc":{"start":{"line":111,"column":49},"end":{"line":111,"column":66}},"type":"default-arg","locations":[{"start":{"line":111,"column":64},"end":{"line":111,"column":66}}]},"1":{"loc":{"start":{"line":128,"column":6},"end":{"line":143,"column":7}},"type":"if","locations":[{"start":{"line":128,"column":6},"end":{"line":143,"column":7}}]},"2":{"loc":{"start":{"line":134,"column":10},"end":{"line":138,"column":11}},"type":"if","locations":[{"start":{"line":134,"column":10},"end":{"line":138,"column":11}},{"start":{"line":136,"column":17},"end":{"line":138,"column":11}}]},"3":{"loc":{"start":{"line":134,"column":14},"end":{"line":134,"column":72}},"type":"binary-expr","locations":[{"start":{"line":134,"column":14},"end":{"line":134,"column":31}},{"start":{"line":134,"column":35},"end":{"line":134,"column":72}}]},"4":{"loc":{"start":{"line":137,"column":27},"end":{"line":137,"column":57}},"type":"binary-expr","locations":[{"start":{"line":137,"column":27},"end":{"line":137,"column":44}},{"start":{"line":137,"column":48},"end":{"line":137,"column":57}}]},"5":{"loc":{"start":{"line":146,"column":6},"end":{"line":148,"column":7}},"type":"if","locations":[{"start":{"line":146,"column":6},"end":{"line":148,"column":7}}]},"6":{"loc":{"start":{"line":152,"column":6},"end":{"line":154,"column":7}},"type":"if","locations":[{"start":{"line":152,"column":6},"end":{"line":154,"column":7}}]},"7":{"loc":{"start":{"line":169,"column":4},"end":{"line":169,"column":21}},"type":"default-arg","locations":[{"start":{"line":169,"column":19},"end":{"line":169,"column":21}}]},"8":{"loc":{"start":{"line":170,"column":4},"end":{"line":170,"column":25}},"type":"default-arg","locations":[{"start":{"line":170,"column":23},"end":{"line":170,"column":25}}]},"9":{"loc":{"start":{"line":280,"column":4},"end":{"line":285,"column":10}},"type":"default-arg","locations":[{"start":{"line":285,"column":8},"end":{"line":285,"column":10}}]},"10":{"loc":{"start":{"line":288,"column":4},"end":{"line":289,"column":64}},"type":"if","locations":[{"start":{"line":288,"column":4},"end":{"line":289,"column":64}}]},"11":{"loc":{"start":{"line":290,"column":4},"end":{"line":290,"column":64}},"type":"if","locations":[{"start":{"line":290,"column":4},"end":{"line":290,"column":64}}]},"12":{"loc":{"start":{"line":291,"column":4},"end":{"line":291,"column":76}},"type":"if","locations":[{"start":{"line":291,"column":4},"end":{"line":291,"column":76}}]},"13":{"loc":{"start":{"line":292,"column":4},"end":{"line":292,"column":69}},"type":"if","locations":[{"start":{"line":292,"column":4},"end":{"line":292,"column":69}}]},"14":{"loc":{"start":{"line":297,"column":33},"end":{"line":297,"column":61}},"type":"default-arg","locations":[{"start":{"line":297,"column":56},"end":{"line":297,"column":61}}]},"15":{"loc":{"start":{"line":299,"column":4},"end":{"line":299,"column":58}},"type":"if","locations":[{"start":{"line":299,"column":4},"end":{"line":299,"column":58}}]},"16":{"loc":{"start":{"line":318,"column":16},"end":{"line":318,"column":48}},"type":"default-arg","locations":[{"start":{"line":318,"column":46},"end":{"line":318,"column":48}}]},"17":{"loc":{"start":{"line":320,"column":4},"end":{"line":320,"column":69}},"type":"if","locations":[{"start":{"line":320,"column":4},"end":{"line":320,"column":69}}]},"18":{"loc":{"start":{"line":355,"column":4},"end":{"line":358,"column":10}},"type":"default-arg","locations":[{"start":{"line":358,"column":8},"end":{"line":358,"column":10}}]},"19":{"loc":{"start":{"line":889,"column":2},"end":{"line":2212,"column":3}},"type":"switch","locations":[{"start":{"line":890,"column":4},"end":{"line":921,"column":5}},{"start":{"line":923,"column":4},"end":{"line":968,"column":5}},{"start":{"line":970,"column":4},"end":{"line":1006,"column":5}},{"start":{"line":1008,"column":4},"end":{"line":1049,"column":5}},{"start":{"line":1051,"column":4},"end":{"line":1098,"column":5}},{"start":{"line":1100,"column":4},"end":{"line":1136,"column":5}},{"start":{"line":1138,"column":4},"end":{"line":1174,"column":5}},{"start":{"line":1176,"column":4},"end":{"line":1212,"column":5}},{"start":{"line":1214,"column":4},"end":{"line":1250,"column":5}},{"start":{"line":1252,"column":4},"end":{"line":1288,"column":5}},{"start":{"line":1290,"column":4},"end":{"line":1326,"column":5}},{"start":{"line":1328,"column":4},"end":{"line":1368,"column":5}},{"start":{"line":1370,"column":4},"end":{"line":1406,"column":5}},{"start":{"line":1408,"column":4},"end":{"line":1450,"column":5}},{"start":{"line":1452,"column":4},"end":{"line":1488,"column":5}},{"start":{"line":1490,"column":4},"end":{"line":1526,"column":5}},{"start":{"line":1528,"column":4},"end":{"line":1564,"column":5}},{"start":{"line":1566,"column":4},"end":{"line":1602,"column":5}},{"start":{"line":1604,"column":4},"end":{"line":1640,"column":5}},{"start":{"line":1642,"column":4},"end":{"line":1683,"column":5}},{"start":{"line":1685,"column":4},"end":{"line":1721,"column":5}},{"start":{"line":1723,"column":4},"end":{"line":1762,"column":5}},{"start":{"line":1765,"column":4},"end":{"line":1807,"column":5}},{"start":{"line":1809,"column":4},"end":{"line":1849,"column":5}},{"start":{"line":1851,"column":4},"end":{"line":1887,"column":5}},{"start":{"line":1890,"column":4},"end":{"line":1926,"column":5}},{"start":{"line":1928,"column":4},"end":{"line":1964,"column":5}},{"start":{"line":1966,"column":4},"end":{"line":2002,"column":5}},{"start":{"line":2004,"column":4},"end":{"line":2040,"column":5}},{"start":{"line":2042,"column":4},"end":{"line":2078,"column":5}},{"start":{"line":2080,"column":4},"end":{"line":2116,"column":5}},{"start":{"line":2118,"column":4},"end":{"line":2158,"column":5}},{"start":{"line":2160,"column":4},"end":{"line":2200,"column":5}},{"start":{"line":2202,"column":4},"end":{"line":2211,"column":8}}]},"20":{"loc":{"start":{"line":915,"column":20},"end":{"line":915,"column":85}},"type":"cond-expr","locations":[{"start":{"line":915,"column":45},"end":{"line":915,"column":58}},{"start":{"line":915,"column":61},"end":{"line":915,"column":85}}]},"21":{"loc":{"start":{"line":926,"column":6},"end":{"line":936,"column":7}},"type":"if","locations":[{"start":{"line":926,"column":6},"end":{"line":936,"column":7}}]},"22":{"loc":{"start":{"line":962,"column":20},"end":{"line":962,"column":85}},"type":"cond-expr","locations":[{"start":{"line":962,"column":45},"end":{"line":962,"column":58}},{"start":{"line":962,"column":61},"end":{"line":962,"column":85}}]},"23":{"loc":{"start":{"line":973,"column":6},"end":{"line":983,"column":7}},"type":"if","locations":[{"start":{"line":973,"column":6},"end":{"line":983,"column":7}}]},"24":{"loc":{"start":{"line":1000,"column":20},"end":{"line":1000,"column":85}},"type":"cond-expr","locations":[{"start":{"line":1000,"column":45},"end":{"line":1000,"column":58}},{"start":{"line":1000,"column":61},"end":{"line":1000,"column":85}}]},"25":{"loc":{"start":{"line":1016,"column":6},"end":{"line":1026,"column":7}},"type":"if","locations":[{"start":{"line":1016,"column":6},"end":{"line":1026,"column":7}}]},"26":{"loc":{"start":{"line":1043,"column":20},"end":{"line":1043,"column":85}},"type":"cond-expr","locations":[{"start":{"line":1043,"column":45},"end":{"line":1043,"column":58}},{"start":{"line":1043,"column":61},"end":{"line":1043,"column":85}}]},"27":{"loc":{"start":{"line":1055,"column":8},"end":{"line":1055,"column":18}},"type":"default-arg","locations":[{"start":{"line":1055,"column":16},"end":{"line":1055,"column":18}}]},"28":{"loc":{"start":{"line":1056,"column":8},"end":{"line":1056,"column":24}},"type":"default-arg","locations":[{"start":{"line":1056,"column":22},"end":{"line":1056,"column":24}}]},"29":{"loc":{"start":{"line":1065,"column":6},"end":{"line":1075,"column":7}},"type":"if","locations":[{"start":{"line":1065,"column":6},"end":{"line":1075,"column":7}}]},"30":{"loc":{"start":{"line":1092,"column":20},"end":{"line":1092,"column":85}},"type":"cond-expr","locations":[{"start":{"line":1092,"column":45},"end":{"line":1092,"column":58}},{"start":{"line":1092,"column":61},"end":{"line":1092,"column":85}}]},"31":{"loc":{"start":{"line":1103,"column":6},"end":{"line":1113,"column":7}},"type":"if","locations":[{"start":{"line":1103,"column":6},"end":{"line":1113,"column":7}}]},"32":{"loc":{"start":{"line":1130,"column":20},"end":{"line":1130,"column":85}},"type":"cond-expr","locations":[{"start":{"line":1130,"column":45},"end":{"line":1130,"column":58}},{"start":{"line":1130,"column":61},"end":{"line":1130,"column":85}}]},"33":{"loc":{"start":{"line":1141,"column":6},"end":{"line":1151,"column":7}},"type":"if","locations":[{"start":{"line":1141,"column":6},"end":{"line":1151,"column":7}}]},"34":{"loc":{"start":{"line":1168,"column":20},"end":{"line":1168,"column":85}},"type":"cond-expr","locations":[{"start":{"line":1168,"column":45},"end":{"line":1168,"column":58}},{"start":{"line":1168,"column":61},"end":{"line":1168,"column":85}}]},"35":{"loc":{"start":{"line":1179,"column":6},"end":{"line":1189,"column":7}},"type":"if","locations":[{"start":{"line":1179,"column":6},"end":{"line":1189,"column":7}}]},"36":{"loc":{"start":{"line":1206,"column":20},"end":{"line":1206,"column":85}},"type":"cond-expr","locations":[{"start":{"line":1206,"column":45},"end":{"line":1206,"column":58}},{"start":{"line":1206,"column":61},"end":{"line":1206,"column":85}}]},"37":{"loc":{"start":{"line":1217,"column":6},"end":{"line":1227,"column":7}},"type":"if","locations":[{"start":{"line":1217,"column":6},"end":{"line":1227,"column":7}}]},"38":{"loc":{"start":{"line":1244,"column":20},"end":{"line":1244,"column":85}},"type":"cond-expr","locations":[{"start":{"line":1244,"column":45},"end":{"line":1244,"column":58}},{"start":{"line":1244,"column":61},"end":{"line":1244,"column":85}}]},"39":{"loc":{"start":{"line":1255,"column":6},"end":{"line":1265,"column":7}},"type":"if","locations":[{"start":{"line":1255,"column":6},"end":{"line":1265,"column":7}}]},"40":{"loc":{"start":{"line":1282,"column":20},"end":{"line":1282,"column":85}},"type":"cond-expr","locations":[{"start":{"line":1282,"column":45},"end":{"line":1282,"column":58}},{"start":{"line":1282,"column":61},"end":{"line":1282,"column":85}}]},"41":{"loc":{"start":{"line":1293,"column":6},"end":{"line":1303,"column":7}},"type":"if","locations":[{"start":{"line":1293,"column":6},"end":{"line":1303,"column":7}}]},"42":{"loc":{"start":{"line":1320,"column":20},"end":{"line":1320,"column":85}},"type":"cond-expr","locations":[{"start":{"line":1320,"column":45},"end":{"line":1320,"column":58}},{"start":{"line":1320,"column":61},"end":{"line":1320,"column":85}}]},"43":{"loc":{"start":{"line":1335,"column":6},"end":{"line":1345,"column":7}},"type":"if","locations":[{"start":{"line":1335,"column":6},"end":{"line":1345,"column":7}}]},"44":{"loc":{"start":{"line":1362,"column":20},"end":{"line":1362,"column":85}},"type":"cond-expr","locations":[{"start":{"line":1362,"column":45},"end":{"line":1362,"column":58}},{"start":{"line":1362,"column":61},"end":{"line":1362,"column":85}}]},"45":{"loc":{"start":{"line":1373,"column":6},"end":{"line":1383,"column":7}},"type":"if","locations":[{"start":{"line":1373,"column":6},"end":{"line":1383,"column":7}}]},"46":{"loc":{"start":{"line":1400,"column":20},"end":{"line":1400,"column":85}},"type":"cond-expr","locations":[{"start":{"line":1400,"column":45},"end":{"line":1400,"column":58}},{"start":{"line":1400,"column":61},"end":{"line":1400,"column":85}}]},"47":{"loc":{"start":{"line":1417,"column":6},"end":{"line":1427,"column":7}},"type":"if","locations":[{"start":{"line":1417,"column":6},"end":{"line":1427,"column":7}}]},"48":{"loc":{"start":{"line":1444,"column":20},"end":{"line":1444,"column":85}},"type":"cond-expr","locations":[{"start":{"line":1444,"column":45},"end":{"line":1444,"column":58}},{"start":{"line":1444,"column":61},"end":{"line":1444,"column":85}}]},"49":{"loc":{"start":{"line":1455,"column":6},"end":{"line":1465,"column":7}},"type":"if","locations":[{"start":{"line":1455,"column":6},"end":{"line":1465,"column":7}}]},"50":{"loc":{"start":{"line":1482,"column":20},"end":{"line":1482,"column":85}},"type":"cond-expr","locations":[{"start":{"line":1482,"column":45},"end":{"line":1482,"column":58}},{"start":{"line":1482,"column":61},"end":{"line":1482,"column":85}}]},"51":{"loc":{"start":{"line":1493,"column":6},"end":{"line":1503,"column":7}},"type":"if","locations":[{"start":{"line":1493,"column":6},"end":{"line":1503,"column":7}}]},"52":{"loc":{"start":{"line":1520,"column":20},"end":{"line":1520,"column":85}},"type":"cond-expr","locations":[{"start":{"line":1520,"column":45},"end":{"line":1520,"column":58}},{"start":{"line":1520,"column":61},"end":{"line":1520,"column":85}}]},"53":{"loc":{"start":{"line":1531,"column":6},"end":{"line":1541,"column":7}},"type":"if","locations":[{"start":{"line":1531,"column":6},"end":{"line":1541,"column":7}}]},"54":{"loc":{"start":{"line":1558,"column":20},"end":{"line":1558,"column":85}},"type":"cond-expr","locations":[{"start":{"line":1558,"column":45},"end":{"line":1558,"column":58}},{"start":{"line":1558,"column":61},"end":{"line":1558,"column":85}}]},"55":{"loc":{"start":{"line":1569,"column":6},"end":{"line":1579,"column":7}},"type":"if","locations":[{"start":{"line":1569,"column":6},"end":{"line":1579,"column":7}}]},"56":{"loc":{"start":{"line":1596,"column":20},"end":{"line":1596,"column":85}},"type":"cond-expr","locations":[{"start":{"line":1596,"column":45},"end":{"line":1596,"column":58}},{"start":{"line":1596,"column":61},"end":{"line":1596,"column":85}}]},"57":{"loc":{"start":{"line":1607,"column":6},"end":{"line":1617,"column":7}},"type":"if","locations":[{"start":{"line":1607,"column":6},"end":{"line":1617,"column":7}}]},"58":{"loc":{"start":{"line":1634,"column":20},"end":{"line":1634,"column":85}},"type":"cond-expr","locations":[{"start":{"line":1634,"column":45},"end":{"line":1634,"column":58}},{"start":{"line":1634,"column":61},"end":{"line":1634,"column":85}}]},"59":{"loc":{"start":{"line":1650,"column":6},"end":{"line":1660,"column":7}},"type":"if","locations":[{"start":{"line":1650,"column":6},"end":{"line":1660,"column":7}}]},"60":{"loc":{"start":{"line":1677,"column":20},"end":{"line":1677,"column":85}},"type":"cond-expr","locations":[{"start":{"line":1677,"column":45},"end":{"line":1677,"column":58}},{"start":{"line":1677,"column":61},"end":{"line":1677,"column":85}}]},"61":{"loc":{"start":{"line":1688,"column":6},"end":{"line":1698,"column":7}},"type":"if","locations":[{"start":{"line":1688,"column":6},"end":{"line":1698,"column":7}}]},"62":{"loc":{"start":{"line":1715,"column":20},"end":{"line":1715,"column":85}},"type":"cond-expr","locations":[{"start":{"line":1715,"column":45},"end":{"line":1715,"column":58}},{"start":{"line":1715,"column":61},"end":{"line":1715,"column":85}}]},"63":{"loc":{"start":{"line":1729,"column":6},"end":{"line":1739,"column":7}},"type":"if","locations":[{"start":{"line":1729,"column":6},"end":{"line":1739,"column":7}}]},"64":{"loc":{"start":{"line":1756,"column":20},"end":{"line":1756,"column":85}},"type":"cond-expr","locations":[{"start":{"line":1756,"column":45},"end":{"line":1756,"column":58}},{"start":{"line":1756,"column":61},"end":{"line":1756,"column":85}}]},"65":{"loc":{"start":{"line":1774,"column":6},"end":{"line":1784,"column":7}},"type":"if","locations":[{"start":{"line":1774,"column":6},"end":{"line":1784,"column":7}}]},"66":{"loc":{"start":{"line":1801,"column":20},"end":{"line":1801,"column":85}},"type":"cond-expr","locations":[{"start":{"line":1801,"column":45},"end":{"line":1801,"column":58}},{"start":{"line":1801,"column":61},"end":{"line":1801,"column":85}}]},"67":{"loc":{"start":{"line":1816,"column":6},"end":{"line":1826,"column":7}},"type":"if","locations":[{"start":{"line":1816,"column":6},"end":{"line":1826,"column":7}}]},"68":{"loc":{"start":{"line":1843,"column":20},"end":{"line":1843,"column":85}},"type":"cond-expr","locations":[{"start":{"line":1843,"column":45},"end":{"line":1843,"column":58}},{"start":{"line":1843,"column":61},"end":{"line":1843,"column":85}}]},"69":{"loc":{"start":{"line":1854,"column":6},"end":{"line":1864,"column":7}},"type":"if","locations":[{"start":{"line":1854,"column":6},"end":{"line":1864,"column":7}}]},"70":{"loc":{"start":{"line":1881,"column":20},"end":{"line":1881,"column":85}},"type":"cond-expr","locations":[{"start":{"line":1881,"column":45},"end":{"line":1881,"column":58}},{"start":{"line":1881,"column":61},"end":{"line":1881,"column":85}}]},"71":{"loc":{"start":{"line":1893,"column":6},"end":{"line":1903,"column":7}},"type":"if","locations":[{"start":{"line":1893,"column":6},"end":{"line":1903,"column":7}}]},"72":{"loc":{"start":{"line":1920,"column":20},"end":{"line":1920,"column":85}},"type":"cond-expr","locations":[{"start":{"line":1920,"column":45},"end":{"line":1920,"column":58}},{"start":{"line":1920,"column":61},"end":{"line":1920,"column":85}}]},"73":{"loc":{"start":{"line":1931,"column":6},"end":{"line":1941,"column":7}},"type":"if","locations":[{"start":{"line":1931,"column":6},"end":{"line":1941,"column":7}}]},"74":{"loc":{"start":{"line":1958,"column":20},"end":{"line":1958,"column":85}},"type":"cond-expr","locations":[{"start":{"line":1958,"column":45},"end":{"line":1958,"column":58}},{"start":{"line":1958,"column":61},"end":{"line":1958,"column":85}}]},"75":{"loc":{"start":{"line":1969,"column":6},"end":{"line":1979,"column":7}},"type":"if","locations":[{"start":{"line":1969,"column":6},"end":{"line":1979,"column":7}}]},"76":{"loc":{"start":{"line":1996,"column":20},"end":{"line":1996,"column":85}},"type":"cond-expr","locations":[{"start":{"line":1996,"column":45},"end":{"line":1996,"column":58}},{"start":{"line":1996,"column":61},"end":{"line":1996,"column":85}}]},"77":{"loc":{"start":{"line":2007,"column":6},"end":{"line":2017,"column":7}},"type":"if","locations":[{"start":{"line":2007,"column":6},"end":{"line":2017,"column":7}}]},"78":{"loc":{"start":{"line":2034,"column":20},"end":{"line":2034,"column":85}},"type":"cond-expr","locations":[{"start":{"line":2034,"column":45},"end":{"line":2034,"column":58}},{"start":{"line":2034,"column":61},"end":{"line":2034,"column":85}}]},"79":{"loc":{"start":{"line":2045,"column":6},"end":{"line":2055,"column":7}},"type":"if","locations":[{"start":{"line":2045,"column":6},"end":{"line":2055,"column":7}}]},"80":{"loc":{"start":{"line":2072,"column":20},"end":{"line":2072,"column":85}},"type":"cond-expr","locations":[{"start":{"line":2072,"column":45},"end":{"line":2072,"column":58}},{"start":{"line":2072,"column":61},"end":{"line":2072,"column":85}}]},"81":{"loc":{"start":{"line":2083,"column":6},"end":{"line":2093,"column":7}},"type":"if","locations":[{"start":{"line":2083,"column":6},"end":{"line":2093,"column":7}}]},"82":{"loc":{"start":{"line":2110,"column":20},"end":{"line":2110,"column":85}},"type":"cond-expr","locations":[{"start":{"line":2110,"column":45},"end":{"line":2110,"column":58}},{"start":{"line":2110,"column":61},"end":{"line":2110,"column":85}}]},"83":{"loc":{"start":{"line":2125,"column":6},"end":{"line":2135,"column":7}},"type":"if","locations":[{"start":{"line":2125,"column":6},"end":{"line":2135,"column":7}}]},"84":{"loc":{"start":{"line":2152,"column":20},"end":{"line":2152,"column":85}},"type":"cond-expr","locations":[{"start":{"line":2152,"column":45},"end":{"line":2152,"column":58}},{"start":{"line":2152,"column":61},"end":{"line":2152,"column":85}}]},"85":{"loc":{"start":{"line":2167,"column":6},"end":{"line":2177,"column":7}},"type":"if","locations":[{"start":{"line":2167,"column":6},"end":{"line":2177,"column":7}}]},"86":{"loc":{"start":{"line":2194,"column":20},"end":{"line":2194,"column":85}},"type":"cond-expr","locations":[{"start":{"line":2194,"column":45},"end":{"line":2194,"column":58}},{"start":{"line":2194,"column":61},"end":{"line":2194,"column":85}}]},"87":{"loc":{"start":{"line":2227,"column":0},"end":{"line":2236,"column":1}},"type":"if","locations":[{"start":{"line":2227,"column":0},"end":{"line":2236,"column":1}}]},"88":{"loc":{"start":{"line":2228,"column":2},"end":{"line":2230,"column":41}},"type":"binary-expr","locations":[{"start":{"line":2228,"column":2},"end":{"line":2228,"column":17}},{"start":{"line":2229,"column":2},"end":{"line":2229,"column":38}},{"start":{"line":2230,"column":2},"end":{"line":2230,"column":41}}]}},"s":{"0":56,"1":56,"2":56,"3":56,"4":56,"5":39,"6":39,"7":39,"8":39,"9":96,"10":96,"11":96,"12":96,"13":91,"14":10,"15":10,"16":10,"17":4,"18":2,"19":2,"20":6,"21":10,"22":81,"23":1,"24":80,"25":15,"26":12,"27":3,"28":39,"29":2,"30":2,"31":2,"32":2,"33":1,"34":1,"35":1,"36":3,"37":1,"38":1,"39":2,"40":1,"41":1,"42":1,"43":3,"44":3,"45":2,"46":4,"47":4,"48":2,"49":4,"50":2,"51":4,"52":1,"53":4,"54":2,"55":4,"56":4,"57":4,"58":3,"59":4,"60":0,"61":2,"62":2,"63":2,"64":0,"65":2,"66":1,"67":1,"68":2,"69":2,"70":2,"71":1,"72":2,"73":2,"74":3,"75":56,"76":56,"77":56,"78":56,"79":56,"80":56,"81":10,"82":56,"83":84,"84":84,"85":32,"86":32,"87":32,"88":32,"89":27,"90":27,"91":27,"92":5,"93":7,"94":7,"95":7,"96":2,"97":5,"98":5,"99":2,"100":1,"101":2,"102":3,"103":2,"104":2,"105":2,"106":0,"107":2,"108":2,"109":1,"110":1,"111":1,"112":1,"113":1,"114":0,"115":1,"116":1,"117":1,"118":0,"119":1,"120":1,"121":1,"122":0,"123":1,"124":1,"125":1,"126":0,"127":1,"128":1,"129":1,"130":0,"131":1,"132":1,"133":1,"134":0,"135":1,"136":1,"137":1,"138":0,"139":1,"140":1,"141":1,"142":0,"143":1,"144":1,"145":1,"146":0,"147":1,"148":1,"149":1,"150":0,"151":0,"152":0,"153":0,"154":0,"155":0,"156":0,"157":0,"158":0,"159":3,"160":3,"161":3,"162":0,"163":3,"164":3,"165":2,"166":1,"167":1,"168":1,"169":1,"170":0,"171":1,"172":1,"173":1,"174":0,"175":1,"176":1,"177":1,"178":0,"179":1,"180":1,"181":1,"182":0,"183":1,"184":1,"185":1,"186":0,"187":1,"188":1,"189":1,"190":0,"191":1,"192":1,"193":1,"194":0,"195":1,"196":1,"197":1,"198":0,"199":1,"200":1,"201":1,"202":0,"203":1,"204":1,"205":1,"206":0,"207":1,"208":1,"209":1,"210":0,"211":1,"212":1,"213":1,"214":0,"215":1,"216":1,"217":1,"218":0,"219":1,"220":1,"221":1,"222":0,"223":2,"224":2,"225":2,"226":0,"227":2,"228":2,"229":2,"230":0,"231":1,"232":1,"233":1,"234":0,"235":1,"236":1,"237":1,"238":0,"239":1,"240":1,"241":1,"242":0,"243":1,"244":1,"245":1,"246":0,"247":1,"248":1,"249":1,"250":0,"251":1,"252":1,"253":1,"254":0,"255":2,"256":2,"257":2,"258":0,"259":2,"260":2,"261":2,"262":0,"263":3,"264":3,"265":3,"266":0,"267":3,"268":3,"269":3,"270":0,"271":3,"272":3,"273":3,"274":0,"275":3,"276":3,"277":3,"278":0,"279":0,"280":0,"281":0,"282":0,"283":0,"284":0,"285":0,"286":0,"287":1,"288":1,"289":1,"290":0,"291":1,"292":1,"293":1,"294":0,"295":1,"296":1,"297":1,"298":0,"299":1,"300":1,"301":1,"302":0,"303":1,"304":1,"305":1,"306":0,"307":1,"308":1,"309":1,"310":0,"311":0,"312":0,"313":0,"314":0,"315":0,"316":0,"317":0,"318":0,"319":1,"320":1,"321":1,"322":0,"323":1,"324":1,"325":1,"326":0,"327":1,"328":1,"329":1,"330":0,"331":1,"332":1,"333":1,"334":0,"335":1,"336":1,"337":1,"338":0,"339":1,"340":1,"341":1,"342":0,"343":1,"344":1,"345":1,"346":0,"347":1,"348":1,"349":1,"350":0,"351":8,"352":3,"353":3,"354":3,"355":56,"356":0,"357":0,"358":0},"f":{"0":39,"1":96,"2":39,"3":2,"4":2,"5":2,"6":2,"7":1,"8":1,"9":1,"10":3,"11":1,"12":1,"13":2,"14":1,"15":1,"16":1,"17":3,"18":3,"19":2,"20":4,"21":4,"22":0,"23":2,"24":2,"25":1,"26":1,"27":2,"28":2,"29":2,"30":1,"31":2,"32":2,"33":3,"34":10,"35":84,"36":1,"37":3,"38":0},"b":{"0":[64],"1":[10],"2":[2,2],"3":[4,4],"4":[2,0],"5":[1],"6":[12],"7":[0],"8":[0],"9":[0],"10":[2],"11":[2],"12":[1],"13":[2],"14":[0],"15":[3],"16":[1],"17":[0],"18":[0],"19":[32,7,2,1,1,1,1,1,0,3,1,1,1,1,1,1,1,2,1,1,1,2,3,3,0,1,1,1,0,1,1,1,1,8],"20":[4,1],"21":[2],"22":[2,1],"23":[0],"24":[1,0],"25":[0],"26":[0,0],"27":[0],"28":[0],"29":[0],"30":[0,0],"31":[0],"32":[0,0],"33":[0],"34":[0,0],"35":[0],"36":[0,0],"37":[0],"38":[0,0],"39":[0],"40":[1,0],"41":[0],"42":[0,0],"43":[0],"44":[0,0],"45":[0],"46":[0,0],"47":[0],"48":[0,0],"49":[0],"50":[0,0],"51":[0],"52":[0,0],"53":[0],"54":[0,0],"55":[0],"56":[0,0],"57":[0],"58":[0,0],"59":[0],"60":[0,0],"61":[0],"62":[0,0],"63":[0],"64":[0,0],"65":[0],"66":[0,0],"67":[0],"68":[0,0],"69":[0],"70":[0,0],"71":[0],"72":[0,0],"73":[0],"74":[0,0],"75":[0],"76":[0,0],"77":[0],"78":[0,0],"79":[0],"80":[0,0],"81":[0],"82":[0,0],"83":[0],"84":[0,0],"85":[0],"86":[0,0],"87":[0],"88":[56,56,0]}}
,"/Users/jeremyparker/Desktop/Claude Coding Projects/n8n-mcp-server/src/auth/authProvider.ts": {"path":"/Users/jeremyparker/Desktop/Claude Coding Projects/n8n-mcp-server/src/auth/authProvider.ts","statementMap":{"0":{"start":{"line":138,"column":4},"end":{"line":140,"column":5}},"1":{"start":{"line":139,"column":6},"end":{"line":139,"column":19}},"2":{"start":{"line":142,"column":28},"end":{"line":142,"column":40}},"3":{"start":{"line":145,"column":70},"end":{"line":200,"column":6}},"4":{"start":{"line":202,"column":31},"end":{"line":202,"column":56}},"5":{"start":{"line":203,"column":4},"end":{"line":206,"column":5}},"6":{"start":{"line":205,"column":6},"end":{"line":205,"column":35}},"7":{"start":{"line":208,"column":4},"end":{"line":208,"column":43}},"8":{"start":{"line":215,"column":4},"end":{"line":217,"column":5}},"9":{"start":{"line":216,"column":6},"end":{"line":216,"column":19}},"10":{"start":{"line":219,"column":28},"end":{"line":219,"column":40}},"11":{"start":{"line":222,"column":4},"end":{"line":224,"column":5}},"12":{"start":{"line":223,"column":6},"end":{"line":223,"column":35}},"13":{"start":{"line":226,"column":4},"end":{"line":228,"column":5}},"14":{"start":{"line":227,"column":6},"end":{"line":227,"column":36}},"15":{"start":{"line":230,"column":4},"end":{"line":232,"column":5}},"16":{"start":{"line":231,"column":6},"end":{"line":231,"column":37}},"17":{"start":{"line":234,"column":4},"end":{"line":236,"column":5}},"18":{"start":{"line":235,"column":6},"end":{"line":235,"column":31}},"19":{"start":{"line":238,"column":4},"end":{"line":240,"column":5}},"20":{"start":{"line":239,"column":6},"end":{"line":239,"column":36}},"21":{"start":{"line":243,"column":4},"end":{"line":243,"column":33}},"22":{"start":{"line":250,"column":20},"end":{"line":250,"column":70}},"23":{"start":{"line":251,"column":21},"end":{"line":251,"column":56}},"24":{"start":{"line":252,"column":21},"end":{"line":252,"column":57}},"25":{"start":{"line":254,"column":4},"end":{"line":262,"column":6}}},"fnMap":{"0":{"name":"(anonymous_0)","decl":{"start":{"line":137,"column":2},"end":{"line":137,"column":7}},"loc":{"start":{"line":137,"column":63},"end":{"line":209,"column":3}}},"1":{"name":"(anonymous_1)","decl":{"start":{"line":214,"column":2},"end":{"line":214,"column":7}},"loc":{"start":{"line":214,"column":70},"end":{"line":244,"column":3}}},"2":{"name":"(anonymous_2)","decl":{"start":{"line":249,"column":12},"end":{"line":249,"column":29}},"loc":{"start":{"line":249,"column":45},"end":{"line":263,"column":3}}}},"branchMap":{"0":{"loc":{"start":{"line":138,"column":4},"end":{"line":140,"column":5}},"type":"if","locations":[{"start":{"line":138,"column":4},"end":{"line":140,"column":5}}]},"1":{"loc":{"start":{"line":203,"column":4},"end":{"line":206,"column":5}},"type":"if","locations":[{"start":{"line":203,"column":4},"end":{"line":206,"column":5}}]},"2":{"loc":{"start":{"line":215,"column":4},"end":{"line":217,"column":5}},"type":"if","locations":[{"start":{"line":215,"column":4},"end":{"line":217,"column":5}}]},"3":{"loc":{"start":{"line":222,"column":4},"end":{"line":224,"column":5}},"type":"if","locations":[{"start":{"line":222,"column":4},"end":{"line":224,"column":5}}]},"4":{"loc":{"start":{"line":226,"column":4},"end":{"line":228,"column":5}},"type":"if","locations":[{"start":{"line":226,"column":4},"end":{"line":228,"column":5}}]},"5":{"loc":{"start":{"line":230,"column":4},"end":{"line":232,"column":5}},"type":"if","locations":[{"start":{"line":230,"column":4},"end":{"line":232,"column":5}}]},"6":{"loc":{"start":{"line":234,"column":4},"end":{"line":236,"column":5}},"type":"if","locations":[{"start":{"line":234,"column":4},"end":{"line":236,"column":5}}]},"7":{"loc":{"start":{"line":238,"column":4},"end":{"line":240,"column":5}},"type":"if","locations":[{"start":{"line":238,"column":4},"end":{"line":240,"column":5}}]},"8":{"loc":{"start":{"line":250,"column":20},"end":{"line":250,"column":70}},"type":"binary-expr","locations":[{"start":{"line":250,"column":20},"end":{"line":250,"column":43}},{"start":{"line":250,"column":47},"end":{"line":250,"column":70}}]},"9":{"loc":{"start":{"line":251,"column":21},"end":{"line":251,"column":56}},"type":"binary-expr","locations":[{"start":{"line":251,"column":21},"end":{"line":251,"column":45}},{"start":{"line":251,"column":49},"end":{"line":251,"column":56}}]},"10":{"loc":{"start":{"line":252,"column":21},"end":{"line":252,"column":57}},"type":"binary-expr","locations":[{"start":{"line":252,"column":21},"end":{"line":252,"column":45}},{"start":{"line":252,"column":49},"end":{"line":252,"column":57}}]}},"s":{"0":0,"1":0,"2":0,"3":0,"4":0,"5":0,"6":0,"7":0,"8":0,"9":0,"10":0,"11":0,"12":0,"13":0,"14":0,"15":0,"16":0,"17":0,"18":0,"19":0,"20":0,"21":0,"22":0,"23":0,"24":0,"25":0},"f":{"0":0,"1":0,"2":0},"b":{"0":[0],"1":[0],"2":[0],"3":[0],"4":[0],"5":[0],"6":[0],"7":[0],"8":[0,0],"9":[0,0],"10":[0,0]}}
,"/Users/jeremyparker/Desktop/Claude Coding Projects/n8n-mcp-server/src/auth/middleware.ts": {"path":"/Users/jeremyparker/Desktop/Claude Coding Projects/n8n-mcp-server/src/auth/middleware.ts","statementMap":{"0":{"start":{"line":49,"column":4},"end":{"line":57,"column":6}},"1":{"start":{"line":66,"column":4},"end":{"line":66,"column":87}},"2":{"start":{"line":69,"column":5},"end":{"line":69,"column":43}},"3":{"start":{"line":76,"column":4},"end":{"line":96,"column":6}},"4":{"start":{"line":77,"column":6},"end":{"line":95,"column":7}},"5":{"start":{"line":78,"column":24},"end":{"line":78,"column":58}},"6":{"start":{"line":79,"column":27},"end":{"line":79,"column":79}},"7":{"start":{"line":81,"column":8},"end":{"line":87,"column":9}},"8":{"start":{"line":82,"column":10},"end":{"line":84,"column":11}},"9":{"start":{"line":83,"column":12},"end":{"line":83,"column":58}},"10":{"start":{"line":86,"column":10},"end":{"line":86,"column":22}},"11":{"start":{"line":89,"column":8},"end":{"line":89,"column":31}},"12":{"start":{"line":91,"column":8},"end":{"line":93,"column":9}},"13":{"start":{"line":92,"column":10},"end":{"line":92,"column":22}},"14":{"start":{"line":94,"column":8},"end":{"line":94,"column":20}},"15":{"start":{"line":104,"column":4},"end":{"line":106,"column":5}},"16":{"start":{"line":105,"column":6},"end":{"line":105,"column":13}},"17":{"start":{"line":109,"column":4},"end":{"line":118,"column":5}},"18":{"start":{"line":110,"column":25},"end":{"line":110,"column":77}},"19":{"start":{"line":111,"column":6},"end":{"line":116,"column":7}},"20":{"start":{"line":112,"column":8},"end":{"line":114,"column":9}},"21":{"start":{"line":113,"column":10},"end":{"line":113,"column":56}},"22":{"start":{"line":115,"column":8},"end":{"line":115,"column":15}},"23":{"start":{"line":117,"column":6},"end":{"line":117,"column":37}},"24":{"start":{"line":121,"column":22},"end":{"line":121,"column":85}},"25":{"start":{"line":122,"column":4},"end":{"line":124,"column":5}},"26":{"start":{"line":123,"column":6},"end":{"line":123,"column":71}},"27":{"start":{"line":132,"column":4},"end":{"line":134,"column":5}},"28":{"start":{"line":132,"column":52},"end":{"line":132,"column":83}},"29":{"start":{"line":133,"column":6},"end":{"line":133,"column":13}},"30":{"start":{"line":137,"column":4},"end":{"line":146,"column":5}},"31":{"start":{"line":138,"column":25},"end":{"line":138,"column":77}},"32":{"start":{"line":139,"column":6},"end":{"line":144,"column":7}},"33":{"start":{"line":140,"column":8},"end":{"line":142,"column":9}},"34":{"start":{"line":141,"column":10},"end":{"line":141,"column":56}},"35":{"start":{"line":143,"column":8},"end":{"line":143,"column":15}},"36":{"start":{"line":145,"column":6},"end":{"line":145,"column":37}},"37":{"start":{"line":149,"column":22},"end":{"line":149,"column":92}},"38":{"start":{"line":150,"column":4},"end":{"line":152,"column":5}},"39":{"start":{"line":151,"column":6},"end":{"line":151,"column":74}},"40":{"start":{"line":159,"column":4},"end":{"line":163,"column":6}},"41":{"start":{"line":170,"column":4},"end":{"line":174,"column":12}},"42":{"start":{"line":171,"column":22},"end":{"line":171,"column":55}},"43":{"start":{"line":172,"column":6},"end":{"line":172,"column":52}},"44":{"start":{"line":173,"column":6},"end":{"line":173,"column":35}},"45":{"start":{"line":184,"column":4},"end":{"line":188,"column":12}},"46":{"start":{"line":185,"column":22},"end":{"line":185,"column":55}},"47":{"start":{"line":186,"column":6},"end":{"line":186,"column":59}},"48":{"start":{"line":187,"column":6},"end":{"line":187,"column":39}},"49":{"start":{"line":196,"column":20},"end":{"line":196,"column":41}},"50":{"start":{"line":197,"column":4},"end":{"line":203,"column":5}},"51":{"start":{"line":198,"column":6},"end":{"line":202,"column":8}},"52":{"start":{"line":205,"column":4},"end":{"line":208,"column":6}},"53":{"start":{"line":216,"column":2},"end":{"line":216,"column":43}},"54":{"start":{"line":227,"column":2},"end":{"line":237,"column":4}},"55":{"start":{"line":228,"column":27},"end":{"line":228,"column":43}},"56":{"start":{"line":230,"column":4},"end":{"line":234,"column":6}},"57":{"start":{"line":232,"column":6},"end":{"line":232,"column":67}},"58":{"start":{"line":233,"column":6},"end":{"line":233,"column":46}},"59":{"start":{"line":236,"column":4},"end":{"line":236,"column":22}},"60":{"start":{"line":248,"column":2},"end":{"line":258,"column":4}},"61":{"start":{"line":249,"column":27},"end":{"line":249,"column":43}},"62":{"start":{"line":251,"column":4},"end":{"line":255,"column":6}},"63":{"start":{"line":253,"column":6},"end":{"line":253,"column":62}},"64":{"start":{"line":254,"column":6},"end":{"line":254,"column":46}},"65":{"start":{"line":257,"column":4},"end":{"line":257,"column":22}},"66":{"start":{"line":264,"column":31},"end":{"line":282,"column":11}},"67":{"start":{"line":288,"column":2},"end":{"line":296,"column":4}}},"fnMap":{"0":{"name":"(anonymous_0)","decl":{"start":{"line":48,"column":2},"end":{"line":48,"column":14}},"loc":{"start":{"line":48,"column":42},"end":{"line":58,"column":3}}},"1":{"name":"(anonymous_1)","decl":{"start":{"line":63,"column":9},"end":{"line":63,"column":14}},"loc":{"start":{"line":63,"column":30},"end":{"line":70,"column":3}}},"2":{"name":"(anonymous_2)","decl":{"start":{"line":75,"column":10},"end":{"line":75,"column":36}},"loc":{"start":{"line":75,"column":36},"end":{"line":97,"column":3}}},"3":{"name":"(anonymous_3)","decl":{"start":{"line":76,"column":11},"end":{"line":76,"column":16}},"loc":{"start":{"line":76,"column":34},"end":{"line":96,"column":5}}},"4":{"name":"(anonymous_4)","decl":{"start":{"line":102,"column":9},"end":{"line":102,"column":14}},"loc":{"start":{"line":102,"column":72},"end":{"line":125,"column":3}}},"5":{"name":"(anonymous_5)","decl":{"start":{"line":130,"column":9},"end":{"line":130,"column":14}},"loc":{"start":{"line":130,"column":79},"end":{"line":153,"column":3}}},"6":{"name":"(anonymous_6)","decl":{"start":{"line":132,"column":41},"end":{"line":132,"column":48}},"loc":{"start":{"line":132,"column":52},"end":{"line":132,"column":83}}},"7":{"name":"(anonymous_7)","decl":{"start":{"line":158,"column":10},"end":{"line":158,"column":30}},"loc":{"start":{"line":158,"column":43},"end":{"line":164,"column":3}}},"8":{"name":"(anonymous_8)","decl":{"start":{"line":169,"column":9},"end":{"line":169,"column":17}},"loc":{"start":{"line":169,"column":86},"end":{"line":175,"column":3}}},"9":{"name":"(anonymous_9)","decl":{"start":{"line":170,"column":12},"end":{"line":170,"column":17}},"loc":{"start":{"line":170,"column":37},"end":{"line":174,"column":5}}},"10":{"name":"(anonymous_10)","decl":{"start":{"line":180,"column":9},"end":{"line":180,"column":21}},"loc":{"start":{"line":182,"column":23},"end":{"line":189,"column":3}}},"11":{"name":"(anonymous_11)","decl":{"start":{"line":184,"column":12},"end":{"line":184,"column":17}},"loc":{"start":{"line":184,"column":37},"end":{"line":188,"column":5}}},"12":{"name":"(anonymous_12)","decl":{"start":{"line":194,"column":10},"end":{"line":194,"column":32}},"loc":{"start":{"line":194,"column":44},"end":{"line":209,"column":3}}},"13":{"name":"createAuthMiddleware","decl":{"start":{"line":215,"column":16},"end":{"line":215,"column":36}},"loc":{"start":{"line":215,"column":65},"end":{"line":217,"column":1}}},"14":{"name":"requireAuth","decl":{"start":{"line":226,"column":16},"end":{"line":226,"column":27}},"loc":{"start":{"line":226,"column":44},"end":{"line":238,"column":1}}},"15":{"name":"(anonymous_15)","decl":{"start":{"line":227,"column":9},"end":{"line":227,"column":19}},"loc":{"start":{"line":227,"column":83},"end":{"line":237,"column":3}}},"16":{"name":"(anonymous_16)","decl":{"start":{"line":230,"column":23},"end":{"line":230,"column":28}},"loc":{"start":{"line":230,"column":53},"end":{"line":234,"column":5}}},"17":{"name":"requirePermission","decl":{"start":{"line":247,"column":16},"end":{"line":247,"column":33}},"loc":{"start":{"line":247,"column":52},"end":{"line":259,"column":1}}},"18":{"name":"(anonymous_18)","decl":{"start":{"line":248,"column":9},"end":{"line":248,"column":19}},"loc":{"start":{"line":248,"column":83},"end":{"line":258,"column":3}}},"19":{"name":"(anonymous_19)","decl":{"start":{"line":251,"column":23},"end":{"line":251,"column":28}},"loc":{"start":{"line":251,"column":53},"end":{"line":255,"column":5}}},"20":{"name":"parseAuthConfigFromEnv","decl":{"start":{"line":287,"column":16},"end":{"line":287,"column":38}},"loc":{"start":{"line":287,"column":65},"end":{"line":297,"column":1}}}},"branchMap":{"0":{"loc":{"start":{"line":81,"column":8},"end":{"line":87,"column":9}},"type":"if","locations":[{"start":{"line":81,"column":8},"end":{"line":87,"column":9}}]},"1":{"loc":{"start":{"line":82,"column":10},"end":{"line":84,"column":11}},"type":"if","locations":[{"start":{"line":82,"column":10},"end":{"line":84,"column":11}}]},"2":{"loc":{"start":{"line":91,"column":8},"end":{"line":93,"column":9}},"type":"if","locations":[{"start":{"line":91,"column":8},"end":{"line":93,"column":9}}]},"3":{"loc":{"start":{"line":104,"column":4},"end":{"line":106,"column":5}},"type":"if","locations":[{"start":{"line":104,"column":4},"end":{"line":106,"column":5}}]},"4":{"loc":{"start":{"line":109,"column":4},"end":{"line":118,"column":5}},"type":"if","locations":[{"start":{"line":109,"column":4},"end":{"line":118,"column":5}}]},"5":{"loc":{"start":{"line":111,"column":6},"end":{"line":116,"column":7}},"type":"if","locations":[{"start":{"line":111,"column":6},"end":{"line":116,"column":7}}]},"6":{"loc":{"start":{"line":112,"column":8},"end":{"line":114,"column":9}},"type":"if","locations":[{"start":{"line":112,"column":8},"end":{"line":114,"column":9}}]},"7":{"loc":{"start":{"line":122,"column":4},"end":{"line":124,"column":5}},"type":"if","locations":[{"start":{"line":122,"column":4},"end":{"line":124,"column":5}}]},"8":{"loc":{"start":{"line":132,"column":4},"end":{"line":134,"column":5}},"type":"if","locations":[{"start":{"line":132,"column":4},"end":{"line":134,"column":5}}]},"9":{"loc":{"start":{"line":137,"column":4},"end":{"line":146,"column":5}},"type":"if","locations":[{"start":{"line":137,"column":4},"end":{"line":146,"column":5}}]},"10":{"loc":{"start":{"line":139,"column":6},"end":{"line":144,"column":7}},"type":"if","locations":[{"start":{"line":139,"column":6},"end":{"line":144,"column":7}}]},"11":{"loc":{"start":{"line":140,"column":8},"end":{"line":142,"column":9}},"type":"if","locations":[{"start":{"line":140,"column":8},"end":{"line":142,"column":9}}]},"12":{"loc":{"start":{"line":150,"column":4},"end":{"line":152,"column":5}},"type":"if","locations":[{"start":{"line":150,"column":4},"end":{"line":152,"column":5}}]},"13":{"loc":{"start":{"line":160,"column":16},"end":{"line":160,"column":46}},"type":"binary-expr","location
[...]
,"/Users/jeremyparker/Desktop/Claude Coding Projects/n8n-mcp-server/src/transport/sseTransport.ts": {"path":"/Users/jeremyparker/Desktop/Claude Coding Projects/n8n-mcp-server/src/transport/sseTransport.ts","statementMap":{"0":{"start":{"line":22,"column":4},"end":{"line":22,"column":25}},"1":{"start":{"line":23,"column":4},"end":{"line":23,"column":25}},"2":{"start":{"line":30,"column":4},"end":{"line":32,"column":5}},"3":{"start":{"line":31,"column":6},"end":{"line":31,"column":54}},"4":{"start":{"line":34,"column":50},"end":{"line":34,"column":65}},"5":{"start":{"line":36,"column":4},"end":{"line":36,"column":65}},"6":{"start":{"line":37,"column":4},"end":{"line":37,"column":85}},"7":{"start":{"line":40,"column":4},"end":{"line":46,"column":7}},"8":{"start":{"line":49,"column":4},"end":{"line":51,"column":5}},"9":{"start":{"line":50,"column":6},"end":{"line":50,"column":30}},"10":{"start":{"line":53,"column":4},"end":{"line":53,"column":25}},"11":{"start":{"line":60,"column":4},"end":{"line":60,"column":46}},"12":{"start":{"line":60,"column":39},"end":{"line":60,"column":46}},"13":{"start":{"line":62,"column":27},"end":{"line":62,"column":63}},"14":{"start":{"line":66,"column":4},"end":{"line":66,"column":63}},"15":{"start":{"line":73,"column":4},"end":{"line":73,"column":33}},"16":{"start":{"line":73,"column":26},"end":{"line":73,"column":33}},"17":{"start":{"line":75,"column":43},"end":{"line":75,"column":58}},"18":{"start":{"line":77,"column":4},"end":{"line":77,"column":46}},"19":{"start":{"line":78,"column":4},"end":{"line":78,"column":58}},"20":{"start":{"line":79,"column":4},"end":{"line":79,"column":36}},"21":{"start":{"line":80,"column":4},"end":{"line":80,"column":36}},"22":{"start":{"line":81,"column":4},"end":{"line":81,"column":44}},"23":{"start":{"line":82,"column":4},"end":{"line":82,"column":69}},"24":{"start":{"line":84,"column":4},"end":{"line":87,"column":5}},"25":{"start":{"line":85,"column":6},"end":{"line":85,"column":68}},"26":{"start":{"line":86,"column":6},"end":{"line":86,"column":85}},"27":{"start":{"line":89,"column":4},"end":{"line":89,"column":49}},"28":{"start":{"line":90,"column":4},"end":{"line":90,"column":41}},"29":{"start":{"line":91,"column":4},"end":{"line":91,"column":92}},"30":{"start":{"line":92,"column":4},"end":{"line":92,"column":20}},"31":{"start":{"line":93,"column":4},"end":{"line":93,"column":71}},"32":{"start":{"line":94,"column":4},"end":{"line":94,"column":24}},"33":{"start":{"line":95,"column":4},"end":{"line":95,"column":40}},"34":{"start":{"line":96,"column":4},"end":{"line":96,"column":35}},"35":{"start":{"line":97,"column":4},"end":{"line":97,"column":46}},"36":{"start":{"line":98,"column":4},"end":{"line":98,"column":77}},"37":{"start":{"line":99,"column":4},"end":{"line":99,"column":37}},"38":{"start":{"line":100,"column":4},"end":{"line":100,"column":58}},"39":{"start":{"line":101,"column":4},"end":{"line":101,"column":61}},"40":{"start":{"line":102,"column":4},"end":{"line":102,"column":60}},"41":{"start":{"line":103,"column":4},"end":{"line":103,"column":30}},"42":{"start":{"line":104,"column":4},"end":{"line":104,"column":28}},"43":{"start":{"line":105,"column":4},"end":{"line":105,"column":26}},"44":{"start":{"line":106,"column":4},"end":{"line":106,"column":24}},"45":{"start":{"line":107,"column":4},"end":{"line":107,"column":20}},"46":{"start":{"line":114,"column":4},"end":{"line":114,"column":55}},"47":{"start":{"line":123,"column":2},"end":{"line":123,"column":49}},"48":{"start":{"line":129,"column":24},"end":{"line":194,"column":2}},"49":{"start":{"line":134,"column":4},"end":{"line":134,"column":44}},"50":{"start":{"line":134,"column":31},"end":{"line":134,"column":44}},"51":{"start":{"line":135,"column":4},"end":{"line":135,"column":34}},"52":{"start":{"line":135,"column":21},"end":{"line":135,"column":34}},"53":{"start":{"line":137,"column":31},"end":{"line":137,"column":41}},"54":{"start":{"line":140,"column":4},"end":{"line":143,"column":5}},"55":{"start":{"line":141,"column":6},"end":{"line":141,"column":75}},"56":{"start":{"line":142,"column":6},"end":{"line":142,"column":19}},"57":{"start":{"line":146,"column":4},"end":{"line":149,"column":5}},"58":{"start":{"line":147,"column":6},"end":{"line":147,"column":76}},"59":{"start":{"line":148,"column":6},"end":{"line":148,"column":19}},"60":{"start":{"line":151,"column":4},"end":{"line":151,"column":16}},"61":{"start":{"line":158,"column":4},"end":{"line":158,"column":58}},"62":{"start":{"line":158,"column":46},"end":{"line":158,"column":58}},"63":{"start":{"line":160,"column":37},"end":{"line":160,"column":47}},"64":{"start":{"line":161,"column":21},"end":{"line":161,"column":52}},"65":{"start":{"line":162,"column":4},"end":{"line":162,"column":54}},"66":{"start":{"line":173,"column":16},"end":{"line":173,"column":45}},"67":{"start":{"line":174,"column":4},"end":{"line":174,"column":26}},"68":{"start":{"line":174,"column":14},"end":{"line":174,"column":26}},"69":{"start":{"line":176,"column":4},"end":{"line":192,"column":6}},"70":{"start":{"line":199,"column":34},"end":{"line":212,"column":11}}},"fnMap":{"0":{"name":"(anonymous_0)","decl":{"start":{"line":21,"column":2},"end":{"line":21,"column":14}},"loc":{"start":{"line":21,"column":54},"end":{"line":24,"column":3}}},"1":{"name":"(anonymous_1)","decl":{"start":{"line":29,"column":9},"end":{"line":29,"column":14}},"loc":{"start":{"line":29,"column":20},"end":{"line":54,"column":3}}},"2":{"name":"(anonymous_2)","decl":{"start":{"line":59,"column":10},"end":{"line":59,"column":26}},"loc":{"start":{"line":59,"column":26},"end":{"line":67,"column":3}}},"3":{"name":"(anonymous_3)","decl":{"start":{"line":72,"column":10},"end":{"line":72,"column":23}},"loc":{"start":{"line":72,"column":23},"end":{"line":108,"column":3}}},"4":{"name":"(anonymous_4)","decl":{"start":{"line":113,"column":9},"end":{"line":113,"column":14}},"loc":{"start":{"line":113,"column":19},"end":{"line":116,"column":3}}},"5":{"name":"createSSETransport","decl":{"start":{"line":122,"column":16},"end":{"line":122,"column":34}},"loc":{"start":{"line":122,"column":75},"end":{"line":124,"column":1}}},"6":{"name":"(anonymous_6)","decl":{"start":{"line":133,"column":2},"end":{"line":133,"column":16}},"loc":{"start":{"line":133,"column":40},"end":{"line":152,"column":3}}},"7":{"name":"(anonymous_7)","decl":{"start":{"line":157,"column":2},"end":{"line":157,"column":18}},"loc":{"start":{"line":157,"column":42},"end":{"line":163,"column":3}}},"8":{"name":"(anonymous_8)","decl":{"start":{"line":168,"column":2},"end":{"line":168,"column":30}},"loc":{"start":{"line":168,"column":54},"end":{"line":193,"column":3}}}},"branchMap":{"0":{"loc":{"start":{"line":30,"column":4},"end":{"line":32,"column":5}},"type":"if","locations":[{"start":{"line":30,"column":4},"end":{"line":32,"column":5}}]},"1":{"loc":{"start":{"line":30,"column":8},"end":{"line":30,"column":54}},"type":"binary-expr","locations":[{"start":{"line":30,"column":8},"end":{"line":30,"column":34}},{"start":{"line":30,"column":38},"end":{"line":30,"column":54}}]},"2":{"loc":{"start":{"line":49,"column":4},"end":{"line":51,"column":5}},"type":"if","locations":[{"start":{"line":49,"column":4},"end":{"line":51,"column":5}}]},"3":{"loc":{"start":{"line":60,"column":4},"end":{"line":60,"column":46}},"type":"if","locations":[{"start":{"line":60,"column":4},"end":{"line":60,"column":46}}]},"4":{"loc":{"start":{"line":73,"column":4},"end":{"line":73,"column":33}},"type":"if","locations":[{"start":{"line":73,"column":4},"end":{"line":73,"column":33}}]},"5":{"loc":{"start":{"line":82,"column":28},"end":{"line":82,"column":65}},"type":"cond-expr","locations":[{"start":{"line":82,"column":43},"end":{"line":82,"column":52}},{"start":{"line":82,"column":55},"end":{"line":82,"column":65}}]},"6":{"loc":{"start":{"line":84,"column":4},"end":{"line":87,"column":5}},"type":"if","locations":[{"start":{"line":84,"column":4},"end":{"line":87,"column":5}}]},"7":{"loc":{"start":{"line":86,"column":37},"end":{"line":86,"column":81}},"type":"cond-expr","locations":[{"start":{"line":86,"column":56},"end":{"line":86,"column":65}},{"start":{"line":86,"column":68},"end":{"line":86,"column":81}}]},"8":{"loc":{"start":{"line":134,"column":4},"end":{"line":134,"column":44}},"type":"if","locations":[{"start":{"line":134,"column":4},"end":{"line":134,"column":44}}]},"9":{"loc":{"start":{"line":135,"column":4},"end":{"line":135,"column":34}},"type":"if","locations":[{"start":{"line":135,"column":4},"end":{"line":135,"column":34}}]},"10":{"loc":{"start":{"line":140,"column":4},"end":{"line":143,"column":5}},"type":"if","locations":[{"start":{"line":140,"column":4},"end":{"line":143,"column":5}}]},"11":{"loc":{"start":{"line":140,"column":8},"end":{"line":140,"column":35}},"type":"binary-expr","locations":[{"start":{"line":140,"column":8},"end":{"line":140,"column":19}},{"start":{"line":140,"column":23},"end":{"line":140,"column":35}}]},"12":{"loc":{"start":{"line":146,"column":4},"end":{"line":149,"column":5}},"type":"if","locations":[{"start":{"line":146,"column":4},"end":{"line":149,"column":5}}]},"13":{"loc":{"start":{"line":158,"column":4},"end":{"line":158,"column":58}},"type":"if","locations":[{"start":{"line":158,"column":4},"end":{"line":158,"column":58}}]},"14":{"loc":{"start":{"line":158,"column":8},"end":{"line":158,"column":44}},"type":"binary-expr","locations":[{"start":{"line":158,"column":8},"end":{"line":158,"column":29}},{"start":{"line":158,"column":33},"end":{"line":158,"column":44}}]},"15":{"loc":{"start":{"line":161,"column":21},"end":{"line":161,"column":52}},"type":"cond-expr","locations":[{"start":{"line":161,"column":36},"end":{"line":161,"column":43}},{"start":{"line":161,"column":46},"end":{"line":161,"column":52}}]},"16":{"loc":{"start":{"line":174,"column":4},"end":{"line":174,"column":26}},"type":"if","locations":[{"start":{"line":174,"column":4},"end":{"line":174,"column":26}}]}},"s":{"0":0,"1":0,"2":0,"3":0,"4":0,"5":0,"6":0,"7":0,"8":0,"9":0,"10":0,"11":0,"12":0,"13":0,"14":0,"15":0,"16":0,"17":0,"18":0,"19":0,"20":0,"21":0,"22":0,"23":0,"24":0,"25":0,"26":0,"27":0,"28":0,"29":0,"30":0,"31":0,"32":0,"33":0,"34":0,"35":0,"36":0,"37":0,"38":0,"39":0,"40":0,"41":0,"42":0,"43":0,"44":0,"45":0,"46":0,"47":0,"48":0,"49":0,"50":0,"51":0,"52":0,"53":0,"54":0,"55":0,"56":0,"57":0,"58":0,"59":0,"60":0,"61":0,"62":0,"63":0,"64":0,"65":0,"66":0,"67":0,"68":0,"69":0,"70":0},"f":{"0":0,"1":0,"2":0,"3":0,"4":0,"5":0,"6":0,"7":0,"8":0},"b":{"0":[0],"1":[0,0],"2":[0],"3":[0],"4":[0],"5":[0,0],"6":[0],"7":[0,0],"8":[0],"9":[0],"10":[0],"11":[0,0],"12":[0],"13":[0],"14":[0,0],"15":[0,0],"16":[0]}}
,"/Users/jeremyparker/Desktop/Claude Coding Projects/n8n-mcp-server/src/transport/transportConfig.ts": {"path":"/Users/jeremyparker/Desktop/Claude Coding Projects/n8n-mcp-server/src/transport/transportConfig.ts","statementMap":{"0":{"start":{"line":11,"column":37},"end":{"line":33,"column":2}},"1":{"start":{"line":40,"column":31},"end":{"line":78,"column":11}},"2":{"start":{"line":85,"column":24},"end":{"line":85,"column":84}},"3":{"start":{"line":87,"column":2},"end":{"line":89,"column":3}},"4":{"start":{"line":88,"column":4},"end":{"line":88,"column":31}},"5":{"start":{"line":91,"column":2},"end":{"line":93,"column":3}},"6":{"start":{"line":92,"column":4},"end":{"line":92,"column":39}},"7":{"start":{"line":96,"column":2},"end":{"line":98,"column":3}},"8":{"start":{"line":97,"column":4},"end":{"line":97,"column":31}},"9":{"start":{"line":101,"column":2},"end":{"line":103,"column":3}},"10":{"start":{"line":102,"column":4},"end":{"line":102,"column":31}},"11":{"start":{"line":106,"column":2},"end":{"line":106,"column":37}},"12":{"start":{"line":113,"column":2},"end":{"line":113,"column":45}},"13":{"start":{"line":120,"column":2},"end":{"line":122,"column":3}},"14":{"start":{"line":121,"column":4},"end":{"line":121,"column":16}},"15":{"start":{"line":124,"column":35},"end":{"line":124,"column":45}},"16":{"start":{"line":125,"column":19},"end":{"line":125,"column":50}},"17":{"start":{"line":126,"column":2},"end":{"line":126,"column":52}},"18":{"start":{"line":132,"column":26},"end":{"line":148,"column":11}},"19":{"start":{"line":154,"column":43},"end":{"line":154,"column":45}},"20":{"start":{"line":157,"column":2},"end":{"line":159,"column":3}},"21":{"start":{"line":158,"column":4},"end":{"line":158,"column":76}},"22":{"start":{"line":163,"column":4},"end":{"line":169,"column":51}},"23":{"start":{"line":171,"column":2},"end":{"line":187,"column":3}},"24":{"start":{"line":172,"column":23},"end":{"line":172,"column":55}},"25":{"start":{"line":173,"column":4},"end":{"line":186,"column":6}},"26":{"start":{"line":189,"column":2},"end":{"line":189,"column":16}}},"fnMap":{"0":{"name":"detectTransportConfig","decl":{"start":{"line":83,"column":16},"end":{"line":83,"column":37}},"loc":{"start":{"line":83,"column":37},"end":{"line":107,"column":1}}},"1":{"name":"validateTransportConfig","decl":{"start":{"line":112,"column":16},"end":{"line":112,"column":39}},"loc":{"start":{"line":112,"column":55},"end":{"line":114,"column":1}}},"2":{"name":"getServerUrl","decl":{"start":{"line":119,"column":16},"end":{"line":119,"column":28}},"loc":{"start":{"line":119,"column":52},"end":{"line":127,"column":1}}},"3":{"name":"parseConfigFromEnv","decl":{"start":{"line":153,"column":16},"end":{"line":153,"column":34}},"loc":{"start":{"line":153,"column":34},"end":{"line":190,"column":1}}}},"branchMap":{"0":{"loc":{"start":{"line":64,"column":12},"end":{"line":64,"column":64}},"type":"cond-expr","locations":[{"start":{"line":64,"column":31},"end":{"line":64,"column":57}},{"start":{"line":64,"column":60},"end":{"line":64,"column":64}}]},"1":{"loc":{"start":{"line":69,"column":17},"end":{"line":69,"column":62}},"type":"binary-expr","locations":[{"start":{"line":69,"column":17},"end":{"line":69,"column":53}},{"start":{"line":69,"column":57},"end":{"line":69,"column":62}}]},"2":{"loc":{"start":{"line":87,"column":2},"end":{"line":89,"column":3}},"type":"if","locations":[{"start":{"line":87,"column":2},"end":{"line":89,"column":3}}]},"3":{"loc":{"start":{"line":91,"column":2},"end":{"line":93,"column":3}},"type":"if","locations":[{"start":{"line":91,"column":2},"end":{"line":93,"column":3}}]},"4":{"loc":{"start":{"line":96,"column":2},"end":{"line":98,"column":3}},"type":"if","locations":[{"start":{"line":96,"column":2},"end":{"line":98,"column":3}}]},"5":{"loc":{"start":{"line":96,"column":6},"end":{"line":96,"column":63}},"type":"binary-expr","locations":[{"start":{"line":96,"column":6},"end":{"line":96,"column":43}},{"start":{"line":96,"column":47},"end":{"line":96,"column":63}}]},"6":{"loc":{"start":{"line":101,"column":2},"end":{"line":103,"column":3}},"type":"if","locations":[{"start":{"line":101,"column":2},"end":{"line":103,"column":3}}]},"7":{"loc":{"start":{"line":101,"column":6},"end":{"line":101,"column":81}},"type":"binary-expr","locations":[{"start":{"line":101,"column":6},"end":{"line":101,"column":37}},{"start":{"line":101,"column":41},"end":{"line":101,"column":59}},{"start":{"line":101,"column":63},"end":{"line":101,"column":81}}]},"8":{"loc":{"start":{"line":120,"column":2},"end":{"line":122,"column":3}},"type":"if","locations":[{"start":{"line":120,"column":2},"end":{"line":122,"column":3}}]},"9":{"loc":{"start":{"line":120,"column":6},"end":{"line":120,"column":42}},"type":"binary-expr","locations":[{"start":{"line":120,"column":6},"end":{"line":120,"column":27}},{"start":{"line":120,"column":31},"end":{"line":120,"column":42}}]},"10":{"loc":{"start":{"line":125,"column":19},"end":{"line":125,"column":50}},"type":"cond-expr","locations":[{"start":{"line":125,"column":34},"end":{"line":125,"column":41}},{"start":{"line":125,"column":44},"end":{"line":125,"column":50}}]},"11":{"loc":{"start":{"line":157,"column":2},"end":{"line":159,"column":3}},"type":"if","locations":[{"start":{"line":157,"column":2},"end":{"line":159,"column":3}}]},"12":{"loc":{"start":{"line":163,"column":4},"end":{"line":169,"column":51}},"type":"binary-expr","locations":[{"start":{"line":163,"column":4},"end":{"line":163,"column":38}},{"start":{"line":164,"column":4},"end":{"line":164,"column":38}},{"start":{"line":165,"column":4},"end":{"line":165,"column":42}},{"start":{"line":166,"column":4},"end":{"line":166,"column":42}},{"start":{"line":167,"column":4},"end":{"line":167,"column":46}},{"start":{"line":168,"column":4},"end":{"line":168,"column":50}},{"start":{"line":169,"column":4},"end":{"line":169,"column":51}}]},"13":{"loc":{"start":{"line":171,"column":2},"end":{"line":187,"column":3}},"type":"if","locations":[{"start":{"line":171,"column":2},"end":{"line":187,"column":3}}]},"14":{"loc":{"start":{"line":171,"column":6},"end":{"line":171,"column":46}},"type":"binary-expr","locations":[{"start":{"line":171,"column":6},"end":{"line":171,"column":27}},{"start":{"line":171,"column":31},"end":{"line":171,"column":46}}]},"15":{"loc":{"start":{"line":174,"column":12},"end":{"line":174,"column":52}},"type":"cond-expr","locations":[{"start":{"line":174,"column":25},"end":{"line":174,"column":45}},{"start":{"line":174,"column":48},"end":{"line":174,"column":52}}]},"16":{"loc":{"start":{"line":175,"column":12},"end":{"line":175,"column":59}},"type":"binary-expr","locations":[{"start":{"line":175,"column":12},"end":{"line":175,"column":44}},{"start":{"line":175,"column":48},"end":{"line":175,"column":59}}]},"17":{"loc":{"start":{"line":176,"column":16},"end":{"line":176,"column":62}},"type":"binary-expr","locations":[{"start":{"line":176,"column":16},"end":{"line":176,"column":52}},{"start":{"line":176,"column":56},"end":{"line":176,"column":62}}]},"18":{"loc":{"start":{"line":179,"column":17},"end":{"line":179,"column":74}},"type":"binary-expr","locations":[{"start":{"line":179,"column":17},"end":{"line":179,"column":65}},{"start":{"line":179,"column":69},"end":{"line":179,"column":74}}]},"19":{"loc":{"start":{"line":184,"column":18},"end":{"line":184,"column":76}},"type":"binary-expr","locations":[{"start":{"line":184,"column":18},"end":{"line":184,"column":63}},{"start":{"line":184,"column":67},"end":{"line":184,"column":76}}]}},"s":{"0":0,"1":0,"2":0,"3":0,"4":0,"5":0,"6":0,"7":0,"8":0,"9":0,"10":0,"11":0,"12":0,"13":0,"14":0,"15":0,"16":0,"17":0,"18":0,"19":0,"20":0,"21":0,"22":0,"23":0,"24":0,"25":0,"26":0},"f":{"0":0,"1":0,"2":0,"3":0},"b":{"0":[0,0],"1":[0,0],"2":[0],"3":[0],"4":[0],"5":[0,0],"6":[0],"7":[0,0,0],"8":[0],"9":[0,0],"10":[0,0],"11":[0],"12":[0,0,0,0,0,0,0],"13":[0],"14":[0,0],"15":[0,0],"16":[0,0],"17":[0,0],"18":[0,0],"19":[0,0]}}
}
