TN:
SF:src/resources/executionResources.ts
FN:44,(anonymous_0)
FN:59,(anonymous_1)
FN:72,(anonymous_2)
FN:97,(anonymous_3)
FN:115,(anonymous_4)
FN:133,(anonymous_5)
FN:151,(anonymous_6)
FN:176,(anonymous_7)
FN:201,(anonymous_8)
FN:220,(anonymous_9)
FN:271,(anonymous_10)
FN:296,(anonymous_11)
FN:309,(anonymous_12)
FN:347,(anonymous_13)
FN:360,(anonymous_14)
FN:363,(anonymous_15)
FN:398,(anonymous_16)
FN:413,(anonymous_17)
FN:415,(anonymous_18)
FN:416,(anonymous_19)
FN:439,(anonymous_20)
FN:453,(anonymous_21)
FN:458,(anonymous_22)
FN:494,(anonymous_23)
FN:516,(anonymous_24)
FN:518,(anonymous_25)
FN:546,(anonymous_26)
FN:578,(anonymous_27)
FN:580,(anonymous_28)
FN:581,(anonymous_29)
FN:585,(anonymous_30)
FN:591,(anonymous_31)
FN:599,(anonymous_32)
FN:617,(anonymous_33)
FN:628,(anonymous_34)
FN:640,(anonymous_35)
FN:647,(anonymous_36)
FN:658,createExecutionResources
FNF:38
FNH:37
FNDA:45,(anonymous_0)
FNDA:37,(anonymous_1)
FNDA:16,(anonymous_2)
FNDA:3,(anonymous_3)
FNDA:4,(anonymous_4)
FNDA:3,(anonymous_5)
FNDA:4,(anonymous_6)
FNDA:0,(anonymous_7)
FNDA:2,(anonymous_8)
FNDA:15,(anonymous_9)
FNDA:3,(anonymous_10)
FNDA:4,(anonymous_11)
FNDA:3,(anonymous_12)
FNDA:3,(anonymous_13)
FNDA:3,(anonymous_14)
FNDA:1,(anonymous_15)
FNDA:4,(anonymous_16)
FNDA:4,(anonymous_17)
FNDA:4,(anonymous_18)
FNDA:4,(anonymous_19)
FNDA:2,(anonymous_20)
FNDA:3,(anonymous_21)
FNDA:1,(anonymous_22)
FNDA:3,(anonymous_23)
FNDA:20,(anonymous_24)
FNDA:4,(anonymous_25)
FNDA:2,(anonymous_26)
FNDA:3,(anonymous_27)
FNDA:4,(anonymous_28)
FNDA:2,(anonymous_29)
FNDA:2,(anonymous_30)
FNDA:3,(anonymous_31)
FNDA:4,(anonymous_32)
FNDA:31,(anonymous_33)
FNDA:24,(anonymous_34)
FNDA:1,(anonymous_35)
FNDA:1,(anonymous_36)
FNDA:2,createExecutionResources
DA:40,1
DA:42,45
DA:45,45
DA:61,37
DA:73,16
DA:74,16
DA:75,1
DA:78,15
DA:79,13
DA:86,37
DA:98,3
DA:99,3
DA:100,0
DA:103,3
DA:104,2
DA:111,37
DA:116,4
DA:117,4
DA:118,0
DA:121,4
DA:122,3
DA:129,37
DA:134,3
DA:135,3
DA:136,0
DA:139,3
DA:140,2
DA:147,37
DA:152,4
DA:153,4
DA:154,0
DA:157,4
DA:158,3
DA:165,37
DA:177,0
DA:178,0
DA:179,0
DA:182,0
DA:183,0
DA:190,37
DA:202,2
DA:203,2
DA:204,0
DA:207,2
DA:208,2
DA:214,37
DA:221,15
DA:222,15
DA:223,15
DA:224,1
DA:227,14
DA:228,14
DA:231,12
DA:259,12
DA:260,12
DA:262,2
DA:272,3
DA:273,3
DA:274,3
DA:275,0
DA:278,3
DA:279,3
DA:282,2
DA:284,2
DA:285,2
DA:287,1
DA:297,4
DA:298,4
DA:299,4
DA:300,0
DA:303,4
DA:304,4
DA:308,3
DA:309,3
DA:335,3
DA:336,3
DA:338,1
DA:348,3
DA:349,3
DA:350,3
DA:351,0
DA:354,3
DA:355,3
DA:360,3
DA:362,2
DA:363,1
DA:386,2
DA:387,2
DA:389,1
DA:399,4
DA:400,4
DA:401,4
DA:402,0
DA:405,4
DA:406,4
DA:410,3
DA:413,4
DA:415,4
DA:416,4
DA:427,3
DA:428,3
DA:430,1
DA:440,2
DA:441,2
DA:442,2
DA:443,0
DA:446,2
DA:447,2
DA:452,2
DA:453,3
DA:456,2
DA:458,1
DA:482,2
DA:483,2
DA:485,0
DA:495,3
DA:496,0
DA:499,3
DA:500,3
DA:501,1
DA:510,2
DA:517,20
DA:518,4
DA:521,16
DA:522,14
DA:523,14
DA:525,18
DA:526,18
DA:532,4
DA:534,14
DA:537,14
DA:540,2
DA:547,2
DA:549,2
DA:550,2
DA:551,2
DA:552,2
DA:553,2
DA:554,2
DA:556,2
DA:557,1
DA:558,1
DA:559,1
DA:563,2
DA:564,1
DA:565,1
DA:566,1
DA:567,1
DA:568,1
DA:572,2
DA:579,3
DA:580,4
DA:581,2
DA:583,3
DA:585,2
DA:592,3
DA:599,3
DA:600,4
DA:601,2
DA:602,2
DA:603,1
DA:604,1
DA:605,1
DA:607,0
DA:611,3
DA:618,31
DA:619,31
DA:620,1
DA:622,30
DA:629,24
DA:630,22
DA:641,1
DA:648,1
DA:658,1
DA:661,2
LF:175
LH:157
BRDA:44,0,0,33
BRDA:74,1,0,1
BRDA:99,2,0,0
BRDA:117,3,0,0
BRDA:135,4,0,0
BRDA:153,5,0,0
BRDA:178,6,0,0
BRDA:203,7,0,0
BRDA:223,8,0,1
BRDA:234,9,0,9
BRDA:234,9,1,3
BRDA:234,10,0,1
BRDA:234,10,1,2
BRDA:238,11,0,10
BRDA:238,11,1,2
BRDA:238,12,0,12
BRDA:238,12,1,10
BRDA:248,13,0,3
BRDA:248,13,1,9
BRDA:249,14,0,3
BRDA:249,14,1,0
BRDA:263,15,0,1
BRDA:263,15,1,1
BRDA:274,16,0,0
BRDA:288,17,0,1
BRDA:288,17,1,0
BRDA:299,18,0,0
BRDA:313,19,0,2
BRDA:313,19,1,1
BRDA:313,20,0,1
BRDA:313,20,1,0
BRDA:317,21,0,3
BRDA:317,21,1,0
BRDA:317,22,0,3
BRDA:317,22,1,3
BRDA:339,23,0,1
BRDA:339,23,1,0
BRDA:350,24,0,0
BRDA:369,25,0,1
BRDA:369,25,1,0
BRDA:390,26,0,1
BRDA:390,26,1,0
BRDA:401,27,0,0
BRDA:413,28,0,4
BRDA:413,28,1,2
BRDA:416,29,0,4
BRDA:416,29,1,2
BRDA:431,30,0,1
BRDA:431,30,1,0
BRDA:442,31,0,0
BRDA:460,32,0,1
BRDA:460,32,1,0
BRDA:460,33,0,0
BRDA:460,33,1,0
BRDA:464,34,0,1
BRDA:464,34,1,0
BRDA:464,35,0,1
BRDA:464,35,1,1
BRDA:486,36,0,0
BRDA:486,36,1,0
BRDA:495,37,0,0
BRDA:495,38,0,3
BRDA:495,38,1,3
BRDA:500,39,0,1
BRDA:517,40,0,4
BRDA:521,41,0,14
BRDA:521,42,0,16
BRDA:521,42,1,16
BRDA:526,43,0,4
BRDA:526,43,1,14
BRDA:527,44,0,18
BRDA:527,44,1,17
BRDA:527,44,2,16
BRDA:527,44,3,15
BRDA:552,45,0,2
BRDA:552,45,1,0
BRDA:553,46,0,1
BRDA:553,46,1,1
BRDA:556,47,0,1
BRDA:563,48,0,1
BRDA:580,49,0,4
BRDA:580,49,1,4
BRDA:583,50,0,2
BRDA:600,51,0,2
BRDA:600,51,1,2
BRDA:600,52,0,4
BRDA:600,52,1,2
BRDA:602,53,0,1
BRDA:602,53,1,1
BRDA:604,54,0,1
BRDA:604,54,1,0
BRDA:604,55,0,1
BRDA:604,55,1,1
BRDA:619,56,0,1
BRDA:619,57,0,31
BRDA:619,57,1,1
BRDA:629,58,0,22
BRF:97
BRH:69
end_of_record
TN:
SF:src/resources/resourceManager.ts
FN:52,(anonymous_0)
FN:68,(anonymous_1)
FN:110,(anonymous_2)
FN:116,(anonymous_3)
FN:136,(anonymous_4)
FN:150,(anonymous_5)
FN:156,(anonymous_6)
FN:176,(anonymous_7)
FN:190,(anonymous_8)
FN:196,(anonymous_9)
FN:214,(anonymous_10)
FN:228,(anonymous_11)
FN:272,(anonymous_12)
FN:292,(anonymous_13)
FN:323,(anonymous_14)
FN:346,(anonymous_15)
FN:358,(anonymous_16)
FN:359,(anonymous_17)
FN:360,(anonymous_18)
FN:390,(anonymous_19)
FN:402,(anonymous_20)
FN:465,(anonymous_21)
FN:474,(anonymous_22)
FN:485,createResourceManager
FN:510,parseResourceConfigFromEnv
FN:517,(anonymous_25)
FN:521,(anonymous_26)
FNF:27
FNH:27
FNDA:40,(anonymous_0)
FNDA:26,(anonymous_1)
FNDA:25,(anonymous_2)
FNDA:1,(anonymous_3)
FNDA:2,(anonymous_4)
FNDA:5,(anonymous_5)
FNDA:1,(anonymous_6)
FNDA:2,(anonymous_7)
FNDA:26,(anonymous_8)
FNDA:6,(anonymous_9)
FNDA:2,(anonymous_10)
FNDA:1,(anonymous_11)
FNDA:2,(anonymous_12)
FNDA:1,(anonymous_13)
FNDA:2,(anonymous_14)
FNDA:4,(anonymous_15)
FNDA:3,(anonymous_16)
FNDA:3,(anonymous_17)
FNDA:3,(anonymous_18)
FNDA:9,(anonymous_19)
FNDA:2,(anonymous_20)
FNDA:1,(anonymous_21)
FNDA:1,(anonymous_22)
FNDA:2,createResourceManager
FNDA:3,parseResourceConfigFromEnv
FNDA:3,(anonymous_25)
FNDA:3,(anonymous_26)
DA:13,1
DA:14,1
DA:47,1
DA:53,40
DA:69,26
DA:72,26
DA:73,25
DA:78,25
DA:82,26
DA:83,25
DA:88,25
DA:92,26
DA:93,25
DA:97,26
DA:98,5
DA:102,26
DA:104,26
DA:112,25
DA:117,1
DA:118,1
DA:125,25
DA:137,2
DA:138,2
DA:144,25
DA:152,5
DA:157,1
DA:158,1
DA:165,5
DA:177,2
DA:178,2
DA:184,5
DA:192,26
DA:197,6
DA:198,6
DA:199,2
DA:202,4
DA:203,4
DA:210,26
DA:215,2
DA:216,2
DA:222,26
DA:230,1
DA:274,2
DA:293,1
DA:324,2
DA:347,4
DA:349,4
DA:350,3
DA:352,3
DA:358,3
DA:359,3
DA:360,3
DA:374,1
DA:391,9
DA:392,9
DA:393,6
DA:395,3
DA:403,2
DA:405,2
DA:406,2
DA:419,2
DA:420,2
DA:434,2
DA:435,2
DA:446,2
DA:466,1
DA:467,1
DA:468,1
DA:475,1
DA:485,1
DA:486,2
DA:492,1
DA:510,1
DA:511,3
DA:518,3
DA:519,3
DA:522,3
DA:523,3
LF:78
LH:78
BRDA:52,0,0,22
BRDA:72,1,0,25
BRDA:82,2,0,25
BRDA:92,3,0,25
BRDA:97,4,0,5
BRDA:198,5,0,2
BRDA:376,6,0,1
BRDA:376,6,1,0
BRDA:405,7,0,2
BRDA:419,8,0,2
BRDA:434,9,0,2
BRDA:476,10,0,1
BRDA:476,10,1,0
BRDA:477,11,0,1
BRDA:477,11,1,0
BRDA:512,12,0,3
BRDA:512,12,1,2
BRDA:519,13,0,2
BRDA:519,13,1,1
BRDA:523,14,0,2
BRDA:523,14,1,1
BRF:21
BRH:18
end_of_record
TN:
SF:src/resources/workflowResources.ts
FN:42,(anonymous_0)
FN:56,(anonymous_1)
FN:69,(anonymous_2)
FN:87,(anonymous_3)
FN:105,(anonymous_4)
FN:123,(anonymous_5)
FN:148,(anonymous_6)
FN:167,(anonymous_7)
FN:210,(anonymous_8)
FN:223,(anonymous_9)
FN:258,(anonymous_10)
FN:271,(anonymous_11)
FN:274,(anonymous_12)
FN:306,(anonymous_13)
FN:320,(anonymous_14)
FN:321,(anonymous_15)
FN:344,(anonymous_16)
FN:347,(anonymous_17)
FN:349,(anonymous_18)
FN:362,(anonymous_19)
FN:368,(anonymous_20)
FN:369,(anonymous_21)
FN:370,(anonymous_22)
FN:371,(anonymous_23)
FN:378,(anonymous_24)
FN:389,(anonymous_25)
FN:401,(anonymous_26)
FN:408,(anonymous_27)
FN:419,createWorkflowResources
FNF:29
FNH:29
FNDA:44,(anonymous_0)
FNDA:35,(anonymous_1)
FNDA:14,(anonymous_2)
FNDA:7,(anonymous_3)
FNDA:4,(anonymous_4)
FNDA:11,(anonymous_5)
FNDA:1,(anonymous_6)
FNDA:14,(anonymous_7)
FNDA:7,(anonymous_8)
FNDA:5,(anonymous_9)
FNDA:4,(anonymous_10)
FNDA:3,(anonymous_11)
FNDA:1,(anonymous_12)
FNDA:11,(anonymous_13)
FNDA:16,(anonymous_14)
FNDA:16,(anonymous_15)
FNDA:10,(anonymous_16)
FNDA:16,(anonymous_17)
FNDA:20,(anonymous_18)
FNDA:10,(anonymous_19)
FNDA:16,(anonymous_20)
FNDA:16,(anonymous_21)
FNDA:16,(anonymous_22)
FNDA:16,(anonymous_23)
FNDA:36,(anonymous_24)
FNDA:29,(anonymous_25)
FNDA:1,(anonymous_26)
FNDA:1,(anonymous_27)
FNDA:2,createWorkflowResources
DA:38,1
DA:40,44
DA:43,44
DA:58,35
DA:70,14
DA:71,14
DA:72,1
DA:75,13
DA:76,11
DA:83,35
DA:88,7
DA:89,7
DA:90,0
DA:93,7
DA:94,6
DA:101,35
DA:106,4
DA:107,4
DA:108,0
DA:111,4
DA:112,3
DA:119,35
DA:124,11
DA:125,11
DA:126,0
DA:129,11
DA:130,10
DA:137,35
DA:149,1
DA:150,1
DA:151,0
DA:154,1
DA:155,1
DA:161,35
DA:168,14
DA:169,14
DA:170,14
DA:171,1
DA:174,13
DA:175,13
DA:178,11
DA:198,11
DA:199,11
DA:201,2
DA:211,7
DA:212,7
DA:213,7
DA:214,1
DA:217,6
DA:218,6
DA:222,5
DA:223,5
DA:246,5
DA:247,5
DA:249,1
DA:259,4
DA:260,4
DA:261,4
DA:262,0
DA:265,4
DA:266,4
DA:271,3
DA:273,3
DA:274,1
DA:294,3
DA:295,3
DA:297,1
DA:307,11
DA:308,11
DA:309,11
DA:310,0
DA:313,11
DA:314,11
DA:318,10
DA:320,16
DA:321,16
DA:332,10
DA:333,10
DA:335,1
DA:345,10
DA:347,10
DA:348,16
DA:349,12
DA:350,20
DA:351,20
DA:356,10
DA:363,10
DA:364,10
DA:365,10
DA:367,10
DA:368,16
DA:369,16
DA:370,16
DA:371,16
DA:379,36
DA:380,36
DA:381,2
DA:383,34
DA:390,29
DA:391,27
DA:402,1
DA:409,1
DA:419,1
DA:420,2
LF:104
LH:98
BRDA:42,0,0,33
BRDA:71,1,0,1
BRDA:89,2,0,0
BRDA:107,3,0,0
BRDA:125,4,0,0
BRDA:150,5,0,0
BRDA:170,6,0,1
BRDA:184,7,0,11
BRDA:184,7,1,1
BRDA:187,8,0,11
BRDA:187,8,1,2
BRDA:188,9,0,11
BRDA:188,9,1,0
BRDA:202,10,0,1
BRDA:202,10,1,1
BRDA:213,11,0,1
BRDA:227,12,0,5
BRDA:227,12,1,2
BRDA:250,13,0,1
BRDA:250,13,1,0
BRDA:261,14,0,0
BRDA:277,15,0,1
BRDA:277,15,1,0
BRDA:298,16,0,1
BRDA:298,16,1,0
BRDA:309,17,0,0
BRDA:336,18,0,1
BRDA:336,18,1,0
BRDA:348,19,0,12
BRDA:348,20,0,16
BRDA:348,20,1,14
BRDA:350,21,0,20
BRDA:350,21,1,0
BRDA:351,22,0,20
BRDA:351,22,1,16
BRDA:380,23,0,2
BRDA:380,24,0,36
BRDA:380,24,1,3
BRDA:390,25,0,27
BRF:39
BRH:27
end_of_record
