TN:
SF:src/index-fastmcp.ts
FN:117,(anonymous_0)
FN:120,(anonymous_1)
FN:202,(anonymous_2)
FN:235,(anonymous_3)
FN:251,startServer
FN:299,(anonymous_5)
FN:304,(anonymous_6)
FNF:7
FNH:0
FNDA:0,(anonymous_0)
FNDA:0,(anonymous_1)
FNDA:0,(anonymous_2)
FNDA:0,(anonymous_3)
FNDA:0,startServer
FNDA:0,(anonymous_5)
FNDA:0,(anonymous_6)
DA:43,0
DA:46,0
DA:117,0
DA:120,0
DA:121,0
DA:125,0
DA:126,0
DA:127,0
DA:128,0
DA:129,0
DA:130,0
DA:131,0
DA:132,0
DA:135,0
DA:138,0
DA:141,0
DA:144,0
DA:145,0
DA:148,0
DA:151,0
DA:154,0
DA:157,0
DA:160,0
DA:163,0
DA:166,0
DA:167,0
DA:168,0
DA:171,0
DA:174,0
DA:175,0
DA:178,0
DA:179,0
DA:182,0
DA:185,0
DA:188,0
DA:203,0
DA:205,0
DA:208,0
DA:211,0
DA:213,0
DA:215,0
DA:216,0
DA:218,0
DA:224,0
DA:236,0
DA:237,0
DA:240,0
DA:242,0
DA:243,0
DA:245,0
DA:252,0
DA:254,0
DA:255,0
DA:258,0
DA:259,0
DA:261,0
DA:262,0
DA:264,0
DA:266,0
DA:267,0
DA:268,0
DA:272,0
DA:273,0
DA:276,0
DA:277,0
DA:278,0
DA:282,0
DA:285,0
DA:288,0
DA:290,0
DA:291,0
DA:296,0
DA:299,0
DA:300,0
DA:301,0
DA:304,0
DA:305,0
DA:306,0
LF:78
LH:0
BRDA:215,0,0,0
BRDA:236,1,0,0
BRDA:245,2,0,0
BRDA:245,2,1,0
BRDA:259,3,0,0
BRDA:259,3,1,0
BRDA:264,4,0,0
BRDA:264,4,1,0
BRDA:266,5,0,0
BRDA:277,6,0,0
BRF:10
BRH:0
end_of_record
TN:
SF:src/ai/suggestionEngine.ts
FN:43,(anonymous_0)
FN:49,(anonymous_1)
FN:56,(anonymous_2)
FN:69,(anonymous_3)
FN:103,(anonymous_4)
FN:113,(anonymous_5)
FN:137,(anonymous_6)
FN:159,(anonymous_7)
FN:184,(anonymous_8)
FN:187,(anonymous_9)
FN:229,(anonymous_10)
FN:249,(anonymous_11)
FN:264,(anonymous_12)
FN:273,(anonymous_13)
FN:284,(anonymous_14)
FN:316,(anonymous_15)
FN:326,(anonymous_16)
FN:339,(anonymous_17)
FN:342,(anonymous_18)
FN:365,(anonymous_19)
FN:380,(anonymous_20)
FN:389,(anonymous_21)
FN:410,(anonymous_22)
FN:422,(anonymous_23)
FN:428,(anonymous_24)
FN:443,(anonymous_25)
FN:457,(anonymous_26)
FN:479,(anonymous_27)
FN:502,(anonymous_28)
FN:525,(anonymous_29)
FN:545,(anonymous_30)
FN:550,(anonymous_31)
FN:551,(anonymous_32)
FNF:33
FNH:0
FNDA:0,(anonymous_0)
FNDA:0,(anonymous_1)
FNDA:0,(anonymous_2)
FNDA:0,(anonymous_3)
FNDA:0,(anonymous_4)
FNDA:0,(anonymous_5)
FNDA:0,(anonymous_6)
FNDA:0,(anonymous_7)
FNDA:0,(anonymous_8)
FNDA:0,(anonymous_9)
FNDA:0,(anonymous_10)
FNDA:0,(anonymous_11)
FNDA:0,(anonymous_12)
FNDA:0,(anonymous_13)
FNDA:0,(anonymous_14)
FNDA:0,(anonymous_15)
FNDA:0,(anonymous_16)
FNDA:0,(anonymous_17)
FNDA:0,(anonymous_18)
FNDA:0,(anonymous_19)
FNDA:0,(anonymous_20)
FNDA:0,(anonymous_21)
FNDA:0,(anonymous_22)
FNDA:0,(anonymous_23)
FNDA:0,(anonymous_24)
FNDA:0,(anonymous_25)
FNDA:0,(anonymous_26)
FNDA:0,(anonymous_27)
FNDA:0,(anonymous_28)
FNDA:0,(anonymous_29)
FNDA:0,(anonymous_30)
FNDA:0,(anonymous_31)
FNDA:0,(anonymous_32)
DA:41,0
DA:44,0
DA:45,0
DA:50,0
DA:51,0
DA:52,0
DA:57,0
DA:58,0
DA:59,0
DA:61,0
DA:62,0
DA:63,0
DA:66,0
DA:74,0
DA:76,0
DA:86,0
DA:94,0
DA:100,0
DA:108,0
DA:110,0
DA:112,0
DA:113,0
DA:116,0
DA:117,0
DA:126,0
DA:134,0
DA:138,0
DA:140,0
DA:142,0
DA:149,0
DA:156,0
DA:165,0
DA:167,0
DA:168,0
DA:170,0
DA:171,0
DA:179,0
DA:180,0
DA:184,0
DA:194,0
DA:195,0
DA:196,0
DA:199,0
DA:200,0
DA:201,0
DA:202,0
DA:205,0
DA:206,0
DA:207,0
DA:211,0
DA:213,0
DA:214,0
DA:217,0
DA:231,0
DA:239,0
DA:240,0
DA:242,0
DA:246,0
DA:251,0
DA:252,0
DA:254,0
DA:255,0
DA:256,0
DA:257,0
DA:261,0
DA:265,0
DA:270,0
DA:281,0
DA:290,0
DA:292,0
DA:293,0
DA:296,0
DA:297,0
DA:300,0
DA:301,0
DA:304,0
DA:309,0
DA:310,0
DA:313,0
DA:321,0
DA:323,0
DA:326,0
DA:327,0
DA:330,0
DA:331,0
DA:333,0
DA:334,0
DA:335,0
DA:339,0
DA:348,0
DA:349,0
DA:351,0
DA:352,0
DA:362,0
DA:367,0
DA:375,0
DA:377,0
DA:378,0
DA:380,0
DA:381,0
DA:386,0
DA:391,0
DA:393,0
DA:401,0
DA:402,0
DA:403,0
DA:407,0
DA:411,0
DA:412,0
DA:415,0
DA:416,0
DA:419,0
DA:424,0
DA:429,0
DA:432,0
DA:433,0
DA:436,0
DA:440,0
DA:444,0
DA:447,0
DA:448,0
DA:450,0
DA:454,0
DA:459,0
DA:461,0
DA:462,0
DA:463,0
DA:464,0
DA:465,0
DA:466,0
DA:467,0
DA:468,0
DA:469,0
DA:470,0
DA:471,0
DA:473,0
DA:476,0
DA:485,0
DA:487,0
DA:490,0
DA:491,0
DA:493,0
DA:494,0
DA:495,0
DA:499,0
DA:507,0
DA:510,0
DA:511,0
DA:514,0
DA:515,0
DA:518,0
DA:519,0
DA:522,0
DA:530,0
DA:531,0
DA:532,0
DA:533,0
DA:535,0
DA:536,0
DA:537,0
DA:541,0
DA:542,0
DA:545,0
DA:546,0
DA:547,0
DA:550,0
DA:551,0
DA:552,0
DA:555,0
DA:556,0
DA:559,0
LF:171
LH:0
BRDA:44,0,0,0
BRDA:57,1,0,0
BRDA:57,1,1,0
BRDA:58,2,0,0
BRDA:58,2,1,0
BRDA:110,3,0,0
BRDA:110,3,1,0
BRDA:113,4,0,0
BRDA:113,4,1,0
BRDA:120,5,0,0
BRDA:120,5,1,0
BRDA:140,6,0,0
BRDA:140,6,1,0
BRDA:168,7,0,0
BRDA:179,8,0,0
BRDA:179,9,0,0
BRDA:179,9,1,0
BRDA:202,10,0,0
BRDA:202,10,1,0
BRDA:205,11,0,0
BRDA:213,12,0,0
BRDA:240,13,0,0
BRDA:240,14,0,0
BRDA:240,14,1,0
BRDA:256,15,0,0
BRDA:261,16,0,0
BRDA:261,16,1,0
BRDA:292,17,0,0
BRDA:296,18,0,0
BRDA:300,19,0,0
BRDA:300,20,0,0
BRDA:300,20,1,0
BRDA:309,21,0,0
BRDA:323,22,0,0
BRDA:327,23,0,0
BRDA:327,23,1,0
BRDA:331,24,0,0
BRDA:331,25,0,0
BRDA:331,25,1,0
BRDA:334,26,0,0
BRDA:351,27,0,0
BRDA:378,28,0,0
BRDA:380,29,0,0
BRDA:402,30,0,0
BRDA:411,31,0,0
BRDA:411,32,0,0
BRDA:411,32,1,0
BRDA:415,33,0,0
BRDA:415,34,0,0
BRDA:415,34,1,0
BRDA:424,35,0,0
BRDA:424,35,1,0
BRDA:429,36,0,0
BRDA:433,37,0,0
BRDA:433,38,0,0
BRDA:433,38,1,0
BRDA:444,39,0,0
BRDA:448,40,0,0
BRDA:448,41,0,0
BRDA:448,41,1,0
BRDA:448,41,2,0
BRDA:461,42,0,0
BRDA:461,42,1,0
BRDA:465,43,0,0
BRDA:465,43,1,0
BRDA:468,44,0,0
BRDA:468,44,1,0
BRDA:485,45,0,0
BRDA:491,46,0,0
BRDA:491,47,0,0
BRDA:491,47,1,0
BRDA:494,48,0,0
BRDA:499,49,0,0
BRDA:499,49,1,0
BRDA:510,50,0,0
BRDA:510,51,0,0
BRDA:510,51,1,0
BRDA:514,52,0,0
BRDA:514,53,0,0
BRDA:514,53,1,0
BRDA:518,54,0,0
BRDA:518,55,0,0
BRDA:518,55,1,0
BRDA:541,56,0,0
BRDA:541,57,0,0
BRDA:541,57,1,0
BRDA:545,58,0,0
BRDA:545,58,1,0
BRDA:546,59,0,0
BRDA:550,60,0,0
BRDA:550,60,1,0
BRDA:551,61,0,0
BRDA:551,61,1,0
BRDA:555,62,0,0
BRF:94
BRH:0
end_of_record
TN:
SF:src/auth/authProvider.ts
FN:135,(anonymous_0)
FN:212,(anonymous_1)
FN:247,(anonymous_2)
FNF:3
FNH:0
FNDA:0,(anonymous_0)
FNDA:0,(anonymous_1)
FNDA:0,(anonymous_2)
DA:136,0
DA:137,0
DA:140,0
DA:143,0
DA:200,0
DA:201,0
DA:203,0
DA:206,0
DA:213,0
DA:214,0
DA:217,0
DA:220,0
DA:221,0
DA:224,0
DA:225,0
DA:228,0
DA:229,0
DA:232,0
DA:233,0
DA:236,0
DA:237,0
DA:241,0
DA:248,0
DA:249,0
DA:250,0
DA:252,0
LF:26
LH:0
BRDA:136,0,0,0
BRDA:201,1,0,0
BRDA:213,2,0,0
BRDA:220,3,0,0
BRDA:224,4,0,0
BRDA:228,5,0,0
BRDA:232,6,0,0
BRDA:236,7,0,0
BRDA:248,8,0,0
BRDA:248,8,1,0
BRDA:249,9,0,0
BRDA:249,9,1,0
BRDA:250,10,0,0
BRDA:250,10,1,0
BRF:14
BRH:0
end_of_record
TN:
SF:src/auth/enhancedAuth.ts
FN:242,(anonymous_0)
FN:284,(anonymous_1)
FN:291,(anonymous_2)
FN:454,(anonymous_3)
FN:499,(anonymous_4)
FN:506,(anonymous_5)
FN:513,(anonymous_6)
FN:562,(anonymous_7)
FN:662,(anonymous_8)
FN:685,(anonymous_9)
FN:698,(anonymous_10)
FN:723,(anonymous_11)
FN:735,(anonymous_12)
FN:739,(anonymous_13)
FN:743,(anonymous_14)
FN:747,(anonymous_15)
FN:751,(anonymous_16)
FN:763,(anonymous_17)
FN:786,(anonymous_18)
FN:793,(anonymous_19)
FN:804,(anonymous_20)
FN:847,(anonymous_21)
FN:855,(anonymous_22)
FN:877,(anonymous_23)
FN:885,(anonymous_24)
FN:902,(anonymous_25)
FN:921,(anonymous_26)
FN:948,(anonymous_27)
FN:985,(anonymous_28)
FN:996,(anonymous_29)
FN:1008,(anonymous_30)
FN:1021,(anonymous_31)
FN:1028,(anonymous_32)
FN:1035,(anonymous_33)
FN:1042,(anonymous_34)
FN:1049,(anonymous_35)
FN:1058,(anonymous_36)
FN:1067,(anonymous_37)
FN:1068,(anonymous_38)
FN:1076,(anonymous_39)
FN:1112,createEnhancedAuth
FN:1160,parseEnhancedAuthConfigFromEnv
FNF:42
FNH:0
FNDA:0,(anonymous_0)
FNDA:0,(anonymous_1)
FNDA:0,(anonymous_2)
FNDA:0,(anonymous_3)
FNDA:0,(anonymous_4)
FNDA:0,(anonymous_5)
FNDA:0,(anonymous_6)
FNDA:0,(anonymous_7)
FNDA:0,(anonymous_8)
FNDA:0,(anonymous_9)
FNDA:0,(anonymous_10)
FNDA:0,(anonymous_11)
FNDA:0,(anonymous_12)
FNDA:0,(anonymous_13)
FNDA:0,(anonymous_14)
FNDA:0,(anonymous_15)
FNDA:0,(anonymous_16)
FNDA:0,(anonymous_17)
FNDA:0,(anonymous_18)
FNDA:0,(anonymous_19)
FNDA:0,(anonymous_20)
FNDA:0,(anonymous_21)
FNDA:0,(anonymous_22)
FNDA:0,(anonymous_23)
FNDA:0,(anonymous_24)
FNDA:0,(anonymous_25)
FNDA:0,(anonymous_26)
FNDA:0,(anonymous_27)
FNDA:0,(anonymous_28)
FNDA:0,(anonymous_29)
FNDA:0,(anonymous_30)
FNDA:0,(anonymous_31)
FNDA:0,(anonymous_32)
FNDA:0,(anonymous_33)
FNDA:0,(anonymous_34)
FNDA:0,(anonymous_35)
FNDA:0,(anonymous_36)
FNDA:0,(anonymous_37)
FNDA:0,(anonymous_38)
FNDA:0,(anonymous_39)
FNDA:0,createEnhancedAuth
FNDA:0,parseEnhancedAuthConfigFromEnv
DA:231,0
DA:232,0
DA:233,0
DA:234,0
DA:238,0
DA:243,0
DA:244,0
DA:247,0
DA:278,0
DA:285,0
DA:292,0
DA:294,0
DA:296,0
DA:297,0
DA:298,0
DA:299,0
DA:305,0
DA:313,0
DA:314,0
DA:315,0
DA:316,0
DA:322,0
DA:330,0
DA:331,0
DA:332,0
DA:333,0
DA:335,0
DA:336,0
DA:337,0
DA:340,0
DA:341,0
DA:342,0
DA:352,0
DA:354,0
DA:359,0
DA:360,0
DA:362,0
DA:363,0
DA:366,0
DA:373,0
DA:377,0
DA:380,0
DA:381,0
DA:382,0
DA:384,0
DA:393,0
DA:406,0
DA:407,0
DA:410,0
DA:419,0
DA:430,0
DA:431,0
DA:434,0
DA:444,0
DA:455,0
DA:456,0
DA:457,0
DA:463,0
DA:464,0
DA:465,0
DA:472,0
DA:473,0
DA:474,0
DA:477,0
DA:478,0
DA:479,0
DA:485,0
DA:500,0
DA:507,0
DA:518,0
DA:519,0
DA:530,0
DA:533,0
DA:536,0
DA:539,0
DA:542,0
DA:545,0
DA:547,0
DA:556,0
DA:567,0
DA:568,0
DA:569,0
DA:575,0
DA:576,0
DA:577,0
DA:583,0
DA:584,0
DA:585,0
DA:593,0
DA:599,0
DA:602,0
DA:603,0
DA:605,0
DA:606,0
DA:609,0
DA:610,0
DA:612,0
DA:613,0
DA:616,0
DA:617,0
DA:620,0
DA:621,0
DA:622,0
DA:623,0
DA:627,0
DA:636,0
DA:639,0
DA:653,0
DA:663,0
DA:664,0
DA:665,0
DA:668,0
DA:670,0
DA:679,0
DA:686,0
DA:687,0
DA:688,0
DA:689,0
DA:692,0
DA:699,0
DA:700,0
DA:701,0
DA:702,0
DA:703,0
DA:707,0
DA:708,0
DA:717,0
DA:732,0
DA:734,0
DA:735,0
DA:738,0
DA:739,0
DA:742,0
DA:743,0
DA:746,0
DA:747,0
DA:751,0
DA:753,0
DA:754,0
DA:757,0
DA:768,0
DA:769,0
DA:770,0
DA:773,0
DA:774,0
DA:776,0
DA:787,0
DA:797,0
DA:798,0
DA:801,0
DA:802,0
DA:804,0
DA:805,0
DA:808,0
DA:828,0
DA:830,0
DA:831,0
DA:841,0
DA:848,0
DA:849,0
DA:858,0
DA:879,0
DA:886,0
DA:887,0
DA:889,0
DA:890,0
DA:892,0
DA:893,0
DA:896,0
DA:903,0
DA:904,0
DA:905,0
DA:908,0
DA:909,0
DA:910,0
DA:914,0
DA:915,0
DA:922,0
DA:923,0
DA:925,0
DA:927,0
DA:934,0
DA:935,0
DA:939,0
DA:940,0
DA:942,0
DA:949,0
DA:950,0
DA:954,0
DA:960,0
DA:961,0
DA:964,0
DA:971,0
DA:974,0
DA:977,0
DA:978,0
DA:986,0
DA:997,0
DA:1009,0
DA:1015,0
DA:1022,0
DA:1029,0
DA:1036,0
DA:1043,0
DA:1052,0
DA:1061,0
DA:1068,0
DA:1069,0
DA:1077,0
DA:1080,0
DA:1081,0
DA:1082,0
DA:1087,0
DA:1088,0
DA:1089,0
DA:1094,0
DA:1095,0
DA:1096,0
DA:1101,0
DA:1102,0
DA:1103,0
DA:1116,0
DA:1122,0
DA:1161,0
LF:224
LH:0
BRDA:242,0,0,0
BRDA:296,1,0,0
BRDA:298,2,0,0
BRDA:313,3,0,0
BRDA:315,4,0,0
BRDA:331,5,0,0
BRDA:333,6,0,0
BRDA:333,6,1,0
BRDA:333,7,0,0
BRDA:333,7,1,0
BRDA:335,8,0,0
BRDA:341,9,0,0
BRDA:348,10,0,0
BRDA:348,10,1,0
BRDA:352,11,0,0
BRDA:360,12,0,0
BRDA:362,13,0,0
BRDA:380,14,0,0
BRDA:380,15,0,0
BRDA:380,15,1,0
BRDA:406,16,0,0
BRDA:430,17,0,0
BRDA:438,18,0,0
BRDA:438,18,1,0
BRDA:446,19,0,0
BRDA:446,19,1,0
BRDA:456,20,0,0
BRDA:464,21,0,0
BRDA:464,22,0,0
BRDA:464,22,1,0
BRDA:473,23,0,0
BRDA:478,24,0,0
BRDA:491,25,0,0
BRDA:491,25,1,0
BRDA:530,26,0,0
BRDA:530,26,1,0
BRDA:530,26,2,0
BRDA:530,26,3,0
BRDA:568,27,0,0
BRDA:575,28,0,0
BRDA:583,29,0,0
BRDA:603,30,0,0
BRDA:603,30,1,0
BRDA:603,30,2,0
BRDA:603,30,3,0
BRDA:616,31,0,0
BRDA:620,32,0,0
BRDA:622,33,0,0
BRDA:664,34,0,0
BRDA:688,35,0,0
BRDA:688,36,0,0
BRDA:688,36,1,0
BRDA:701,37,0,0
BRDA:707,38,0,0
BRDA:724,39,0,0
BRDA:734,40,0,0
BRDA:738,41,0,0
BRDA:742,42,0,0
BRDA:746,43,0,0
BRDA:753,44,0,0
BRDA:769,45,0,0
BRDA:774,46,0,0
BRDA:774,46,1,0
BRDA:802,47,0,0
BRDA:815,48,0,0
BRDA:815,48,1,0
BRDA:830,49,0,0
BRDA:879,50,0,0
BRDA:879,50,1,0
BRDA:879,50,2,0
BRDA:887,51,0,0
BRDA:887,51,1,0
BRDA:892,52,0,0
BRDA:904,53,0,0
BRDA:904,54,0,0
BRDA:904,54,1,0
BRDA:909,55,0,0
BRDA:925,56,0,0
BRDA:925,57,0,0
BRDA:925,57,1,0
BRDA:949,58,0,0
BRDA:954,59,0,0
BRDA:954,59,1,0
BRDA:954,59,2,0
BRDA:954,59,3,0
BRDA:954,59,4,0
BRDA:954,59,5,0
BRDA:954,59,6,0
BRDA:954,59,7,0
BRDA:954,59,8,0
BRDA:960,60,0,0
BRDA:977,61,0,0
BRDA:987,62,0,0
BRDA:987,62,1,0
BRDA:987,62,2,0
BRDA:998,63,0,0
BRDA:998,63,1,0
BRDA:998,63,2,0
BRDA:998,63,3,0
BRDA:1081,64,0,0
BRDA:1088,65,0,0
BRDA:1095,66,0,0
BRDA:1102,67,0,0
BRDA:1102,68,0,0
BRDA:1102,68,1,0
BRDA:1164,69,0,0
BRDA:1164,69,1,0
BRDA:1168,70,0,0
BRDA:1168,70,1,0
BRDA:1175,71,0,0
BRDA:1175,71,1,0
BRDA:1182,72,0,0
BRDA:1182,72,1,0
BRDA:1185,73,0,0
BRDA:1185,73,1,0
BRDA:1189,74,0,0
BRDA:1189,74,1,0
BRDA:1192,75,0,0
BRDA:1192,75,1,0
BRF:119
BRH:0
end_of_record
TN:
SF:src/auth/middleware.ts
FN:46,(anonymous_0)
FN:61,(anonymous_1)
FN:73,(anonymous_2)
FN:74,(anonymous_3)
FN:100,(anonymous_4)
FN:128,(anonymous_5)
FN:130,(anonymous_6)
FN:156,(anonymous_7)
FN:167,(anonymous_8)
FN:168,(anonymous_9)
FN:178,(anonymous_10)
FN:182,(anonymous_11)
FN:192,(anonymous_12)
FN:213,createAuthMiddleware
FN:224,requireAuth
FN:225,(anonymous_15)
FN:228,(anonymous_16)
FN:245,requirePermission
FN:246,(anonymous_18)
FN:249,(anonymous_19)
FN:285,parseAuthConfigFromEnv
FNF:21
FNH:0
FNDA:0,(anonymous_0)
FNDA:0,(anonymous_1)
FNDA:0,(anonymous_2)
FNDA:0,(anonymous_3)
FNDA:0,(anonymous_4)
FNDA:0,(anonymous_5)
FNDA:0,(anonymous_6)
FNDA:0,(anonymous_7)
FNDA:0,(anonymous_8)
FNDA:0,(anonymous_9)
FNDA:0,(anonymous_10)
FNDA:0,(anonymous_11)
FNDA:0,(anonymous_12)
FNDA:0,createAuthMiddleware
FNDA:0,requireAuth
FNDA:0,(anonymous_15)
FNDA:0,(anonymous_16)
FNDA:0,requirePermission
FNDA:0,(anonymous_18)
FNDA:0,(anonymous_19)
FNDA:0,parseAuthConfigFromEnv
DA:47,0
DA:64,0
DA:67,0
DA:74,0
DA:75,0
DA:76,0
DA:77,0
DA:79,0
DA:80,0
DA:81,0
DA:84,0
DA:87,0
DA:89,0
DA:90,0
DA:92,0
DA:102,0
DA:103,0
DA:107,0
DA:108,0
DA:109,0
DA:110,0
DA:111,0
DA:113,0
DA:115,0
DA:119,0
DA:120,0
DA:121,0
DA:130,0
DA:131,0
DA:135,0
DA:136,0
DA:137,0
DA:138,0
DA:139,0
DA:141,0
DA:143,0
DA:147,0
DA:148,0
DA:149,0
DA:157,0
DA:168,0
DA:169,0
DA:170,0
DA:171,0
DA:182,0
DA:183,0
DA:184,0
DA:185,0
DA:194,0
DA:195,0
DA:196,0
DA:203,0
DA:214,0
DA:225,0
DA:226,0
DA:228,0
DA:230,0
DA:231,0
DA:234,0
DA:246,0
DA:247,0
DA:249,0
DA:251,0
DA:252,0
DA:255,0
DA:262,0
DA:286,0
LF:67
LH:0
BRDA:79,0,0,0
BRDA:80,1,0,0
BRDA:89,2,0,0
BRDA:102,3,0,0
BRDA:107,4,0,0
BRDA:109,5,0,0
BRDA:110,6,0,0
BRDA:120,7,0,0
BRDA:130,8,0,0
BRDA:135,9,0,0
BRDA:137,10,0,0
BRDA:138,11,0,0
BRDA:148,12,0,0
BRDA:158,13,0,0
BRDA:158,13,1,0
BRDA:159,14,0,0
BRDA:159,14,1,0
BRDA:160,15,0,0
BRDA:160,15,1,0
BRDA:195,16,0,0
BRDA:195,17,0,0
BRDA:195,17,1,0
BRDA:195,17,2,0
BRDA:198,18,0,0
BRDA:198,18,1,0
BRDA:199,19,0,0
BRDA:199,19,1,0
BRDA:289,20,0,0
BRDA:289,20,1,0
BRDA:290,21,0,0
BRDA:290,21,1,0
BRDA:291,22,0,0
BRDA:291,22,1,0
BRDA:292,23,0,0
BRDA:292,23,1,0
BRDA:293,24,0,0
BRDA:293,24,1,0
BRF:37
BRH:0
end_of_record
TN:
SF:src/auth/n8nAuth.ts
FN:60,(anonymous_0)
FN:78,(anonymous_1)
FN:124,(anonymous_2)
FN:140,(anonymous_3)
FN:171,(anonymous_4)
FN:192,(anonymous_5)
FN:234,(anonymous_6)
FN:255,(anonymous_7)
FN:283,(anonymous_8)
FN:304,(anonymous_9)
FN:311,(anonymous_10)
FN:318,(anonymous_11)
FN:340,createN8nAuth
FNF:13
FNH:0
FNDA:0,(anonymous_0)
FNDA:0,(anonymous_1)
FNDA:0,(anonymous_2)
FNDA:0,(anonymous_3)
FNDA:0,(anonymous_4)
FNDA:0,(anonymous_5)
FNDA:0,(anonymous_6)
FNDA:0,(anonymous_7)
FNDA:0,(anonymous_8)
FNDA:0,(anonymous_9)
FNDA:0,(anonymous_10)
FNDA:0,(anonymous_11)
FNDA:0,createN8nAuth
DA:58,0
DA:61,0
DA:64,0
DA:79,0
DA:81,0
DA:82,0
DA:86,0
DA:87,0
DA:88,0
DA:95,0
DA:96,0
DA:97,0
DA:98,0
DA:102,0
DA:105,0
DA:106,0
DA:112,0
DA:114,0
DA:126,0
DA:127,0
DA:131,0
DA:134,0
DA:141,0
DA:158,0
DA:172,0
DA:176,0
DA:180,0
DA:182,0
DA:183,0
DA:186,0
DA:196,0
DA:198,0
DA:200,0
DA:202,0
DA:203,0
DA:205,0
DA:213,0
DA:215,0
DA:224,0
DA:239,0
DA:240,0
DA:242,0
DA:256,0
DA:258,0
DA:260,0
DA:261,0
DA:262,0
DA:267,0
DA:268,0
DA:269,0
DA:277,0
DA:284,0
DA:286,0
DA:287,0
DA:290,0
DA:291,0
DA:294,0
DA:295,0
DA:298,0
DA:305,0
DA:312,0
DA:319,0
DA:320,0
DA:322,0
DA:323,0
DA:324,0
DA:326,0
DA:330,0
DA:341,0
DA:352,0
DA:358,0
LF:71
LH:0
BRDA:60,0,0,0
BRDA:66,1,0,0
BRDA:66,1,1,0
BRDA:67,2,0,0
BRDA:67,2,1,0
BRDA:81,3,0,0
BRDA:87,4,0,0
BRDA:97,5,0,0
BRDA:97,6,0,0
BRDA:97,6,1,0
BRDA:105,7,0,0
BRDA:105,8,0,0
BRDA:105,8,1,0
BRDA:116,9,0,0
BRDA:116,9,1,0
BRDA:126,10,0,0
BRDA:128,11,0,0
BRDA:128,11,1,0
BRDA:129,12,0,0
BRDA:129,12,1,0
BRDA:172,13,0,0
BRDA:172,13,1,0
BRDA:176,14,0,0
BRDA:176,14,1,0
BRDA:176,14,2,0
BRDA:180,15,0,0
BRDA:180,15,1,0
BRDA:182,16,0,0
BRDA:182,17,0,0
BRDA:182,17,1,0
BRDA:200,18,0,0
BRDA:207,19,0,0
BRDA:207,19,1,0
BRDA:226,20,0,0
BRDA:226,20,1,0
BRDA:286,21,0,0
BRDA:290,22,0,0
BRDA:294,23,0,0
BRDA:323,24,0,0
BRDA:323,24,1,0
BRDA:346,25,0,0
BRDA:346,25,1,0
BRDA:349,26,0,0
BRDA:349,26,1,0
BRF:44
BRH:0
end_of_record
TN:
SF:src/auth/oauth2Handler.ts
FN:191,(anonymous_0)
FN:199,(anonymous_1)
FN:206,(anonymous_2)
FN:213,(anonymous_3)
FN:273,(anonymous_4)
FN:358,(anonymous_5)
FN:366,(anonymous_6)
FN:422,(anonymous_7)
FN:461,(anonymous_8)
FN:479,(anonymous_9)
FN:498,(anonymous_10)
FN:529,(anonymous_11)
FN:582,(anonymous_12)
FN:616,(anonymous_13)
FN:628,(anonymous_14)
FN:635,(anonymous_15)
FN:642,(anonymous_16)
FN:649,(anonymous_17)
FN:660,(anonymous_18)
FN:667,(anonymous_19)
FN:668,(anonymous_20)
FN:677,(anonymous_21)
FN:705,(anonymous_22)
FN:710,(anonymous_23)
FN:749,(anonymous_24)
FN:758,(anonymous_25)
FN:778,(anonymous_26)
FN:791,createOAuth2Handler
FN:815,getProviderConfig
FNF:29
FNH:0
FNDA:0,(anonymous_0)
FNDA:0,(anonymous_1)
FNDA:0,(anonymous_2)
FNDA:0,(anonymous_3)
FNDA:0,(anonymous_4)
FNDA:0,(anonymous_5)
FNDA:0,(anonymous_6)
FNDA:0,(anonymous_7)
FNDA:0,(anonymous_8)
FNDA:0,(anonymous_9)
FNDA:0,(anonymous_10)
FNDA:0,(anonymous_11)
FNDA:0,(anonymous_12)
FNDA:0,(anonymous_13)
FNDA:0,(anonymous_14)
FNDA:0,(anonymous_15)
FNDA:0,(anonymous_16)
FNDA:0,(anonymous_17)
FNDA:0,(anonymous_18)
FNDA:0,(anonymous_19)
FNDA:0,(anonymous_20)
FNDA:0,(anonymous_21)
FNDA:0,(anonymous_22)
FNDA:0,(anonymous_23)
FNDA:0,(anonymous_24)
FNDA:0,(anonymous_25)
FNDA:0,(anonymous_26)
FNDA:0,createOAuth2Handler
FNDA:0,getProviderConfig
DA:186,0
DA:187,0
DA:188,0
DA:189,0
DA:192,0
DA:193,0
DA:200,0
DA:207,0
DA:221,0
DA:222,0
DA:223,0
DA:227,0
DA:228,0
DA:229,0
DA:239,0
DA:240,0
DA:241,0
DA:242,0
DA:243,0
DA:246,0
DA:249,0
DA:260,0
DA:261,0
DA:262,0
DA:265,0
DA:267,0
DA:283,0
DA:284,0
DA:285,0
DA:286,0
DA:290,0
DA:291,0
DA:300,0
DA:301,0
DA:305,0
DA:306,0
DA:310,0
DA:311,0
DA:312,0
DA:315,0
DA:316,0
DA:319,0
DA:320,0
DA:324,0
DA:327,0
DA:330,0
DA:331,0
DA:334,0
DA:336,0
DA:342,0
DA:343,0
DA:345,0
DA:346,0
DA:350,0
DA:351,0
DA:359,0
DA:360,0
DA:367,0
DA:368,0
DA:369,0
DA:370,0
DA:373,0
DA:374,0
DA:375,0
DA:376,0
DA:379,0
DA:386,0
DA:395,0
DA:396,0
DA:399,0
DA:400,0
DA:409,0
DA:410,0
DA:412,0
DA:414,0
DA:415,0
DA:423,0
DA:424,0
DA:425,0
DA:426,0
DA:428,0
DA:431,0
DA:432,0
DA:434,0
DA:435,0
DA:448,0
DA:451,0
DA:453,0
DA:454,0
DA:462,0
DA:463,0
DA:466,0
DA:467,0
DA:468,0
DA:469,0
DA:473,0
DA:480,0
DA:481,0
DA:483,0
DA:484,0
DA:485,0
DA:488,0
DA:492,0
DA:499,0
DA:502,0
DA:503,0
DA:504,0
DA:509,0
DA:510,0
DA:511,0
DA:512,0
DA:514,0
DA:516,0
DA:517,0
DA:520,0
DA:534,0
DA:543,0
DA:544,0
DA:547,0
DA:556,0
DA:557,0
DA:558,0
DA:563,0
DA:565,0
DA:566,0
DA:569,0
DA:583,0
DA:585,0
DA:591,0
DA:598,0
DA:599,0
DA:602,0
DA:604,0
DA:617,0
DA:618,0
DA:619,0
DA:622,0
DA:629,0
DA:636,0
DA:643,0
DA:650,0
DA:651,0
DA:654,0
DA:661,0
DA:668,0
DA:669,0
DA:670,0
DA:678,0
DA:679,0
DA:680,0
DA:682,0
DA:683,0
DA:685,0
DA:686,0
DA:687,0
DA:689,0
DA:706,0
DA:707,0
DA:711,0
DA:713,0
DA:714,0
DA:715,0
DA:722,0
DA:723,0
DA:730,0
DA:732,0
DA:742,0
DA:752,0
DA:759,0
DA:762,0
DA:763,0
DA:764,0
DA:765,0
DA:772,0
DA:779,0
DA:792,0
DA:795,0
DA:797,0
DA:798,0
DA:799,0
DA:801,0
DA:802,0
DA:803,0
DA:804,0
DA:809,0
DA:820,0
DA:822,0
DA:863,0
DA:864,0
DA:865,0
DA:868,0
DA:878,0
LF:192
LH:0
BRDA:215,0,0,0
BRDA:222,1,0,0
BRDA:227,2,0,0
BRDA:227,2,1,0
BRDA:239,3,0,0
BRDA:260,4,0,0
BRDA:285,5,0,0
BRDA:290,6,0,0
BRDA:293,7,0,0
BRDA:293,7,1,0
BRDA:305,8,0,0
BRDA:305,9,0,0
BRDA:305,9,1,0
BRDA:311,10,0,0
BRDA:315,11,0,0
BRDA:319,12,0,0
BRDA:345,13,0,0
BRDA:345,13,1,0
BRDA:360,14,0,0
BRDA:360,14,1,0
BRDA:369,15,0,0
BRDA:375,16,0,0
BRDA:395,17,0,0
BRDA:402,18,0,0
BRDA:402,18,1,0
BRDA:403,19,0,0
BRDA:403,19,1,0
BRDA:404,20,0,0
BRDA:404,20,1,0
BRDA:405,21,0,0
BRDA:405,21,1,0
BRDA:428,22,0,0
BRDA:432,23,0,0
BRDA:432,24,0,0
BRDA:432,24,1,0
BRDA:461,25,0,0
BRDA:462,26,0,0
BRDA:466,27,0,0
BRDA:484,28,0,0
BRDA:484,28,1,0
BRDA:503,29,0,0
BRDA:510,30,0,0
BRDA:514,31,0,0
BRDA:514,31,1,0
BRDA:517,32,0,0
BRDA:543,33,0,0
BRDA:556,34,0,0
BRDA:565,35,0,0
BRDA:566,36,0,0
BRDA:566,36,1,0
BRDA:572,37,0,0
BRDA:572,37,1,0
BRDA:573,38,0,0
BRDA:573,38,1,0
BRDA:574,39,0,0
BRDA:574,39,1,0
BRDA:583,40,0,0
BRDA:598,41,0,0
BRDA:605,42,0,0
BRDA:605,42,1,0
BRDA:605,42,2,0
BRDA:605,42,3,0
BRDA:607,43,0,0
BRDA:607,43,1,0
BRDA:607,43,2,0
BRDA:608,44,0,0
BRDA:608,44,1,0
BRDA:618,45,0,0
BRDA:650,46,0,0
BRDA:682,47,0,0
BRDA:682,48,0,0
BRDA:682,48,1,0
BRDA:683,49,0,0
BRDA:683,49,1,0
BRDA:685,50,0,0
BRDA:714,51,0,0
BRDA:722,52,0,0
BRDA:744,53,0,0
BRDA:744,53,1,0
BRDA:759,54,0,0
BRDA:759,54,1,0
BRDA:762,55,0,0
BRDA:762,55,1,0
BRDA:763,56,0,0
BRDA:801,57,0,0
BRDA:801,58,0,0
BRDA:801,58,1,0
BRDA:803,59,0,0
BRDA:820,60,0,0
BRDA:820,60,1,0
BRDA:864,61,0,0
BRF:91
BRH:0
end_of_record
TN:
SF:src/client/binaryDataClient.ts
FN:13,(anonymous_0)
FN:18,(anonymous_1)
FN:58,(anonymous_2)
FN:100,(anonymous_3)
FN:123,(anonymous_4)
FN:138,(anonymous_5)
FN:159,(anonymous_6)
FN:184,(anonymous_7)
FN:193,(anonymous_8)
FN:217,(anonymous_9)
FN:224,(anonymous_10)
FNF:11
FNH:0
FNDA:0,(anonymous_0)
FNDA:0,(anonymous_1)
FNDA:0,(anonymous_2)
FNDA:0,(anonymous_3)
FNDA:0,(anonymous_4)
FNDA:0,(anonymous_5)
FNDA:0,(anonymous_6)
FNDA:0,(anonymous_7)
FNDA:0,(anonymous_8)
FNDA:0,(anonymous_9)
FNDA:0,(anonymous_10)
DA:13,0
DA:15,0
DA:22,0
DA:23,0
DA:29,0
DA:30,0
DA:35,0
DA:36,0
DA:37,0
DA:41,0
DA:42,0
DA:43,0
DA:44,0
DA:46,0
DA:48,0
DA:51,0
DA:52,0
DA:54,0
DA:63,0
DA:64,0
DA:70,0
DA:71,0
DA:78,0
DA:79,0
DA:80,0
DA:83,0
DA:84,0
DA:85,0
DA:87,0
DA:90,0
DA:91,0
DA:93,0
DA:102,0
DA:105,0
DA:106,0
DA:108,0
DA:113,0
DA:114,0
DA:115,0
DA:117,0
DA:124,0
DA:125,0
DA:126,0
DA:127,0
DA:129,0
DA:130,0
DA:132,0
DA:145,0
DA:146,0
DA:153,0
DA:167,0
DA:168,0
DA:170,0
DA:174,0
DA:175,0
DA:176,0
DA:178,0
DA:185,0
DA:200,0
DA:202,0
DA:203,0
DA:204,0
DA:205,0
DA:206,0
DA:208,0
DA:209,0
DA:211,0
DA:218,0
DA:236,0
DA:237,0
DA:238,0
DA:241,0
DA:251,0
DA:252,0
DA:253,0
DA:256,0
DA:257,0
DA:259,0
DA:264,0
DA:265,0
DA:266,0
DA:267,0
DA:269,0
DA:271,0
DA:272,0
DA:273,0
DA:274,0
DA:275,0
DA:277,0
DA:279,0
DA:280,0
DA:281,0
DA:282,0
DA:283,0
LF:94
LH:0
BRDA:20,0,0,0
BRDA:26,1,0,0
BRDA:26,1,1,0
BRDA:35,2,0,0
BRDA:41,3,0,0
BRDA:41,3,1,0
BRDA:42,4,0,0
BRDA:42,4,1,0
BRDA:44,5,0,0
BRDA:44,5,1,0
BRDA:44,6,0,0
BRDA:44,6,1,0
BRDA:44,6,2,0
BRDA:51,7,0,0
BRDA:61,8,0,0
BRDA:66,9,0,0
BRDA:66,9,1,0
BRDA:78,10,0,0
BRDA:83,11,0,0
BRDA:83,11,1,0
BRDA:84,12,0,0
BRDA:84,12,1,0
BRDA:90,13,0,0
BRDA:113,14,0,0
BRDA:114,15,0,0
BRDA:115,16,0,0
BRDA:125,17,0,0
BRDA:126,18,0,0
BRDA:127,19,0,0
BRDA:130,20,0,0
BRDA:130,20,1,0
BRDA:141,21,0,0
BRDA:142,22,0,0
BRDA:143,23,0,0
BRDA:165,24,0,0
BRDA:193,25,0,0
BRDA:202,26,0,0
BRDA:203,27,0,0
BRDA:204,28,0,0
BRDA:205,29,0,0
BRDA:206,30,0,0
BRDA:209,31,0,0
BRDA:209,31,1,0
BRDA:228,32,0,0
BRDA:236,33,0,0
BRDA:236,33,1,0
BRDA:264,34,0,0
BRDA:265,35,0,0
BRDA:266,36,0,0
BRDA:280,37,0,0
BRDA:280,37,1,0
BRF:51
BRH:0
end_of_record
TN:
SF:src/client/eventClient.ts
FN:116,(anonymous_0)
FN:131,(anonymous_1)
FN:152,(anonymous_2)
FN:160,(anonymous_3)
FN:171,(anonymous_4)
FN:194,(anonymous_5)
FN:207,(anonymous_6)
FN:214,(anonymous_7)
FN:230,(anonymous_8)
FN:247,(anonymous_9)
FN:261,(anonymous_10)
FN:265,(anonymous_11)
FN:266,(anonymous_12)
FN:275,(anonymous_13)
FN:280,(anonymous_14)
FN:289,(anonymous_15)
FN:292,(anonymous_16)
FN:307,(anonymous_17)
FN:313,(anonymous_18)
FN:338,(anonymous_19)
FN:345,(anonymous_20)
FN:352,(anonymous_21)
FN:360,(anonymous_22)
FN:396,(anonymous_23)
FN:404,(anonymous_24)
FN:411,(anonymous_25)
FN:416,(anonymous_26)
FN:429,(anonymous_27)
FN:431,(anonymous_28)
FN:436,(anonymous_29)
FN:440,(anonymous_30)
FN:445,(anonymous_31)
FN:456,(anonymous_32)
FN:474,(anonymous_33)
FN:490,(anonymous_34)
FN:533,(anonymous_35)
FN:550,(anonymous_36)
FN:551,(anonymous_37)
FNF:38
FNH:0
FNDA:0,(anonymous_0)
FNDA:0,(anonymous_1)
FNDA:0,(anonymous_2)
FNDA:0,(anonymous_3)
FNDA:0,(anonymous_4)
FNDA:0,(anonymous_5)
FNDA:0,(anonymous_6)
FNDA:0,(anonymous_7)
FNDA:0,(anonymous_8)
FNDA:0,(anonymous_9)
FNDA:0,(anonymous_10)
FNDA:0,(anonymous_11)
FNDA:0,(anonymous_12)
FNDA:0,(anonymous_13)
FNDA:0,(anonymous_14)
FNDA:0,(anonymous_15)
FNDA:0,(anonymous_16)
FNDA:0,(anonymous_17)
FNDA:0,(anonymous_18)
FNDA:0,(anonymous_19)
FNDA:0,(anonymous_20)
FNDA:0,(anonymous_21)
FNDA:0,(anonymous_22)
FNDA:0,(anonymous_23)
FNDA:0,(anonymous_24)
FNDA:0,(anonymous_25)
FNDA:0,(anonymous_26)
FNDA:0,(anonymous_27)
FNDA:0,(anonymous_28)
FNDA:0,(anonymous_29)
FNDA:0,(anonymous_30)
FNDA:0,(anonymous_31)
FNDA:0,(anonymous_32)
FNDA:0,(anonymous_33)
FNDA:0,(anonymous_34)
FNDA:0,(anonymous_35)
FNDA:0,(anonymous_36)
FNDA:0,(anonymous_37)
DA:109,0
DA:110,0
DA:111,0
DA:113,0
DA:114,0
DA:117,0
DA:118,0
DA:119,0
DA:132,0
DA:134,0
DA:135,0
DA:136,0
DA:137,0
DA:140,0
DA:141,0
DA:145,0
DA:147,0
DA:148,0
DA:151,0
DA:152,0
DA:161,0
DA:162,0
DA:163,0
DA:165,0
DA:172,0
DA:174,0
DA:185,0
DA:186,0
DA:188,0
DA:195,0
DA:196,0
DA:197,0
DA:198,0
DA:199,0
DA:201,0
DA:208,0
DA:215,0
DA:223,0
DA:224,0
DA:231,0
DA:240,0
DA:241,0
DA:248,0
DA:249,0
DA:254,0
DA:255,0
DA:258,0
DA:259,0
DA:261,0
DA:262,0
DA:265,0
DA:266,0
DA:267,0
DA:270,0
DA:275,0
DA:276,0
DA:279,0
DA:281,0
DA:282,0
DA:287,0
DA:289,0
DA:290,0
DA:291,0
DA:292,0
DA:297,0
DA:298,0
DA:299,0
DA:302,0
DA:306,0
DA:307,0
DA:313,0
DA:316,0
DA:331,0
DA:339,0
DA:346,0
DA:353,0
DA:354,0
DA:361,0
DA:363,0
DA:364,0
DA:370,0
DA:380,0
DA:386,0
DA:397,0
DA:398,0
DA:400,0
DA:401,0
DA:403,0
DA:404,0
DA:406,0
DA:412,0
DA:413,0
DA:416,0
DA:417,0
DA:419,0
DA:420,0
DA:422,0
DA:423,0
DA:424,0
DA:431,0
DA:432,0
DA:437,0
DA:438,0
DA:440,0
DA:441,0
DA:447,0
DA:448,0
DA:449,0
DA:453,0
DA:458,0
DA:459,0
DA:463,0
DA:464,0
DA:465,0
DA:466,0
DA:471,0
DA:475,0
DA:477,0
DA:478,0
DA:479,0
DA:480,0
DA:482,0
DA:483,0
DA:487,0
DA:491,0
DA:496,0
DA:497,0
DA:499,0
DA:500,0
DA:501,0
DA:511,0
DA:512,0
DA:516,0
DA:517,0
DA:518,0
DA:519,0
DA:522,0
DA:524,0
DA:525,0
DA:527,0
DA:528,0
DA:534,0
DA:536,0
DA:538,0
DA:540,0
DA:541,0
DA:544,0
DA:546,0
DA:551,0
LF:149
LH:0
BRDA:140,0,0,0
BRDA:151,1,0,0
BRDA:151,2,0,0
BRDA:151,2,1,0
BRDA:162,3,0,0
BRDA:196,4,0,0
BRDA:220,5,0,0
BRDA:220,5,1,0
BRDA:235,6,0,0
BRDA:235,6,1,0
BRDA:236,7,0,0
BRDA:236,7,1,0
BRDA:237,8,0,0
BRDA:237,8,1,0
BRDA:267,9,0,0
BRDA:267,9,1,0
BRDA:270,10,0,0
BRDA:270,10,1,0
BRDA:276,11,0,0
BRDA:276,11,1,0
BRDA:276,11,2,0
BRDA:279,12,0,0
BRDA:279,12,1,0
BRDA:290,13,0,0
BRDA:291,14,0,0
BRDA:291,14,1,0
BRDA:292,15,0,0
BRDA:292,15,1,0
BRDA:298,16,0,0
BRDA:298,17,0,0
BRDA:298,17,1,0
BRDA:298,17,2,0
BRDA:311,18,0,0
BRDA:311,18,1,0
BRDA:331,19,0,0
BRDA:331,19,1,0
BRDA:377,20,0,0
BRDA:377,20,1,0
BRDA:377,21,0,0
BRDA:377,21,1,0
BRDA:383,22,0,0
BRDA:383,22,1,0
BRDA:389,23,0,0
BRDA:389,23,1,0
BRDA:403,24,0,0
BRDA:403,24,1,0
BRDA:403,25,0,0
BRDA:403,25,1,0
BRDA:412,26,0,0
BRDA:448,27,0,0
BRDA:448,28,0,0
BRDA:448,28,1,0
BRDA:458,29,0,0
BRDA:458,30,0,0
BRDA:458,30,1,0
BRDA:463,31,0,0
BRDA:465,32,0,0
BRDA:465,33,0,0
BRDA:465,33,1,0
BRDA:477,34,0,0
BRDA:496,35,0,0
BRDA:496,35,1,0
BRDA:508,36,0,0
BRDA:508,36,1,0
BRDA:508,37,0,0
BRDA:508,37,1,0
BRDA:511,38,0,0
BRDA:516,39,0,0
BRDA:516,40,0,0
BRDA:516,40,1,0
BRDA:524,41,0,0
BRDA:528,42,0,0
BRDA:528,42,1,0
BRDA:534,43,0,0
BRDA:536,44,0,0
BRDA:536,44,1,0
BRDA:536,44,2,0
BRDA:536,44,3,0
BRDA:544,45,0,0
BRDA:544,45,1,0
BRDA:544,46,0,0
BRDA:544,46,1,0
BRF:82
BRH:0
end_of_record
TN:
SF:src/client/gitIntegration.ts
FN:51,(anonymous_0)
FN:59,(anonymous_1)
FN:94,(anonymous_2)
FN:111,(anonymous_3)
FN:159,(anonymous_4)
FN:188,(anonymous_5)
FN:202,(anonymous_6)
FN:238,(anonymous_7)
FN:285,(anonymous_8)
FN:306,(anonymous_9)
FN:342,createGitClient
FNF:11
FNH:0
FNDA:0,(anonymous_0)
FNDA:0,(anonymous_1)
FNDA:0,(anonymous_2)
FNDA:0,(anonymous_3)
FNDA:0,(anonymous_4)
FNDA:0,(anonymous_5)
FNDA:0,(anonymous_6)
FNDA:0,(anonymous_7)
FNDA:0,(anonymous_8)
FNDA:0,(anonymous_9)
FNDA:0,createGitClient
DA:52,0
DA:53,0
DA:60,0
DA:62,0
DA:63,0
DA:70,0
DA:71,0
DA:78,0
DA:79,0
DA:86,0
DA:95,0
DA:96,0
DA:98,0
DA:99,0
DA:102,0
DA:103,0
DA:105,0
DA:112,0
DA:119,0
DA:120,0
DA:121,0
DA:122,0
DA:123,0
DA:124,0
DA:125,0
DA:127,0
DA:128,0
DA:129,0
DA:132,0
DA:134,0
DA:135,0
DA:140,0
DA:141,0
DA:142,0
DA:147,0
DA:149,0
DA:150,0
DA:152,0
DA:164,0
DA:167,0
DA:168,0
DA:169,0
DA:171,0
DA:173,0
DA:186,0
DA:188,0
DA:207,0
DA:210,0
DA:211,0
DA:213,0
DA:222,0
DA:224,0
DA:225,0
DA:228,0
DA:229,0
DA:232,0
DA:245,0
DA:247,0
DA:248,0
DA:253,0
DA:254,0
DA:255,0
DA:256,0
DA:262,0
DA:263,0
DA:276,0
DA:286,0
DA:287,0
DA:290,0
DA:291,0
DA:293,0
DA:296,0
DA:297,0
DA:299,0
DA:307,0
DA:309,0
DA:310,0
DA:313,0
DA:325,0
DA:327,0
DA:346,0
LF:81
LH:0
BRDA:51,0,0,0
BRDA:62,1,0,0
BRDA:70,2,0,0
BRDA:78,3,0,0
BRDA:98,4,0,0
BRDA:111,5,0,0
BRDA:119,6,0,0
BRDA:119,6,1,0
BRDA:120,7,0,0
BRDA:120,7,1,0
BRDA:122,8,0,0
BRDA:122,8,1,0
BRDA:124,9,0,0
BRDA:127,10,0,0
BRDA:127,11,0,0
BRDA:127,11,1,0
BRDA:140,12,0,0
BRDA:149,13,0,0
BRDA:161,14,0,0
BRDA:162,15,0,0
BRDA:167,16,0,0
BRDA:167,16,1,0
BRDA:169,17,0,0
BRDA:169,17,1,0
BRDA:191,18,0,0
BRDA:191,18,1,0
BRDA:205,19,0,0
BRDA:210,20,0,0
BRDA:210,20,1,0
BRDA:224,21,0,0
BRDA:228,22,0,0
BRDA:243,23,0,0
BRDA:247,24,0,0
BRDA:267,25,0,0
BRDA:267,25,1,0
BRDA:268,26,0,0
BRDA:268,26,1,0
BRDA:290,27,0,0
BRDA:290,27,1,0
BRDA:309,28,0,0
BRDA:344,29,0,0
BRF:41
BRH:0
end_of_record
TN:
SF:src/client/monitoringClient.ts
FN:81,(anonymous_0)
FN:90,(anonymous_1)
FN:129,(anonymous_2)
FN:142,(anonymous_3)
FN:203,(anonymous_4)
FN:217,(anonymous_5)
FN:218,(anonymous_6)
FN:221,(anonymous_7)
FN:222,(anonymous_8)
FN:223,(anonymous_9)
FN:227,(anonymous_10)
FN:228,(anonymous_11)
FN:231,(anonymous_12)
FN:240,(anonymous_13)
FN:278,(anonymous_14)
FN:287,(anonymous_15)
FN:304,(anonymous_16)
FN:315,(anonymous_17)
FN:316,(anonymous_18)
FN:323,(anonymous_19)
FN:324,(anonymous_20)
FN:326,(anonymous_21)
FN:338,(anonymous_22)
FN:372,(anonymous_23)
FN:418,(anonymous_24)
FN:439,(anonymous_25)
FNF:26
FNH:0
FNDA:0,(anonymous_0)
FNDA:0,(anonymous_1)
FNDA:0,(anonymous_2)
FNDA:0,(anonymous_3)
FNDA:0,(anonymous_4)
FNDA:0,(anonymous_5)
FNDA:0,(anonymous_6)
FNDA:0,(anonymous_7)
FNDA:0,(anonymous_8)
FNDA:0,(anonymous_9)
FNDA:0,(anonymous_10)
FNDA:0,(anonymous_11)
FNDA:0,(anonymous_12)
FNDA:0,(anonymous_13)
FNDA:0,(anonymous_14)
FNDA:0,(anonymous_15)
FNDA:0,(anonymous_16)
FNDA:0,(anonymous_17)
FNDA:0,(anonymous_18)
FNDA:0,(anonymous_19)
FNDA:0,(anonymous_20)
FNDA:0,(anonymous_21)
FNDA:0,(anonymous_22)
FNDA:0,(anonymous_23)
FNDA:0,(anonymous_24)
FNDA:0,(anonymous_25)
DA:82,0
DA:83,0
DA:84,0
DA:87,0
DA:94,0
DA:95,0
DA:101,0
DA:102,0
DA:107,0
DA:108,0
DA:109,0
DA:112,0
DA:113,0
DA:114,0
DA:116,0
DA:119,0
DA:120,0
DA:122,0
DA:130,0
DA:132,0
DA:135,0
DA:143,0
DA:144,0
DA:145,0
DA:147,0
DA:149,0
DA:150,0
DA:151,0
DA:152,0
DA:154,0
DA:155,0
DA:159,0
DA:160,0
DA:162,0
DA:165,0
DA:166,0
DA:167,0
DA:169,0
DA:170,0
DA:173,0
DA:174,0
DA:178,0
DA:179,0
DA:180,0
DA:181,0
DA:182,0
DA:185,0
DA:205,0
DA:207,0
DA:213,0
DA:214,0
DA:217,0
DA:218,0
DA:221,0
DA:222,0
DA:223,0
DA:226,0
DA:227,0
DA:228,0
DA:230,0
DA:231,0
DA:234,0
DA:239,0
DA:240,0
DA:241,0
DA:243,0
DA:246,0
DA:248,0
DA:271,0
DA:279,0
DA:280,0
DA:286,0
DA:287,0
DA:290,0
DA:291,0
DA:293,0
DA:294,0
DA:295,0
DA:298,0
DA:299,0
DA:300,0
DA:304,0
DA:315,0
DA:316,0
DA:317,0
DA:322,0
DA:323,0
DA:324,0
DA:325,0
DA:326,0
DA:330,0
DA:331,0
DA:332,0
DA:333,0
DA:334,0
DA:338,0
DA:349,0
DA:365,0
DA:373,0
DA:374,0
DA:377,0
DA:379,0
DA:419,0
DA:421,0
DA:422,0
DA:423,0
DA:428,0
DA:440,0
DA:446,0
DA:447,0
DA:450,0
DA:451,0
DA:452,0
DA:455,0
DA:456,0
DA:457,0
DA:460,0
DA:461,0
DA:462,0
DA:466,0
DA:467,0
DA:468,0
DA:471,0
DA:472,0
DA:473,0
DA:476,0
LF:126
LH:0
BRDA:92,0,0,0
BRDA:98,1,0,0
BRDA:98,1,1,0
BRDA:107,2,0,0
BRDA:112,3,0,0
BRDA:112,3,1,0
BRDA:113,4,0,0
BRDA:113,4,1,0
BRDA:119,5,0,0
BRDA:165,6,0,0
BRDA:165,6,1,0
BRDA:179,7,0,0
BRDA:179,7,1,0
BRDA:179,8,0,0
BRDA:179,8,1,0
BRDA:181,9,0,0
BRDA:218,10,0,0
BRDA:218,10,1,0
BRDA:218,10,2,0
BRDA:221,11,0,0
BRDA:221,11,1,0
BRDA:222,12,0,0
BRDA:222,12,1,0
BRDA:227,13,0,0
BRDA:227,13,1,0
BRDA:227,13,2,0
BRDA:230,14,0,0
BRDA:230,14,1,0
BRDA:234,15,0,0
BRDA:234,15,1,0
BRDA:271,16,0,0
BRDA:271,16,1,0
BRDA:293,17,0,0
BRDA:298,18,0,0
BRDA:298,19,0,0
BRDA:298,19,1,0
BRDA:306,20,0,0
BRDA:306,20,1,0
BRDA:306,21,0,0
BRDA:306,21,1,0
BRDA:307,22,0,0
BRDA:307,22,1,0
BRDA:307,23,0,0
BRDA:307,23,1,0
BRDA:307,23,2,0
BRDA:311,24,0,0
BRDA:311,24,1,0
BRDA:317,25,0,0
BRDA:317,25,1,0
BRDA:323,26,0,0
BRDA:323,26,1,0
BRDA:325,27,0,0
BRDA:325,27,1,0
BRDA:331,28,0,0
BRDA:331,28,1,0
BRDA:331,29,0,0
BRDA:331,29,1,0
BRDA:333,30,0,0
BRDA:333,31,0,0
BRDA:333,31,1,0
BRDA:338,32,0,0
BRDA:338,32,1,0
BRDA:342,33,0,0
BRDA:342,33,1,0
BRDA:365,34,0,0
BRDA:365,34,1,0
BRDA:383,35,0,0
BRDA:383,35,1,0
BRDA:431,36,0,0
BRDA:431,36,1,0
BRDA:450,37,0,0
BRDA:455,38,0,0
BRDA:460,39,0,0
BRDA:466,40,0,0
BRDA:471,41,0,0
BRF:75
BRH:0
end_of_record
TN:
SF:src/client/n8nClient.ts
FN:35,(anonymous_0)
FN:45,(anonymous_1)
FN:85,(anonymous_2)
FN:94,(anonymous_3)
FN:98,(anonymous_4)
FN:105,(anonymous_5)
FN:112,(anonymous_6)
FN:119,(anonymous_7)
FN:129,(anonymous_8)
FN:133,(anonymous_9)
FN:140,(anonymous_10)
FN:147,(anonymous_11)
FN:153,(anonymous_12)
FN:159,(anonymous_13)
FN:166,(anonymous_14)
FN:175,(anonymous_15)
FN:179,(anonymous_16)
FN:186,(anonymous_17)
FN:196,(anonymous_18)
FN:200,(anonymous_19)
FN:207,(anonymous_20)
FN:213,(anonymous_21)
FN:218,(anonymous_22)
FN:227,(anonymous_23)
FN:231,(anonymous_24)
FN:238,(anonymous_25)
FN:245,(anonymous_26)
FN:252,(anonymous_27)
FN:261,(anonymous_28)
FN:268,(anonymous_29)
FN:275,(anonymous_30)
FN:284,(anonymous_31)
FN:288,(anonymous_32)
FN:295,(anonymous_33)
FN:302,(anonymous_34)
FN:308,(anonymous_35)
FN:312,(anonymous_36)
FN:320,(anonymous_37)
FN:325,(anonymous_38)
FN:329,(anonymous_39)
FN:336,(anonymous_40)
FN:343,(anonymous_41)
FN:350,(anonymous_42)
FN:354,(anonymous_43)
FN:358,(anonymous_44)
FN:362,(anonymous_45)
FN:367,(anonymous_46)
FN:374,(anonymous_47)
FN:382,(anonymous_48)
FN:386,(anonymous_49)
FN:393,(anonymous_50)
FNF:51
FNH:0
FNDA:0,(anonymous_0)
FNDA:0,(anonymous_1)
FNDA:0,(anonymous_2)
FNDA:0,(anonymous_3)
FNDA:0,(anonymous_4)
FNDA:0,(anonymous_5)
FNDA:0,(anonymous_6)
FNDA:0,(anonymous_7)
FNDA:0,(anonymous_8)
FNDA:0,(anonymous_9)
FNDA:0,(anonymous_10)
FNDA:0,(anonymous_11)
FNDA:0,(anonymous_12)
FNDA:0,(anonymous_13)
FNDA:0,(anonymous_14)
FNDA:0,(anonymous_15)
FNDA:0,(anonymous_16)
FNDA:0,(anonymous_17)
FNDA:0,(anonymous_18)
FNDA:0,(anonymous_19)
FNDA:0,(anonymous_20)
FNDA:0,(anonymous_21)
FNDA:0,(anonymous_22)
FNDA:0,(anonymous_23)
FNDA:0,(anonymous_24)
FNDA:0,(anonymous_25)
FNDA:0,(anonymous_26)
FNDA:0,(anonymous_27)
FNDA:0,(anonymous_28)
FNDA:0,(anonymous_29)
FNDA:0,(anonymous_30)
FNDA:0,(anonymous_31)
FNDA:0,(anonymous_32)
FNDA:0,(anonymous_33)
FNDA:0,(anonymous_34)
FNDA:0,(anonymous_35)
FNDA:0,(anonymous_36)
FNDA:0,(anonymous_37)
FNDA:0,(anonymous_38)
FNDA:0,(anonymous_39)
FNDA:0,(anonymous_40)
FNDA:0,(anonymous_41)
FNDA:0,(anonymous_42)
FNDA:0,(anonymous_43)
FNDA:0,(anonymous_44)
FNDA:0,(anonymous_45)
FNDA:0,(anonymous_46)
FNDA:0,(anonymous_47)
FNDA:0,(anonymous_48)
FNDA:0,(anonymous_49)
FNDA:0,(anonymous_50)
DA:36,0
DA:37,0
DA:40,0
DA:42,0
DA:49,0
DA:50,0
DA:56,0
DA:57,0
DA:65,0
DA:66,0
DA:67,0
DA:70,0
DA:71,0
DA:72,0
DA:75,0
DA:77,0
DA:78,0
DA:80,0
DA:86,0
DA:87,0
DA:88,0
DA:90,0
DA:91,0
DA:95,0
DA:99,0
DA:106,0
DA:113,0
DA:120,0
DA:121,0
DA:122,0
DA:123,0
DA:125,0
DA:126,0
DA:130,0
DA:134,0
DA:141,0
DA:148,0
DA:154,0
DA:160,0
DA:167,0
DA:168,0
DA:169,0
DA:171,0
DA:172,0
DA:176,0
DA:180,0
DA:187,0
DA:188,0
DA:189,0
DA:190,0
DA:192,0
DA:193,0
DA:197,0
DA:201,0
DA:208,0
DA:214,0
DA:219,0
DA:220,0
DA:221,0
DA:223,0
DA:224,0
DA:228,0
DA:232,0
DA:239,0
DA:246,0
DA:253,0
DA:254,0
DA:255,0
DA:257,0
DA:258,0
DA:262,0
DA:269,0
DA:276,0
DA:277,0
DA:278,0
DA:280,0
DA:281,0
DA:285,0
DA:289,0
DA:296,0
DA:303,0
DA:309,0
DA:313,0
DA:321,0
DA:326,0
DA:330,0
DA:337,0
DA:344,0
DA:351,0
DA:355,0
DA:359,0
DA:363,0
DA:368,0
DA:375,0
DA:383,0
DA:387,0
DA:394,0
LF:97
LH:0
BRDA:47,0,0,0
BRDA:61,1,0,0
BRDA:61,1,1,0
BRDA:65,2,0,0
BRDA:71,3,0,0
BRDA:71,4,0,0
BRDA:71,4,1,0
BRDA:77,5,0,0
BRDA:85,6,0,0
BRDA:87,7,0,0
BRDA:88,8,0,0
BRDA:90,9,0,0
BRDA:90,9,1,0
BRDA:119,10,0,0
BRDA:121,11,0,0
BRDA:122,12,0,0
BRDA:123,13,0,0
BRDA:125,14,0,0
BRDA:125,14,1,0
BRDA:166,15,0,0
BRDA:168,16,0,0
BRDA:169,17,0,0
BRDA:171,18,0,0
BRDA:171,18,1,0
BRDA:186,19,0,0
BRDA:188,20,0,0
BRDA:189,21,0,0
BRDA:190,22,0,0
BRDA:192,23,0,0
BRDA:192,23,1,0
BRDA:218,24,0,0
BRDA:220,25,0,0
BRDA:221,26,0,0
BRDA:223,27,0,0
BRDA:223,27,1,0
BRDA:252,28,0,0
BRDA:254,29,0,0
BRDA:255,30,0,0
BRDA:257,31,0,0
BRDA:257,31,1,0
BRDA:275,32,0,0
BRDA:277,33,0,0
BRDA:278,34,0,0
BRDA:280,35,0,0
BRDA:280,35,1,0
BRF:45
BRH:0
end_of_record
TN:
SF:src/resources/executionResources.ts
FN:44,(anonymous_0)
FN:59,(anonymous_1)
FN:72,(anonymous_2)
FN:97,(anonymous_3)
FN:115,(anonymous_4)
FN:133,(anonymous_5)
FN:151,(anonymous_6)
FN:176,(anonymous_7)
FN:201,(anonymous_8)
FN:220,(anonymous_9)
FN:271,(anonymous_10)
FN:296,(anonymous_11)
FN:309,(anonymous_12)
FN:347,(anonymous_13)
FN:360,(anonymous_14)
FN:363,(anonymous_15)
FN:398,(anonymous_16)
FN:413,(anonymous_17)
FN:415,(anonymous_18)
FN:416,(anonymous_19)
FN:439,(anonymous_20)
FN:453,(anonymous_21)
FN:458,(anonymous_22)
FN:494,(anonymous_23)
FN:516,(anonymous_24)
FN:518,(anonymous_25)
FN:546,(anonymous_26)
FN:578,(anonymous_27)
FN:580,(anonymous_28)
FN:581,(anonymous_29)
FN:585,(anonymous_30)
FN:591,(anonymous_31)
FN:599,(anonymous_32)
FN:617,(anonymous_33)
FN:628,(anonymous_34)
FN:640,(anonymous_35)
FN:647,(anonymous_36)
FN:658,createExecutionResources
FNF:38
FNH:0
FNDA:0,(anonymous_0)
FNDA:0,(anonymous_1)
FNDA:0,(anonymous_2)
FNDA:0,(anonymous_3)
FNDA:0,(anonymous_4)
FNDA:0,(anonymous_5)
FNDA:0,(anonymous_6)
FNDA:0,(anonymous_7)
FNDA:0,(anonymous_8)
FNDA:0,(anonymous_9)
FNDA:0,(anonymous_10)
FNDA:0,(anonymous_11)
FNDA:0,(anonymous_12)
FNDA:0,(anonymous_13)
FNDA:0,(anonymous_14)
FNDA:0,(anonymous_15)
FNDA:0,(anonymous_16)
FNDA:0,(anonymous_17)
FNDA:0,(anonymous_18)
FNDA:0,(anonymous_19)
FNDA:0,(anonymous_20)
FNDA:0,(anonymous_21)
FNDA:0,(anonymous_22)
FNDA:0,(anonymous_23)
FNDA:0,(anonymous_24)
FNDA:0,(anonymous_25)
FNDA:0,(anonymous_26)
FNDA:0,(anonymous_27)
FNDA:0,(anonymous_28)
FNDA:0,(anonymous_29)
FNDA:0,(anonymous_30)
FNDA:0,(anonymous_31)
FNDA:0,(anonymous_32)
FNDA:0,(anonymous_33)
FNDA:0,(anonymous_34)
FNDA:0,(anonymous_35)
FNDA:0,(anonymous_36)
FNDA:0,createExecutionResources
DA:42,0
DA:45,0
DA:61,0
DA:73,0
DA:74,0
DA:75,0
DA:78,0
DA:79,0
DA:86,0
DA:98,0
DA:99,0
DA:100,0
DA:103,0
DA:104,0
DA:111,0
DA:116,0
DA:117,0
DA:118,0
DA:121,0
DA:122,0
DA:129,0
DA:134,0
DA:135,0
DA:136,0
DA:139,0
DA:140,0
DA:147,0
DA:152,0
DA:153,0
DA:154,0
DA:157,0
DA:158,0
DA:165,0
DA:177,0
DA:178,0
DA:179,0
DA:182,0
DA:183,0
DA:190,0
DA:202,0
DA:203,0
DA:204,0
DA:207,0
DA:208,0
DA:214,0
DA:221,0
DA:222,0
DA:223,0
DA:224,0
DA:227,0
DA:228,0
DA:231,0
DA:259,0
DA:260,0
DA:262,0
DA:272,0
DA:273,0
DA:274,0
DA:275,0
DA:278,0
DA:279,0
DA:282,0
DA:284,0
DA:285,0
DA:287,0
DA:297,0
DA:298,0
DA:299,0
DA:300,0
DA:303,0
DA:304,0
DA:308,0
DA:309,0
DA:335,0
DA:336,0
DA:338,0
DA:348,0
DA:349,0
DA:350,0
DA:351,0
DA:354,0
DA:355,0
DA:360,0
DA:362,0
DA:363,0
DA:386,0
DA:387,0
DA:389,0
DA:399,0
DA:400,0
DA:401,0
DA:402,0
DA:405,0
DA:406,0
DA:410,0
DA:413,0
DA:415,0
DA:416,0
DA:427,0
DA:428,0
DA:430,0
DA:440,0
DA:441,0
DA:442,0
DA:443,0
DA:446,0
DA:447,0
DA:452,0
DA:453,0
DA:456,0
DA:458,0
DA:482,0
DA:483,0
DA:485,0
DA:495,0
DA:496,0
DA:499,0
DA:500,0
DA:501,0
DA:510,0
DA:517,0
DA:518,0
DA:521,0
DA:522,0
DA:523,0
DA:525,0
DA:526,0
DA:532,0
DA:534,0
DA:537,0
DA:540,0
DA:547,0
DA:549,0
DA:550,0
DA:551,0
DA:552,0
DA:553,0
DA:554,0
DA:556,0
DA:557,0
DA:558,0
DA:559,0
DA:563,0
DA:564,0
DA:565,0
DA:566,0
DA:567,0
DA:568,0
DA:572,0
DA:579,0
DA:580,0
DA:581,0
DA:583,0
DA:585,0
DA:592,0
DA:599,0
DA:600,0
DA:601,0
DA:602,0
DA:603,0
DA:604,0
DA:605,0
DA:607,0
DA:611,0
DA:618,0
DA:619,0
DA:620,0
DA:622,0
DA:629,0
DA:630,0
DA:641,0
DA:648,0
DA:661,0
LF:173
LH:0
BRDA:44,0,0,0
BRDA:74,1,0,0
BRDA:99,2,0,0
BRDA:117,3,0,0
BRDA:135,4,0,0
BRDA:153,5,0,0
BRDA:178,6,0,0
BRDA:203,7,0,0
BRDA:223,8,0,0
BRDA:234,9,0,0
BRDA:234,9,1,0
BRDA:234,10,0,0
BRDA:234,10,1,0
BRDA:238,11,0,0
BRDA:238,11,1,0
BRDA:238,12,0,0
BRDA:238,12,1,0
BRDA:248,13,0,0
BRDA:248,13,1,0
BRDA:249,14,0,0
BRDA:249,14,1,0
BRDA:263,15,0,0
BRDA:263,15,1,0
BRDA:274,16,0,0
BRDA:288,17,0,0
BRDA:288,17,1,0
BRDA:299,18,0,0
BRDA:313,19,0,0
BRDA:313,19,1,0
BRDA:313,20,0,0
BRDA:313,20,1,0
BRDA:317,21,0,0
BRDA:317,21,1,0
BRDA:317,22,0,0
BRDA:317,22,1,0
BRDA:339,23,0,0
BRDA:339,23,1,0
BRDA:350,24,0,0
BRDA:369,25,0,0
BRDA:369,25,1,0
BRDA:390,26,0,0
BRDA:390,26,1,0
BRDA:401,27,0,0
BRDA:413,28,0,0
BRDA:413,28,1,0
BRDA:416,29,0,0
BRDA:416,29,1,0
BRDA:431,30,0,0
BRDA:431,30,1,0
BRDA:442,31,0,0
BRDA:460,32,0,0
BRDA:460,32,1,0
BRDA:460,33,0,0
BRDA:460,33,1,0
BRDA:464,34,0,0
BRDA:464,34,1,0
BRDA:464,35,0,0
BRDA:464,35,1,0
BRDA:486,36,0,0
BRDA:486,36,1,0
BRDA:495,37,0,0
BRDA:495,38,0,0
BRDA:495,38,1,0
BRDA:500,39,0,0
BRDA:517,40,0,0
BRDA:521,41,0,0
BRDA:521,42,0,0
BRDA:521,42,1,0
BRDA:526,43,0,0
BRDA:526,43,1,0
BRDA:527,44,0,0
BRDA:527,44,1,0
BRDA:527,44,2,0
BRDA:527,44,3,0
BRDA:552,45,0,0
BRDA:552,45,1,0
BRDA:553,46,0,0
BRDA:553,46,1,0
BRDA:556,47,0,0
BRDA:563,48,0,0
BRDA:580,49,0,0
BRDA:580,49,1,0
BRDA:583,50,0,0
BRDA:600,51,0,0
BRDA:600,51,1,0
BRDA:600,52,0,0
BRDA:600,52,1,0
BRDA:602,53,0,0
BRDA:602,53,1,0
BRDA:604,54,0,0
BRDA:604,54,1,0
BRDA:604,55,0,0
BRDA:604,55,1,0
BRDA:619,56,0,0
BRDA:619,57,0,0
BRDA:619,57,1,0
BRDA:629,58,0,0
BRF:97
BRH:0
end_of_record
TN:
SF:src/resources/resourceManager.ts
FN:51,(anonymous_0)
FN:67,(anonymous_1)
FN:109,(anonymous_2)
FN:115,(anonymous_3)
FN:135,(anonymous_4)
FN:149,(anonymous_5)
FN:155,(anonymous_6)
FN:175,(anonymous_7)
FN:189,(anonymous_8)
FN:195,(anonymous_9)
FN:213,(anonymous_10)
FN:227,(anonymous_11)
FN:271,(anonymous_12)
FN:291,(anonymous_13)
FN:322,(anonymous_14)
FN:345,(anonymous_15)
FN:357,(anonymous_16)
FN:358,(anonymous_17)
FN:359,(anonymous_18)
FN:389,(anonymous_19)
FN:401,(anonymous_20)
FN:464,(anonymous_21)
FN:473,(anonymous_22)
FN:484,createResourceManager
FN:509,parseResourceConfigFromEnv
FN:516,(anonymous_25)
FN:520,(anonymous_26)
FNF:27
FNH:0
FNDA:0,(anonymous_0)
FNDA:0,(anonymous_1)
FNDA:0,(anonymous_2)
FNDA:0,(anonymous_3)
FNDA:0,(anonymous_4)
FNDA:0,(anonymous_5)
FNDA:0,(anonymous_6)
FNDA:0,(anonymous_7)
FNDA:0,(anonymous_8)
FNDA:0,(anonymous_9)
FNDA:0,(anonymous_10)
FNDA:0,(anonymous_11)
FNDA:0,(anonymous_12)
FNDA:0,(anonymous_13)
FNDA:0,(anonymous_14)
FNDA:0,(anonymous_15)
FNDA:0,(anonymous_16)
FNDA:0,(anonymous_17)
FNDA:0,(anonymous_18)
FNDA:0,(anonymous_19)
FNDA:0,(anonymous_20)
FNDA:0,(anonymous_21)
FNDA:0,(anonymous_22)
FNDA:0,createResourceManager
FNDA:0,parseResourceConfigFromEnv
FNDA:0,(anonymous_25)
FNDA:0,(anonymous_26)
DA:52,0
DA:68,0
DA:71,0
DA:72,0
DA:77,0
DA:81,0
DA:82,0
DA:87,0
DA:91,0
DA:92,0
DA:96,0
DA:97,0
DA:101,0
DA:103,0
DA:111,0
DA:116,0
DA:117,0
DA:124,0
DA:136,0
DA:137,0
DA:143,0
DA:151,0
DA:156,0
DA:157,0
DA:164,0
DA:176,0
DA:177,0
DA:183,0
DA:191,0
DA:196,0
DA:197,0
DA:198,0
DA:201,0
DA:202,0
DA:209,0
DA:214,0
DA:215,0
DA:221,0
DA:229,0
DA:273,0
DA:292,0
DA:323,0
DA:346,0
DA:348,0
DA:349,0
DA:351,0
DA:357,0
DA:358,0
DA:359,0
DA:373,0
DA:390,0
DA:391,0
DA:392,0
DA:394,0
DA:402,0
DA:404,0
DA:405,0
DA:418,0
DA:419,0
DA:433,0
DA:434,0
DA:445,0
DA:465,0
DA:466,0
DA:467,0
DA:474,0
DA:485,0
DA:491,0
DA:510,0
DA:517,0
DA:518,0
DA:521,0
DA:522,0
LF:73
LH:0
BRDA:51,0,0,0
BRDA:71,1,0,0
BRDA:81,2,0,0
BRDA:91,3,0,0
BRDA:96,4,0,0
BRDA:197,5,0,0
BRDA:375,6,0,0
BRDA:375,6,1,0
BRDA:404,7,0,0
BRDA:418,8,0,0
BRDA:433,9,0,0
BRDA:475,10,0,0
BRDA:475,10,1,0
BRDA:476,11,0,0
BRDA:476,11,1,0
BRDA:511,12,0,0
BRDA:511,12,1,0
BRDA:518,13,0,0
BRDA:518,13,1,0
BRDA:522,14,0,0
BRDA:522,14,1,0
BRF:21
BRH:0
end_of_record
TN:
SF:src/resources/workflowResources.ts
FN:42,(anonymous_0)
FN:56,(anonymous_1)
FN:69,(anonymous_2)
FN:87,(anonymous_3)
FN:105,(anonymous_4)
FN:123,(anonymous_5)
FN:148,(anonymous_6)
FN:167,(anonymous_7)
FN:210,(anonymous_8)
FN:223,(anonymous_9)
FN:258,(anonymous_10)
FN:271,(anonymous_11)
FN:274,(anonymous_12)
FN:306,(anonymous_13)
FN:320,(anonymous_14)
FN:321,(anonymous_15)
FN:344,(anonymous_16)
FN:347,(anonymous_17)
FN:349,(anonymous_18)
FN:366,(anonymous_19)
FN:372,(anonymous_20)
FN:373,(anonymous_21)
FN:374,(anonymous_22)
FN:375,(anonymous_23)
FN:382,(anonymous_24)
FN:393,(anonymous_25)
FN:405,(anonymous_26)
FN:412,(anonymous_27)
FN:423,createWorkflowResources
FNF:29
FNH:0
FNDA:0,(anonymous_0)
FNDA:0,(anonymous_1)
FNDA:0,(anonymous_2)
FNDA:0,(anonymous_3)
FNDA:0,(anonymous_4)
FNDA:0,(anonymous_5)
FNDA:0,(anonymous_6)
FNDA:0,(anonymous_7)
FNDA:0,(anonymous_8)
FNDA:0,(anonymous_9)
FNDA:0,(anonymous_10)
FNDA:0,(anonymous_11)
FNDA:0,(anonymous_12)
FNDA:0,(anonymous_13)
FNDA:0,(anonymous_14)
FNDA:0,(anonymous_15)
FNDA:0,(anonymous_16)
FNDA:0,(anonymous_17)
FNDA:0,(anonymous_18)
FNDA:0,(anonymous_19)
FNDA:0,(anonymous_20)
FNDA:0,(anonymous_21)
FNDA:0,(anonymous_22)
FNDA:0,(anonymous_23)
FNDA:0,(anonymous_24)
FNDA:0,(anonymous_25)
FNDA:0,(anonymous_26)
FNDA:0,(anonymous_27)
FNDA:0,createWorkflowResources
DA:40,0
DA:43,0
DA:58,0
DA:70,0
DA:71,0
DA:72,0
DA:75,0
DA:76,0
DA:83,0
DA:88,0
DA:89,0
DA:90,0
DA:93,0
DA:94,0
DA:101,0
DA:106,0
DA:107,0
DA:108,0
DA:111,0
DA:112,0
DA:119,0
DA:124,0
DA:125,0
DA:126,0
DA:129,0
DA:130,0
DA:137,0
DA:149,0
DA:150,0
DA:151,0
DA:154,0
DA:155,0
DA:161,0
DA:168,0
DA:169,0
DA:170,0
DA:171,0
DA:174,0
DA:175,0
DA:178,0
DA:198,0
DA:199,0
DA:201,0
DA:211,0
DA:212,0
DA:213,0
DA:214,0
DA:217,0
DA:218,0
DA:222,0
DA:223,0
DA:246,0
DA:247,0
DA:249,0
DA:259,0
DA:260,0
DA:261,0
DA:262,0
DA:265,0
DA:266,0
DA:271,0
DA:273,0
DA:274,0
DA:294,0
DA:295,0
DA:297,0
DA:307,0
DA:308,0
DA:309,0
DA:310,0
DA:313,0
DA:314,0
DA:318,0
DA:320,0
DA:321,0
DA:332,0
DA:333,0
DA:335,0
DA:345,0
DA:347,0
DA:348,0
DA:349,0
DA:350,0
DA:351,0
DA:352,0
DA:353,0
DA:360,0
DA:367,0
DA:368,0
DA:369,0
DA:371,0
DA:372,0
DA:373,0
DA:374,0
DA:375,0
DA:383,0
DA:384,0
DA:385,0
DA:387,0
DA:394,0
DA:395,0
DA:406,0
DA:413,0
DA:424,0
LF:104
LH:0
BRDA:42,0,0,0
BRDA:71,1,0,0
BRDA:89,2,0,0
BRDA:107,3,0,0
BRDA:125,4,0,0
BRDA:150,5,0,0
BRDA:170,6,0,0
BRDA:184,7,0,0
BRDA:184,7,1,0
BRDA:187,8,0,0
BRDA:187,8,1,0
BRDA:188,9,0,0
BRDA:188,9,1,0
BRDA:202,10,0,0
BRDA:202,10,1,0
BRDA:213,11,0,0
BRDA:227,12,0,0
BRDA:227,12,1,0
BRDA:250,13,0,0
BRDA:250,13,1,0
BRDA:261,14,0,0
BRDA:277,15,0,0
BRDA:277,15,1,0
BRDA:298,16,0,0
BRDA:298,16,1,0
BRDA:309,17,0,0
BRDA:336,18,0,0
BRDA:336,18,1,0
BRDA:348,19,0,0
BRDA:348,20,0,0
BRDA:348,20,1,0
BRDA:350,21,0,0
BRDA:351,22,0,0
BRDA:351,22,1,0
BRDA:352,23,0,0
BRDA:353,24,0,0
BRDA:353,24,1,0
BRDA:384,25,0,0
BRDA:384,26,0,0
BRDA:384,26,1,0
BRDA:394,27,0,0
BRF:41
BRH:0
end_of_record
TN:
SF:src/tools/ai-config.ts
FN:36,createAIConfigTools
FN:51,(anonymous_1)
FN:80,(anonymous_2)
FN:82,(anonymous_3)
FN:94,(anonymous_4)
FN:116,(anonymous_5)
FN:118,(anonymous_6)
FN:128,(anonymous_7)
FN:163,(anonymous_8)
FN:171,(anonymous_9)
FN:244,(anonymous_10)
FN:252,(anonymous_11)
FN:297,(anonymous_12)
FN:305,(anonymous_13)
FN:366,(anonymous_14)
FN:374,(anonymous_15)
FN:428,(anonymous_16)
FN:436,(anonymous_17)
FNF:18
FNH:0
FNDA:0,createAIConfigTools
FNDA:0,(anonymous_1)
FNDA:0,(anonymous_2)
FNDA:0,(anonymous_3)
FNDA:0,(anonymous_4)
FNDA:0,(anonymous_5)
FNDA:0,(anonymous_6)
FNDA:0,(anonymous_7)
FNDA:0,(anonymous_8)
FNDA:0,(anonymous_9)
FNDA:0,(anonymous_10)
FNDA:0,(anonymous_11)
FNDA:0,(anonymous_12)
FNDA:0,(anonymous_13)
FNDA:0,(anonymous_14)
FNDA:0,(anonymous_15)
FNDA:0,(anonymous_16)
FNDA:0,(anonymous_17)
DA:6,0
DA:12,0
DA:19,0
DA:27,0
DA:38,0
DA:52,0
DA:53,0
DA:54,0
DA:57,0
DA:58,0
DA:76,0
DA:78,0
DA:80,0
DA:81,0
DA:83,0
DA:89,0
DA:90,0
DA:93,0
DA:94,0
DA:95,0
DA:96,0
DA:97,0
DA:98,0
DA:99,0
DA:101,0
DA:102,0
DA:104,0
DA:107,0
DA:110,0
DA:111,0
DA:112,0
DA:114,0
DA:116,0
DA:117,0
DA:119,0
DA:125,0
DA:126,0
DA:127,0
DA:128,0
DA:129,0
DA:131,0
DA:135,0
DA:136,0
DA:139,0
DA:142,0
DA:148,0
DA:164,0
DA:165,0
DA:166,0
DA:169,0
DA:170,0
DA:171,0
DA:173,0
DA:174,0
DA:179,0
DA:191,0
DA:205,0
DA:226,0
DA:232,0
DA:245,0
DA:246,0
DA:247,0
DA:250,0
DA:251,0
DA:252,0
DA:254,0
DA:255,0
DA:261,0
DA:262,0
DA:269,0
DA:274,0
DA:279,0
DA:285,0
DA:298,0
DA:299,0
DA:300,0
DA:303,0
DA:304,0
DA:305,0
DA:307,0
DA:308,0
DA:314,0
DA:332,0
DA:349,0
DA:355,0
DA:367,0
DA:368,0
DA:369,0
DA:372,0
DA:373,0
DA:374,0
DA:376,0
DA:377,0
DA:383,0
DA:389,0
DA:390,0
DA:397,0
DA:402,0
DA:411,0
DA:417,0
DA:429,0
DA:430,0
DA:431,0
DA:434,0
DA:435,0
DA:436,0
DA:438,0
DA:439,0
DA:445,0
DA:454,0
DA:455,0
DA:462,0
DA:467,0
DA:480,0
LF:114
LH:0
BRDA:53,0,0,0
BRDA:76,1,0,0
BRDA:76,1,1,0
BRDA:80,2,0,0
BRDA:80,2,1,0
BRDA:83,3,0,0
BRDA:83,3,1,0
BRDA:83,3,2,0
BRDA:89,4,0,0
BRDA:97,5,0,0
BRDA:97,5,1,0
BRDA:97,6,0,0
BRDA:97,6,1,0
BRDA:98,7,0,0
BRDA:101,8,0,0
BRDA:116,9,0,0
BRDA:116,9,1,0
BRDA:119,10,0,0
BRDA:119,10,1,0
BRDA:119,10,2,0
BRDA:125,11,0,0
BRDA:135,12,0,0
BRDA:165,13,0,0
BRDA:173,14,0,0
BRDA:184,15,0,0
BRDA:184,15,1,0
BRDA:185,16,0,0
BRDA:185,16,1,0
BRDA:187,17,0,0
BRDA:187,17,1,0
BRDA:194,18,0,0
BRDA:194,18,1,0
BRDA:195,19,0,0
BRDA:195,19,1,0
BRDA:196,20,0,0
BRDA:196,20,1,0
BRDA:196,20,2,0
BRDA:197,21,0,0
BRDA:197,21,1,0
BRDA:197,21,2,0
BRDA:198,22,0,0
BRDA:198,22,1,0
BRDA:198,22,2,0
BRDA:199,23,0,0
BRDA:199,23,1,0
BRDA:200,24,0,0
BRDA:200,24,1,0
BRDA:201,25,0,0
BRDA:201,25,1,0
BRDA:212,26,0,0
BRDA:212,26,1,0
BRDA:212,27,0,0
BRDA:212,27,1,0
BRDA:214,28,0,0
BRDA:214,28,1,0
BRDA:215,29,0,0
BRDA:215,29,1,0
BRDA:216,30,0,0
BRDA:216,30,1,0
BRDA:217,31,0,0
BRDA:217,31,1,0
BRDA:218,32,0,0
BRDA:218,32,1,0
BRDA:219,33,0,0
BRDA:219,33,1,0
BRDA:220,34,0,0
BRDA:220,34,1,0
BRDA:221,35,0,0
BRDA:221,35,1,0
BRDA:246,36,0,0
BRDA:254,37,0,0
BRDA:254,38,0,0
BRDA:254,38,1,0
BRDA:261,39,0,0
BRDA:299,40,0,0
BRDA:307,41,0,0
BRDA:319,42,0,0
BRDA:319,42,1,0
BRDA:320,43,0,0
BRDA:320,43,1,0
BRDA:342,44,0,0
BRDA:342,44,1,0
BRDA:343,45,0,0
BRDA:343,45,1,0
BRDA:344,46,0,0
BRDA:344,46,1,0
BRDA:368,47,0,0
BRDA:376,48,0,0
BRDA:376,49,0,0
BRDA:376,49,1,0
BRDA:389,50,0,0
BRDA:407,51,0,0
BRDA:407,51,1,0
BRDA:430,52,0,0
BRDA:438,53,0,0
BRDA:438,54,0,0
BRDA:438,54,1,0
BRDA:454,55,0,0
BRDA:471,56,0,0
BRDA:471,56,1,0
BRDA:472,57,0,0
BRDA:472,57,1,0
BRDA:477,58,0,0
BRDA:477,58,1,0
BRF:104
BRH:0
end_of_record
TN:
SF:src/tools/ai-helpers.ts
FN:40,formatWorkflowAnalysis
FN:51,(anonymous_1)
FN:61,(anonymous_2)
FN:73,(anonymous_3)
FN:81,(anonymous_4)
FN:93,formatCompatibilityResult
FN:104,(anonymous_6)
FN:112,(anonymous_7)
FN:120,(anonymous_8)
FN:129,formatParameterAnalysis
FN:136,(anonymous_10)
FN:145,(anonymous_11)
FN:147,(anonymous_12)
FN:163,(anonymous_13)
FN:171,createAIHelperTools
FN:187,(anonymous_15)
FN:226,(anonymous_16)
FN:236,(anonymous_17)
FN:237,(anonymous_18)
FN:250,(anonymous_19)
FN:251,(anonymous_20)
FN:282,(anonymous_21)
FN:292,(anonymous_22)
FN:301,(anonymous_23)
FN:305,(anonymous_24)
FN:318,(anonymous_25)
FN:350,(anonymous_26)
FN:367,(anonymous_27)
FN:370,(anonymous_28)
FN:384,(anonymous_29)
FN:386,(anonymous_30)
FN:387,(anonymous_31)
FN:423,(anonymous_32)
FN:454,(anonymous_33)
FN:469,(anonymous_34)
FN:473,(anonymous_35)
FN:490,(anonymous_36)
FN:542,(anonymous_37)
FN:561,(anonymous_38)
FN:569,(anonymous_39)
FN:580,(anonymous_40)
FNF:41
FNH:0
FNDA:0,formatWorkflowAnalysis
FNDA:0,(anonymous_1)
FNDA:0,(anonymous_2)
FNDA:0,(anonymous_3)
FNDA:0,(anonymous_4)
FNDA:0,formatCompatibilityResult
FNDA:0,(anonymous_6)
FNDA:0,(anonymous_7)
FNDA:0,(anonymous_8)
FNDA:0,formatParameterAnalysis
FNDA:0,(anonymous_10)
FNDA:0,(anonymous_11)
FNDA:0,(anonymous_12)
FNDA:0,(anonymous_13)
FNDA:0,createAIHelperTools
FNDA:0,(anonymous_15)
FNDA:0,(anonymous_16)
FNDA:0,(anonymous_17)
FNDA:0,(anonymous_18)
FNDA:0,(anonymous_19)
FNDA:0,(anonymous_20)
FNDA:0,(anonymous_21)
FNDA:0,(anonymous_22)
FNDA:0,(anonymous_23)
FNDA:0,(anonymous_24)
FNDA:0,(anonymous_25)
FNDA:0,(anonymous_26)
FNDA:0,(anonymous_27)
FNDA:0,(anonymous_28)
FNDA:0,(anonymous_29)
FNDA:0,(anonymous_30)
FNDA:0,(anonymous_31)
FNDA:0,(anonymous_32)
FNDA:0,(anonymous_33)
FNDA:0,(anonymous_34)
FNDA:0,(anonymous_35)
FNDA:0,(anonymous_36)
FNDA:0,(anonymous_37)
FNDA:0,(anonymous_38)
FNDA:0,(anonymous_39)
FNDA:0,(anonymous_40)
DA:8,0
DA:14,0
DA:20,0
DA:26,0
DA:33,0
DA:41,0
DA:43,0
DA:44,0
DA:45,0
DA:46,0
DA:47,0
DA:49,0
DA:50,0
DA:51,0
DA:52,0
DA:53,0
DA:54,0
DA:56,0
DA:59,0
DA:60,0
DA:61,0
DA:62,0
DA:63,0
DA:64,0
DA:65,0
DA:68,0
DA:71,0
DA:72,0
DA:73,0
DA:74,0
DA:76,0
DA:79,0
DA:80,0
DA:81,0
DA:82,0
DA:83,0
DA:84,0
DA:85,0
DA:90,0
DA:94,0
DA:95,0
DA:97,0
DA:102,0
DA:103,0
DA:104,0
DA:105,0
DA:107,0
DA:110,0
DA:111,0
DA:112,0
DA:113,0
DA:115,0
DA:118,0
DA:119,0
DA:120,0
DA:121,0
DA:122,0
DA:126,0
DA:130,0
DA:134,0
DA:135,0
DA:136,0
DA:137,0
DA:139,0
DA:142,0
DA:143,0
DA:144,0
DA:145,0
DA:148,0
DA:149,0
DA:150,0
DA:151,0
DA:152,0
DA:154,0
DA:155,0
DA:157,0
DA:161,0
DA:162,0
DA:163,0
DA:164,0
DA:168,0
DA:173,0
DA:176,0
DA:188,0
DA:189,0
DA:190,0
DA:193,0
DA:195,0
DA:198,0
DA:199,0
DA:202,0
DA:204,0
DA:206,0
DA:207,0
DA:209,0
DA:215,0
DA:227,0
DA:228,0
DA:229,0
DA:232,0
DA:233,0
DA:234,0
DA:236,0
DA:237,0
DA:239,0
DA:240,0
DA:242,0
DA:243,0
DA:247,0
DA:248,0
DA:250,0
DA:251,0
DA:253,0
DA:260,0
DA:262,0
DA:263,0
DA:265,0
DA:271,0
DA:283,0
DA:284,0
DA:285,0
DA:288,0
DA:289,0
DA:290,0
DA:292,0
DA:293,0
DA:294,0
DA:298,0
DA:299,0
DA:301,0
DA:302,0
DA:305,0
DA:306,0
DA:307,0
DA:309,0
DA:310,0
DA:311,0
DA:312,0
DA:316,0
DA:317,0
DA:318,0
DA:323,0
DA:328,0
DA:330,0
DA:331,0
DA:333,0
DA:339,0
DA:351,0
DA:352,0
DA:353,0
DA:356,0
DA:357,0
DA:360,0
DA:361,0
DA:363,0
DA:364,0
DA:367,0
DA:369,0
DA:370,0
DA:371,0
DA:375,0
DA:376,0
DA:379,0
DA:384,0
DA:385,0
DA:386,0
DA:387,0
DA:389,0
DA:390,0
DA:391,0
DA:392,0
DA:393,0
DA:395,0
DA:396,0
DA:398,0
DA:401,0
DA:403,0
DA:404,0
DA:406,0
DA:412,0
DA:424,0
DA:425,0
DA:426,0
DA:429,0
DA:430,0
DA:433,0
DA:434,0
DA:437,0
DA:440,0
DA:442,0
DA:451,0
DA:452,0
DA:454,0
DA:455,0
DA:456,0
DA:459,0
DA:460,0
DA:462,0
DA:466,0
DA:467,0
DA:469,0
DA:470,0
DA:473,0
DA:474,0
DA:475,0
DA:476,0
DA:480,0
DA:481,0
DA:483,0
DA:487,0
DA:488,0
DA:490,0
DA:491,0
DA:494,0
DA:495,0
DA:500,0
DA:501,0
DA:504,0
DA:505,0
DA:506,0
DA:510,0
DA:511,0
DA:513,0
DA:517,0
DA:519,0
DA:520,0
DA:522,0
DA:528,0
DA:543,0
DA:544,0
DA:545,0
DA:548,0
DA:549,0
DA:551,0
DA:552,0
DA:554,0
DA:556,0
DA:561,0
DA:562,0
DA:563,0
DA:565,0
DA:567,0
DA:568,0
DA:569,0
DA:570,0
DA:571,0
DA:572,0
DA:575,0
DA:578,0
DA:579,0
DA:580,0
DA:581,0
DA:582,0
DA:583,0
DA:584,0
DA:585,0
DA:586,0
DA:589,0
DA:592,0
DA:594,0
DA:595,0
DA:597,0
LF:262
LH:0
BRDA:49,0,0,0
BRDA:59,1,0,0
BRDA:64,2,0,0
BRDA:71,3,0,0
BRDA:79,4,0,0
BRDA:82,5,0,0
BRDA:82,5,1,0
BRDA:82,6,0,0
BRDA:82,6,1,0
BRDA:84,7,0,0
BRDA:94,8,0,0
BRDA:94,8,1,0
BRDA:102,9,0,0
BRDA:110,10,0,0
BRDA:118,11,0,0
BRDA:134,12,0,0
BRDA:142,13,0,0
BRDA:154,14,0,0
BRDA:161,15,0,0
BRDA:189,16,0,0
BRDA:206,17,0,0
BRDA:228,18,0,0
BRDA:234,19,0,0
BRDA:234,19,1,0
BRDA:239,20,0,0
BRDA:242,21,0,0
BRDA:262,22,0,0
BRDA:284,23,0,0
BRDA:290,24,0,0
BRDA:290,24,1,0
BRDA:293,25,0,0
BRDA:305,26,0,0
BRDA:305,27,0,0
BRDA:305,27,1,0
BRDA:310,28,0,0
BRDA:310,29,0,0
BRDA:310,29,1,0
BRDA:316,30,0,0
BRDA:318,31,0,0
BRDA:318,31,1,0
BRDA:330,32,0,0
BRDA:352,33,0,0
BRDA:369,34,0,0
BRDA:371,35,0,0
BRDA:371,35,1,0
BRDA:375,36,0,0
BRDA:389,37,0,0
BRDA:389,37,1,0
BRDA:389,38,0,0
BRDA:389,38,1,0
BRDA:393,39,0,0
BRDA:393,39,1,0
BRDA:395,40,0,0
BRDA:395,41,0,0
BRDA:395,41,1,0
BRDA:403,42,0,0
BRDA:425,43,0,0
BRDA:451,44,0,0
BRDA:451,45,0,0
BRDA:451,45,1,0
BRDA:459,46,0,0
BRDA:466,47,0,0
BRDA:466,48,0,0
BRDA:466,48,1,0
BRDA:470,49,0,0
BRDA:470,49,1,0
BRDA:475,50,0,0
BRDA:480,51,0,0
BRDA:487,52,0,0
BRDA:487,53,0,0
BRDA:487,53,1,0
BRDA:494,54,0,0
BRDA:500,55,0,0
BRDA:505,56,0,0
BRDA:510,57,0,0
BRDA:510,57,1,0
BRDA:519,58,0,0
BRDA:544,59,0,0
BRDA:567,60,0,0
BRDA:571,61,0,0
BRDA:578,62,0,0
BRDA:578,62,1,0
BRDA:581,63,0,0
BRDA:581,63,1,0
BRDA:581,64,0,0
BRDA:581,64,1,0
BRDA:594,65,0,0
BRF:87
BRH:0
end_of_record
TN:
SF:src/tools/ai-models.ts
FN:118,createAIModelsTools
FN:132,(anonymous_1)
FN:137,(anonymous_2)
FN:145,(anonymous_3)
FN:152,(anonymous_4)
FN:175,(anonymous_5)
FN:214,(anonymous_6)
FN:219,(anonymous_7)
FN:220,(anonymous_8)
FN:255,(anonymous_9)
FN:302,(anonymous_10)
FN:307,(anonymous_11)
FN:309,(anonymous_12)
FN:310,(anonymous_13)
FN:324,(anonymous_14)
FN:324,(anonymous_15)
FN:334,(anonymous_16)
FN:342,(anonymous_17)
FN:349,(anonymous_18)
FN:352,(anonymous_19)
FN:372,(anonymous_20)
FN:378,(anonymous_21)
FN:395,(anonymous_22)
FN:401,(anonymous_23)
FN:410,(anonymous_24)
FN:412,(anonymous_25)
FN:413,(anonymous_26)
FN:415,(anonymous_27)
FN:422,(anonymous_28)
FN:428,(anonymous_29)
FN:435,(anonymous_30)
FN:481,(anonymous_31)
FN:489,(anonymous_32)
FN:495,(anonymous_33)
FN:508,(anonymous_34)
FN:514,(anonymous_35)
FN:600,(anonymous_36)
FN:620,(anonymous_37)
FNF:38
FNH:0
FNDA:0,createAIModelsTools
FNDA:0,(anonymous_1)
FNDA:0,(anonymous_2)
FNDA:0,(anonymous_3)
FNDA:0,(anonymous_4)
FNDA:0,(anonymous_5)
FNDA:0,(anonymous_6)
FNDA:0,(anonymous_7)
FNDA:0,(anonymous_8)
FNDA:0,(anonymous_9)
FNDA:0,(anonymous_10)
FNDA:0,(anonymous_11)
FNDA:0,(anonymous_12)
FNDA:0,(anonymous_13)
FNDA:0,(anonymous_14)
FNDA:0,(anonymous_15)
FNDA:0,(anonymous_16)
FNDA:0,(anonymous_17)
FNDA:0,(anonymous_18)
FNDA:0,(anonymous_19)
FNDA:0,(anonymous_20)
FNDA:0,(anonymous_21)
FNDA:0,(anonymous_22)
FNDA:0,(anonymous_23)
FNDA:0,(anonymous_24)
FNDA:0,(anonymous_25)
FNDA:0,(anonymous_26)
FNDA:0,(anonymous_27)
FNDA:0,(anonymous_28)
FNDA:0,(anonymous_29)
FNDA:0,(anonymous_30)
FNDA:0,(anonymous_31)
FNDA:0,(anonymous_32)
FNDA:0,(anonymous_33)
FNDA:0,(anonymous_34)
FNDA:0,(anonymous_35)
FNDA:0,(anonymous_36)
FNDA:0,(anonymous_37)
DA:6,0
DA:19,0
DA:25,0
DA:34,0
DA:120,0
DA:133,0
DA:134,0
DA:137,0
DA:138,0
DA:139,0
DA:144,0
DA:145,0
DA:149,0
DA:150,0
DA:151,0
DA:153,0
DA:161,0
DA:163,0
DA:164,0
DA:173,0
DA:175,0
DA:176,0
DA:177,0
DA:179,0
DA:180,0
DA:181,0
DA:182,0
DA:183,0
DA:184,0
DA:185,0
DA:186,0
DA:187,0
DA:190,0
DA:192,0
DA:194,0
DA:200,0
DA:215,0
DA:216,0
DA:219,0
DA:220,0
DA:221,0
DA:222,0
DA:226,0
DA:227,0
DA:233,0
DA:234,0
DA:235,0
DA:238,0
DA:244,0
DA:255,0
DA:284,0
DA:290,0
DA:303,0
DA:304,0
DA:307,0
DA:308,0
DA:309,0
DA:310,0
DA:311,0
DA:312,0
DA:316,0
DA:317,0
DA:321,0
DA:322,0
DA:324,0
DA:329,0
DA:332,0
DA:333,0
DA:334,0
DA:335,0
DA:337,0
DA:340,0
DA:341,0
DA:342,0
DA:343,0
DA:344,0
DA:345,0
DA:349,0
DA:350,0
DA:352,0
DA:353,0
DA:356,0
DA:357,0
DA:358,0
DA:362,0
DA:363,0
DA:371,0
DA:373,0
DA:377,0
DA:378,0
DA:379,0
DA:381,0
DA:385,0
DA:386,0
DA:394,0
DA:396,0
DA:400,0
DA:401,0
DA:402,0
DA:404,0
DA:408,0
DA:409,0
DA:410,0
DA:412,0
DA:413,0
DA:414,0
DA:415,0
DA:417,0
DA:421,0
DA:422,0
DA:423,0
DA:428,0
DA:429,0
DA:430,0
DA:435,0
DA:436,0
DA:437,0
DA:443,0
DA:444,0
DA:445,0
DA:447,0
DA:449,0
DA:455,0
DA:487,0
DA:488,0
DA:489,0
DA:490,0
DA:494,0
DA:495,0
DA:499,0
DA:500,0
DA:506,0
DA:507,0
DA:509,0
DA:514,0
DA:515,0
DA:518,0
DA:520,0
DA:521,0
DA:522,0
DA:524,0
DA:525,0
DA:526,0
DA:528,0
DA:529,0
DA:530,0
DA:532,0
DA:533,0
DA:534,0
DA:536,0
DA:540,0
DA:542,0
DA:543,0
DA:544,0
DA:547,0
DA:554,0
DA:555,0
DA:558,0
DA:565,0
DA:566,0
DA:570,0
DA:577,0
DA:584,0
DA:588,0
DA:592,0
DA:596,0
DA:600,0
DA:602,0
DA:603,0
DA:613,0
DA:614,0
DA:615,0
DA:616,0
DA:617,0
DA:618,0
DA:620,0
DA:621,0
DA:622,0
DA:623,0
DA:625,0
DA:626,0
DA:627,0
DA:628,0
DA:629,0
DA:630,0
DA:633,0
DA:634,0
DA:635,0
DA:636,0
DA:637,0
DA:638,0
DA:639,0
DA:640,0
DA:641,0
DA:643,0
DA:645,0
LF:196
LH:0
BRDA:138,0,0,0
BRDA:138,1,0,0
BRDA:138,1,1,0
BRDA:144,2,0,0
BRDA:149,3,0,0
BRDA:153,4,0,0
BRDA:153,4,1,0
BRDA:153,4,2,0
BRDA:153,4,3,0
BRDA:163,5,0,0
BRDA:168,6,0,0
BRDA:168,6,1,0
BRDA:221,7,0,0
BRDA:226,8,0,0
BRDA:275,9,0,0
BRDA:275,9,1,0
BRDA:276,10,0,0
BRDA:276,10,1,0
BRDA:276,11,0,0
BRDA:276,11,1,0
BRDA:279,12,0,0
BRDA:279,12,1,0
BRDA:280,13,0,0
BRDA:280,13,1,0
BRDA:281,14,0,0
BRDA:281,14,1,0
BRDA:311,15,0,0
BRDA:316,16,0,0
BRDA:321,17,0,0
BRDA:340,18,0,0
BRDA:350,19,0,0
BRDA:350,19,1,0
BRDA:353,20,0,0
BRDA:353,20,1,0
BRDA:362,21,0,0
BRDA:373,22,0,0
BRDA:373,22,1,0
BRDA:374,23,0,0
BRDA:374,23,1,0
BRDA:385,24,0,0
BRDA:396,25,0,0
BRDA:396,25,1,0
BRDA:397,26,0,0
BRDA:397,26,1,0
BRDA:408,27,0,0
BRDA:423,28,0,0
BRDA:423,28,1,0
BRDA:430,29,0,0
BRDA:430,29,1,0
BRDA:430,30,0,0
BRDA:430,30,1,0
BRDA:431,31,0,0
BRDA:431,31,1,0
BRDA:437,32,0,0
BRDA:437,32,1,0
BRDA:437,33,0,0
BRDA:437,33,1,0
BRDA:438,34,0,0
BRDA:438,34,1,0
BRDA:494,35,0,0
BRDA:499,36,0,0
BRDA:506,37,0,0
BRDA:506,37,1,0
BRDA:509,38,0,0
BRDA:509,38,1,0
BRDA:518,39,0,0
BRDA:518,39,1,0
BRDA:518,39,2,0
BRDA:518,39,3,0
BRDA:518,39,4,0
BRDA:520,40,0,0
BRDA:521,41,0,0
BRDA:521,42,0,0
BRDA:521,42,1,0
BRDA:524,43,0,0
BRDA:525,44,0,0
BRDA:528,45,0,0
BRDA:529,46,0,0
BRDA:532,47,0,0
BRDA:533,48,0,0
BRDA:540,49,0,0
BRDA:540,49,1,0
BRDA:540,49,2,0
BRDA:540,49,3,0
BRDA:554,50,0,0
BRDA:554,50,1,0
BRDA:565,51,0,0
BRDA:565,51,1,0
BRDA:589,52,0,0
BRDA:589,52,1,0
BRDA:590,53,0,0
BRDA:590,53,1,0
BRDA:602,54,0,0
BRDA:608,55,0,0
BRDA:608,55,1,0
BRDA:618,56,0,0
BRDA:618,56,1,0
BRDA:621,57,0,0
BRDA:621,57,1,0
BRF:99
BRH:0
end_of_record
TN:
SF:src/tools/ai-testing.ts
FN:33,createAITestingTools
FN:47,(anonymous_1)
FN:67,(anonymous_2)
FN:106,(anonymous_3)
FN:106,(anonymous_4)
FN:134,(anonymous_5)
FN:139,(anonymous_6)
FN:144,(anonymous_7)
FN:167,(anonymous_8)
FN:175,(anonymous_9)
FN:277,(anonymous_10)
FN:305,(anonymous_11)
FN:315,(anonymous_12)
FN:348,(anonymous_13)
FN:353,(anonymous_14)
FN:379,(anonymous_15)
FN:387,(anonymous_16)
FN:448,(anonymous_17)
FN:449,(anonymous_18)
FN:452,(anonymous_19)
FNF:20
FNH:0
FNDA:0,createAITestingTools
FNDA:0,(anonymous_1)
FNDA:0,(anonymous_2)
FNDA:0,(anonymous_3)
FNDA:0,(anonymous_4)
FNDA:0,(anonymous_5)
FNDA:0,(anonymous_6)
FNDA:0,(anonymous_7)
FNDA:0,(anonymous_8)
FNDA:0,(anonymous_9)
FNDA:0,(anonymous_10)
FNDA:0,(anonymous_11)
FNDA:0,(anonymous_12)
FNDA:0,(anonymous_13)
FNDA:0,(anonymous_14)
FNDA:0,(anonymous_15)
FNDA:0,(anonymous_16)
FNDA:0,(anonymous_17)
FNDA:0,(anonymous_18)
FNDA:0,(anonymous_19)
DA:6,0
DA:12,0
DA:19,0
DA:25,0
DA:35,0
DA:48,0
DA:49,0
DA:60,0
DA:67,0
DA:69,0
DA:70,0
DA:71,0
DA:73,0
DA:79,0
DA:80,0
DA:81,0
DA:82,0
DA:85,0
DA:86,0
DA:89,0
DA:94,0
DA:97,0
DA:98,0
DA:104,0
DA:105,0
DA:106,0
DA:108,0
DA:109,0
DA:114,0
DA:126,0
DA:134,0
DA:139,0
DA:144,0
DA:150,0
DA:156,0
DA:168,0
DA:169,0
DA:170,0
DA:173,0
DA:174,0
DA:175,0
DA:177,0
DA:178,0
DA:183,0
DA:207,0
DA:208,0
DA:212,0
DA:213,0
DA:216,0
DA:217,0
DA:236,0
DA:244,0
DA:260,0
DA:266,0
DA:278,0
DA:279,0
DA:295,0
DA:305,0
DA:306,0
DA:307,0
DA:308,0
DA:313,0
DA:315,0
DA:316,0
DA:317,0
DA:322,0
DA:323,0
DA:324,0
DA:325,0
DA:326,0
DA:327,0
DA:328,0
DA:330,0
DA:333,0
DA:334,0
DA:335,0
DA:338,0
DA:348,0
DA:353,0
DA:361,0
DA:367,0
DA:380,0
DA:381,0
DA:382,0
DA:385,0
DA:386,0
DA:387,0
DA:389,0
DA:390,0
DA:395,0
DA:416,0
DA:417,0
DA:418,0
DA:419,0
DA:420,0
DA:421,0
DA:423,0
DA:434,0
DA:435,0
DA:437,0
DA:438,0
DA:439,0
DA:440,0
DA:442,0
DA:448,0
DA:449,0
DA:451,0
DA:452,0
DA:453,0
DA:454,0
DA:457,0
DA:460,0
DA:495,0
LF:113
LH:0
BRDA:70,0,0,0
BRDA:70,0,1,0
BRDA:79,1,0,0
BRDA:79,1,1,0
BRDA:81,2,0,0
BRDA:85,3,0,0
BRDA:89,4,0,0
BRDA:90,5,0,0
BRDA:90,5,1,0
BRDA:90,5,2,0
BRDA:97,6,0,0
BRDA:104,7,0,0
BRDA:108,8,0,0
BRDA:118,9,0,0
BRDA:118,9,1,0
BRDA:119,10,0,0
BRDA:119,10,1,0
BRDA:120,11,0,0
BRDA:120,11,1,0
BRDA:121,12,0,0
BRDA:121,12,1,0
BRDA:122,13,0,0
BRDA:122,13,1,0
BRDA:122,14,0,0
BRDA:122,14,1,0
BRDA:133,15,0,0
BRDA:133,15,1,0
BRDA:138,16,0,0
BRDA:138,16,1,0
BRDA:143,17,0,0
BRDA:143,17,1,0
BRDA:169,18,0,0
BRDA:177,19,0,0
BRDA:207,20,0,0
BRDA:212,21,0,0
BRDA:212,22,0,0
BRDA:212,22,1,0
BRDA:216,23,0,0
BRDA:221,24,0,0
BRDA:221,24,1,0
BRDA:222,25,0,0
BRDA:222,25,1,0
BRDA:223,26,0,0
BRDA:223,26,1,0
BRDA:225,27,0,0
BRDA:225,27,1,0
BRDA:226,28,0,0
BRDA:226,28,1,0
BRDA:227,29,0,0
BRDA:227,29,1,0
BRDA:228,30,0,0
BRDA:228,30,1,0
BRDA:248,31,0,0
BRDA:248,31,1,0
BRDA:251,32,0,0
BRDA:251,32,1,0
BRDA:282,33,0,0
BRDA:282,33,1,0
BRDA:306,34,0,0
BRDA:316,35,0,0
BRDA:316,36,0,0
BRDA:316,36,1,0
BRDA:323,37,0,0
BRDA:323,37,1,0
BRDA:325,38,0,0
BRDA:325,38,1,0
BRDA:327,39,0,0
BRDA:327,39,1,0
BRDA:342,40,0,0
BRDA:342,40,1,0
BRDA:343,41,0,0
BRDA:343,41,1,0
BRDA:344,42,0,0
BRDA:344,42,1,0
BRDA:345,43,0,0
BRDA:345,43,1,0
BRDA:347,44,0,0
BRDA:347,44,1,0
BRDA:352,45,0,0
BRDA:352,45,1,0
BRDA:381,46,0,0
BRDA:389,47,0,0
BRDA:437,48,0,0
BRDA:437,48,1,0
BRDA:476,49,0,0
BRDA:476,49,1,0
BRDA:476,50,0,0
BRDA:476,50,1,0
BRDA:478,51,0,0
BRDA:478,51,1,0
BRDA:478,52,0,0
BRDA:478,52,1,0
BRDA:482,53,0,0
BRDA:482,53,1,0
BRDA:485,54,0,0
BRDA:485,54,1,0
BRDA:486,55,0,0
BRDA:486,55,1,0
BRDA:489,56,0,0
BRDA:489,56,1,0
BRF:100
BRH:0
end_of_record
TN:
SF:src/tools/analytics.ts
FN:47,createAnalyticsTools
FN:61,(anonymous_1)
FN:77,(anonymous_2)
FN:86,(anonymous_3)
FN:100,(anonymous_4)
FN:102,(anonymous_5)
FN:116,(anonymous_6)
FN:117,(anonymous_7)
FN:119,(anonymous_8)
FN:126,(anonymous_9)
FN:129,(anonymous_10)
FN:139,(anonymous_11)
FN:171,(anonymous_12)
FN:196,(anonymous_13)
FN:206,(anonymous_14)
FN:207,(anonymous_15)
FN:218,(anonymous_16)
FN:224,(anonymous_17)
FN:225,(anonymous_18)
FN:232,(anonymous_19)
FN:289,(anonymous_20)
FN:290,(anonymous_21)
FN:307,(anonymous_22)
FN:342,(anonymous_23)
FN:359,(anonymous_24)
FN:362,(anonymous_25)
FN:369,(anonymous_26)
FN:414,(anonymous_27)
FN:428,(anonymous_28)
FN:455,(anonymous_29)
FN:457,(anonymous_30)
FN:467,(anonymous_31)
FN:475,(anonymous_32)
FN:488,(anonymous_33)
FN:532,(anonymous_34)
FN:556,(anonymous_35)
FN:572,(anonymous_36)
FN:579,(anonymous_37)
FN:581,(anonymous_38)
FN:587,(anonymous_39)
FN:592,(anonymous_40)
FN:598,(anonymous_41)
FN:606,(anonymous_42)
FN:617,(anonymous_43)
FN:627,(anonymous_44)
FN:636,(anonymous_45)
FN:645,(anonymous_46)
FN:655,(anonymous_47)
FN:681,(anonymous_48)
FN:704,(anonymous_49)
FN:708,(anonymous_50)
FN:711,(anonymous_51)
FN:720,(anonymous_52)
FN:731,(anonymous_53)
FN:750,(anonymous_54)
FN:753,(anonymous_55)
FN:779,(anonymous_56)
FN:818,(anonymous_57)
FN:849,(anonymous_58)
FN:862,(anonymous_59)
FN:867,(anonymous_60)
FN:889,(anonymous_61)
FN:936,(anonymous_62)
FN:961,(anonymous_63)
FN:992,(anonymous_64)
FN:1016,(anonymous_65)
FN:1044,(anonymous_66)
FN:1078,(anonymous_67)
FN:1082,(anonymous_68)
FN:1104,(anonymous_69)
FN:1138,(anonymous_70)
FN:1148,(anonymous_71)
FN:1152,(anonymous_72)
FN:1161,(anonymous_73)
FN:1164,(anonymous_74)
FN:1180,(anonymous_75)
FN:1190,(anonymous_76)
FN:1191,(anonymous_77)
FN:1192,(anonymous_78)
FN:1193,(anonymous_79)
FN:1197,(anonymous_80)
FN:1233,(anonymous_81)
FN:1271,(anonymous_82)
FN:1276,(anonymous_83)
FN:1310,(anonymous_84)
FN:1315,(anonymous_85)
FN:1319,(anonymous_86)
FN:1362,(anonymous_87)
FN:1374,(anonymous_88)
FN:1376,(anonymous_89)
FN:1377,(anonymous_90)
FN:1384,(anonymous_91)
FN:1402,(anonymous_92)
FN:1406,(anonymous_93)
FN:1410,(anonymous_94)
FN:1412,(anonymous_95)
FN:1415,(anonymous_96)
FN:1416,(anonymous_97)
FN:1418,(anonymous_98)
FN:1442,(anonymous_99)
FN:1444,(anonymous_100)
FN:1449,(anonymous_101)
FN:1482,(anonymous_102)
FN:1484,(anonymous_103)
FN:1509,(anonymous_104)
FN:1510,(anonymous_105)
FN:1548,(anonymous_106)
FN:1552,(anonymous_107)
FN:1559,(anonymous_108)
FN:1561,(anonymous_109)
FN:1562,(anonymous_110)
FN:1577,(anonymous_111)
FN:1580,(anonymous_112)
FN:1585,(anonymous_113)
FN:1589,(anonymous_114)
FN:1594,(anonymous_115)
FN:1601,(anonymous_116)
FN:1611,(anonymous_117)
FNF:118
FNH:0
FNDA:0,createAnalyticsTools
FNDA:0,(anonymous_1)
FNDA:0,(anonymous_2)
FNDA:0,(anonymous_3)
FNDA:0,(anonymous_4)
FNDA:0,(anonymous_5)
FNDA:0,(anonymous_6)
FNDA:0,(anonymous_7)
FNDA:0,(anonymous_8)
FNDA:0,(anonymous_9)
FNDA:0,(anonymous_10)
FNDA:0,(anonymous_11)
FNDA:0,(anonymous_12)
FNDA:0,(anonymous_13)
FNDA:0,(anonymous_14)
FNDA:0,(anonymous_15)
FNDA:0,(anonymous_16)
FNDA:0,(anonymous_17)
FNDA:0,(anonymous_18)
FNDA:0,(anonymous_19)
FNDA:0,(anonymous_20)
FNDA:0,(anonymous_21)
FNDA:0,(anonymous_22)
FNDA:0,(anonymous_23)
FNDA:0,(anonymous_24)
FNDA:0,(anonymous_25)
FNDA:0,(anonymous_26)
FNDA:0,(anonymous_27)
FNDA:0,(anonymous_28)
FNDA:0,(anonymous_29)
FNDA:0,(anonymous_30)
FNDA:0,(anonymous_31)
FNDA:0,(anonymous_32)
FNDA:0,(anonymous_33)
FNDA:0,(anonymous_34)
FNDA:0,(anonymous_35)
FNDA:0,(anonymous_36)
FNDA:0,(anonymous_37)
FNDA:0,(anonymous_38)
FNDA:0,(anonymous_39)
FNDA:0,(anonymous_40)
FNDA:0,(anonymous_41)
FNDA:0,(anonymous_42)
FNDA:0,(anonymous_43)
FNDA:0,(anonymous_44)
FNDA:0,(anonymous_45)
FNDA:0,(anonymous_46)
FNDA:0,(anonymous_47)
FNDA:0,(anonymous_48)
FNDA:0,(anonymous_49)
FNDA:0,(anonymous_50)
FNDA:0,(anonymous_51)
FNDA:0,(anonymous_52)
FNDA:0,(anonymous_53)
FNDA:0,(anonymous_54)
FNDA:0,(anonymous_55)
FNDA:0,(anonymous_56)
FNDA:0,(anonymous_57)
FNDA:0,(anonymous_58)
FNDA:0,(anonymous_59)
FNDA:0,(anonymous_60)
FNDA:0,(anonymous_61)
FNDA:0,(anonymous_62)
FNDA:0,(anonymous_63)
FNDA:0,(anonymous_64)
FNDA:0,(anonymous_65)
FNDA:0,(anonymous_66)
FNDA:0,(anonymous_67)
FNDA:0,(anonymous_68)
FNDA:0,(anonymous_69)
FNDA:0,(anonymous_70)
FNDA:0,(anonymous_71)
FNDA:0,(anonymous_72)
FNDA:0,(anonymous_73)
FNDA:0,(anonymous_74)
FNDA:0,(anonymous_75)
FNDA:0,(anonymous_76)
FNDA:0,(anonymous_77)
FNDA:0,(anonymous_78)
FNDA:0,(anonymous_79)
FNDA:0,(anonymous_80)
FNDA:0,(anonymous_81)
FNDA:0,(anonymous_82)
FNDA:0,(anonymous_83)
FNDA:0,(anonymous_84)
FNDA:0,(anonymous_85)
FNDA:0,(anonymous_86)
FNDA:0,(anonymous_87)
FNDA:0,(anonymous_88)
FNDA:0,(anonymous_89)
FNDA:0,(anonymous_90)
FNDA:0,(anonymous_91)
FNDA:0,(anonymous_92)
FNDA:0,(anonymous_93)
FNDA:0,(anonymous_94)
FNDA:0,(anonymous_95)
FNDA:0,(anonymous_96)
FNDA:0,(anonymous_97)
FNDA:0,(anonymous_98)
FNDA:0,(anonymous_99)
FNDA:0,(anonymous_100)
FNDA:0,(anonymous_101)
FNDA:0,(anonymous_102)
FNDA:0,(anonymous_103)
FNDA:0,(anonymous_104)
FNDA:0,(anonymous_105)
FNDA:0,(anonymous_106)
FNDA:0,(anonymous_107)
FNDA:0,(anonymous_108)
FNDA:0,(anonymous_109)
FNDA:0,(anonymous_110)
FNDA:0,(anonymous_111)
FNDA:0,(anonymous_112)
FNDA:0,(anonymous_113)
FNDA:0,(anonymous_114)
FNDA:0,(anonymous_115)
FNDA:0,(anonymous_116)
FNDA:0,(anonymous_117)
DA:7,0
DA:17,0
DA:23,0
DA:29,0
DA:38,0
DA:49,0
DA:62,0
DA:63,0
DA:64,0
DA:67,0
DA:68,0
DA:70,0
DA:71,0
DA:75,0
DA:77,0
DA:86,0
DA:91,0
DA:92,0
DA:94,0
DA:95,0
DA:96,0
DA:99,0
DA:100,0
DA:101,0
DA:102,0
DA:103,0
DA:104,0
DA:105,0
DA:111,0
DA:115,0
DA:116,0
DA:117,0
DA:118,0
DA:119,0
DA:120,0
DA:126,0
DA:129,0
DA:130,0
DA:131,0
DA:135,0
DA:136,0
DA:139,0
DA:140,0
DA:143,0
DA:144,0
DA:149,0
DA:150,0
DA:151,0
DA:152,0
DA:153,0
DA:156,0
DA:160,0
DA:161,0
DA:162,0
DA:171,0
DA:172,0
DA:173,0
DA:174,0
DA:175,0
DA:178,0
DA:181,0
DA:182,0
DA:183,0
DA:184,0
DA:185,0
DA:186,0
DA:189,0
DA:190,0
DA:191,0
DA:192,0
DA:195,0
DA:197,0
DA:198,0
DA:199,0
DA:204,0
DA:205,0
DA:206,0
DA:208,0
DA:209,0
DA:211,0
DA:214,0
DA:215,0
DA:216,0
DA:217,0
DA:218,0
DA:221,0
DA:223,0
DA:224,0
DA:227,0
DA:228,0
DA:232,0
DA:236,0
DA:237,0
DA:238,0
DA:239,0
DA:247,0
DA:248,0
DA:250,0
DA:252,0
DA:253,0
DA:258,0
DA:259,0
DA:264,0
DA:265,0
DA:270,0
DA:271,0
DA:276,0
DA:277,0
DA:282,0
DA:283,0
DA:289,0
DA:290,0
DA:291,0
DA:295,0
DA:296,0
DA:301,0
DA:302,0
DA:307,0
DA:308,0
DA:310,0
DA:313,0
DA:314,0
DA:315,0
DA:316,0
DA:317,0
DA:319,0
DA:322,0
DA:324,0
DA:330,0
DA:343,0
DA:344,0
DA:345,0
DA:348,0
DA:349,0
DA:351,0
DA:352,0
DA:353,0
DA:355,0
DA:356,0
DA:359,0
DA:360,0
DA:361,0
DA:362,0
DA:364,0
DA:367,0
DA:368,0
DA:369,0
DA:370,0
DA:371,0
DA:373,0
DA:378,0
DA:379,0
DA:380,0
DA:381,0
DA:382,0
DA:385,0
DA:388,0
DA:390,0
DA:412,0
DA:415,0
DA:417,0
DA:419,0
DA:421,0
DA:423,0
DA:428,0
DA:429,0
DA:431,0
DA:433,0
DA:435,0
DA:437,0
DA:439,0
DA:443,0
DA:444,0
DA:447,0
DA:448,0
DA:449,0
DA:450,0
DA:451,0
DA:455,0
DA:457,0
DA:459,0
DA:460,0
DA:461,0
DA:462,0
DA:463,0
DA:466,0
DA:468,0
DA:469,0
DA:474,0
DA:475,0
DA:476,0
DA:478,0
DA:479,0
DA:481,0
DA:484,0
DA:485,0
DA:486,0
DA:488,0
DA:490,0
DA:492,0
DA:500,0
DA:503,0
DA:504,0
DA:507,0
DA:508,0
DA:509,0
DA:510,0
DA:512,0
DA:514,0
DA:520,0
DA:533,0
DA:534,0
DA:535,0
DA:538,0
DA:540,0
DA:541,0
DA:548,0
DA:550,0
DA:551,0
DA:552,0
DA:553,0
DA:555,0
DA:556,0
DA:559,0
DA:560,0
DA:561,0
DA:562,0
DA:563,0
DA:565,0
DA:567,0
DA:568,0
DA:570,0
DA:571,0
DA:572,0
DA:575,0
DA:578,0
DA:579,0
DA:581,0
DA:584,0
DA:587,0
DA:588,0
DA:589,0
DA:592,0
DA:593,0
DA:595,0
DA:598,0
DA:599,0
DA:601,0
DA:602,0
DA:606,0
DA:607,0
DA:610,0
DA:611,0
DA:613,0
DA:614,0
DA:617,0
DA:618,0
DA:619,0
DA:627,0
DA:630,0
DA:631,0
DA:635,0
DA:637,0
DA:638,0
DA:639,0
DA:644,0
DA:646,0
DA:647,0
DA:655,0
DA:657,0
DA:676,0
DA:681,0
DA:683,0
DA:687,0
DA:690,0
DA:693,0
DA:694,0
DA:695,0
DA:696,0
DA:697,0
DA:698,0
DA:699,0
DA:703,0
DA:704,0
DA:708,0
DA:711,0
DA:714,0
DA:715,0
DA:716,0
DA:717,0
DA:718,0
DA:721,0
DA:728,0
DA:730,0
DA:731,0
DA:733,0
DA:741,0
DA:742,0
DA:743,0
DA:744,0
DA:745,0
DA:746,0
DA:748,0
DA:749,0
DA:750,0
DA:751,0
DA:753,0
DA:754,0
DA:758,0
DA:759,0
DA:761,0
DA:762,0
DA:766,0
DA:767,0
DA:769,0
DA:770,0
DA:772,0
DA:773,0
DA:775,0
DA:776,0
DA:779,0
DA:780,0
DA:782,0
DA:786,0
DA:787,0
DA:788,0
DA:789,0
DA:790,0
DA:791,0
DA:793,0
DA:794,0
DA:795,0
DA:796,0
DA:798,0
DA:800,0
DA:806,0
DA:819,0
DA:820,0
DA:821,0
DA:824,0
DA:825,0
DA:827,0
DA:828,0
DA:831,0
DA:832,0
DA:833,0
DA:834,0
DA:844,0
DA:847,0
DA:848,0
DA:850,0
DA:851,0
DA:856,0
DA:859,0
DA:861,0
DA:863,0
DA:866,0
DA:867,0
DA:868,0
DA:869,0
DA:888,0
DA:890,0
DA:893,0
DA:894,0
DA:913,0
DA:914,0
DA:933,0
DA:935,0
DA:937,0
DA:940,0
DA:941,0
DA:960,0
DA:962,0
DA:968,0
DA:969,0
DA:989,0
DA:991,0
DA:992,0
DA:994,0
DA:996,0
DA:997,0
DA:1015,0
DA:1017,0
DA:1021,0
DA:1022,0
DA:1042,0
DA:1044,0
DA:1045,0
DA:1046,0
DA:1055,0
DA:1056,0
DA:1075,0
DA:1077,0
DA:1078,0
DA:1081,0
DA:1082,0
DA:1085,0
DA:1086,0
DA:1104,0
DA:1105,0
DA:1106,0
DA:1114,0
DA:1115,0
DA:1136,0
DA:1138,0
DA:1140,0
DA:1141,0
DA:1142,0
DA:1143,0
DA:1147,0
DA:1148,0
DA:1151,0
DA:1153,0
DA:1154,0
DA:1155,0
DA:1161,0
DA:1162,0
DA:1164,0
DA:1166,0
DA:1174,0
DA:1175,0
DA:1176,0
DA:1177,0
DA:1178,0
DA:1179,0
DA:1180,0
DA:1181,0
DA:1183,0
DA:1188,0
DA:1189,0
DA:1190,0
DA:1191,0
DA:1192,0
DA:1193,0
DA:1195,0
DA:1196,0
DA:1197,0
DA:1199,0
DA:1200,0
DA:1201,0
DA:1202,0
DA:1204,0
DA:1205,0
DA:1208,0
DA:1209,0
DA:1210,0
DA:1211,0
DA:1213,0
DA:1215,0
DA:1221,0
DA:1234,0
DA:1235,0
DA:1236,0
DA:1239,0
DA:1240,0
DA:1255,0
DA:1258,0
DA:1259,0
DA:1260,0
DA:1261,0
DA:1263,0
DA:1268,0
DA:1269,0
DA:1270,0
DA:1271,0
DA:1273,0
DA:1276,0
DA:1277,0
DA:1278,0
DA:1280,0
DA:1285,0
DA:1286,0
DA:1287,0
DA:1288,0
DA:1289,0
DA:1292,0
DA:1296,0
DA:1297,0
DA:1298,0
DA:1306,0
DA:1307,0
DA:1308,0
DA:1309,0
DA:1310,0
DA:1313,0
DA:1314,0
DA:1315,0
DA:1318,0
DA:1321,0
DA:1322,0
DA:1326,0
DA:1328,0
DA:1339,0
DA:1352,0
DA:1353,0
DA:1354,0
DA:1355,0
DA:1358,0
DA:1359,0
DA:1360,0
DA:1362,0
DA:1363,0
DA:1364,0
DA:1366,0
DA:1369,0
DA:1370,0
DA:1372,0
DA:1374,0
DA:1376,0
DA:1377,0
DA:1380,0
DA:1381,0
DA:1382,0
DA:1384,0
DA:1386,0
DA:1394,0
DA:1395,0
DA:1396,0
DA:1400,0
DA:1402,0
DA:1404,0
DA:1406,0
DA:1408,0
DA:1409,0
DA:1410,0
DA:1412,0
DA:1414,0
DA:1415,0
DA:1416,0
DA:1418,0
DA:1419,0
DA:1421,0
DA:1429,0
DA:1430,0
DA:1431,0
DA:1432,0
DA:1435,0
DA:1439,0
DA:1440,0
DA:1442,0
DA:1443,0
DA:1445,0
DA:1448,0
DA:1450,0
DA:1456,0
DA:1461,0
DA:1469,0
DA:1470,0
DA:1471,0
DA:1472,0
DA:1473,0
DA:1475,0
DA:1479,0
DA:1480,0
DA:1482,0
DA:1483,0
DA:1484,0
DA:1488,0
DA:1491,0
DA:1499,0
DA:1500,0
DA:1501,0
DA:1502,0
DA:1506,0
DA:1507,0
DA:1509,0
DA:1510,0
DA:1511,0
DA:1512,0
DA:1523,0
DA:1525,0
DA:1533,0
DA:1534,0
DA:1535,0
DA:1536,0
DA:1538,0
DA:1539,0
DA:1541,0
DA:1546,0
DA:1548,0
DA:1549,0
DA:1552,0
DA:1553,0
DA:1556,0
DA:1557,0
DA:1559,0
DA:1560,0
DA:1561,0
DA:1563,0
DA:1569,0
DA:1573,0
DA:1575,0
DA:1577,0
DA:1578,0
DA:1579,0
DA:1580,0
DA:1584,0
DA:1585,0
DA:1587,0
DA:1588,0
DA:1589,0
DA:1593,0
DA:1595,0
DA:1599,0
DA:1600,0
DA:1601,0
DA:1605,0
DA:1606,0
DA:1611,0
DA:1612,0
DA:1615,0
DA:1616,0
DA:1617,0
DA:1618,0
DA:1620,0
DA:1622,0
LF:616
LH:0
BRDA:63,0,0,0
BRDA:70,1,0,0
BRDA:70,2,0,0
BRDA:70,2,1,0
BRDA:78,3,0,0
BRDA:78,3,1,0
BRDA:91,4,0,0
BRDA:95,5,0,0
BRDA:95,6,0,0
BRDA:95,6,1,0
BRDA:101,7,0,0
BRDA:103,8,0,0
BRDA:116,9,0,0
BRDA:116,9,1,0
BRDA:118,10,0,0
BRDA:120,11,0,0
BRDA:136,12,0,0
BRDA:144,13,0,0
BRDA:144,13,1,0
BRDA:145,14,0,0
BRDA:145,14,1,0
BRDA:145,14,2,0
BRDA:150,15,0,0
BRDA:150,15,1,0
BRDA:150,16,0,0
BRDA:150,16,1,0
BRDA:152,17,0,0
BRDA:152,18,0,0
BRDA:152,18,1,0
BRDA:172,19,0,0
BRDA:173,20,0,0
BRDA:174,21,0,0
BRDA:198,22,0,0
BRDA:198,22,1,0
BRDA:214,23,0,0
BRDA:221,24,0,0
BRDA:247,25,0,0
BRDA:252,26,0,0
BRDA:258,27,0,0
BRDA:264,28,0,0
BRDA:270,29,0,0
BRDA:276,30,0,0
BRDA:282,31,0,0
BRDA:295,32,0,0
BRDA:301,33,0,0
BRDA:344,34,0,0
BRDA:351,35,0,0
BRDA:351,35,1,0
BRDA:360,36,0,0
BRDA:360,36,1,0
BRDA:361,37,0,0
BRDA:361,37,1,0
BRDA:364,38,0,0
BRDA:364,38,1,0
BRDA:367,39,0,0
BRDA:367,39,1,0
BRDA:369,40,0,0
BRDA:369,40,1,0
BRDA:373,41,0,0
BRDA:373,41,1,0
BRDA:374,42,0,0
BRDA:374,42,1,0
BRDA:374,42,2,0
BRDA:379,43,0,0
BRDA:379,43,1,0
BRDA:379,44,0,0
BRDA:379,44,1,0
BRDA:381,45,0,0
BRDA:381,46,0,0
BRDA:381,46,1,0
BRDA:400,47,0,0
BRDA:400,47,1,0
BRDA:402,48,0,0
BRDA:402,48,1,0
BRDA:404,49,0,0
BRDA:404,49,1,0
BRDA:412,50,0,0
BRDA:412,50,1,0
BRDA:415,51,0,0
BRDA:415,51,1,0
BRDA:415,51,2,0
BRDA:415,51,3,0
BRDA:421,52,0,0
BRDA:421,52,1,0
BRDA:429,53,0,0
BRDA:429,53,1,0
BRDA:429,53,2,0
BRDA:429,53,3,0
BRDA:429,53,4,0
BRDA:443,54,0,0
BRDA:468,55,0,0
BRDA:468,55,1,0
BRDA:478,56,0,0
BRDA:478,56,1,0
BRDA:478,57,0,0
BRDA:478,57,1,0
BRDA:478,58,0,0
BRDA:478,58,1,0
BRDA:490,59,0,0
BRDA:490,59,1,0
BRDA:492,60,0,0
BRDA:492,60,1,0
BRDA:494,61,0,0
BRDA:494,61,1,0
BRDA:496,62,0,0
BRDA:496,62,1,0
BRDA:503,63,0,0
BRDA:534,64,0,0
BRDA:551,65,0,0
BRDA:551,65,1,0
BRDA:572,66,0,0
BRDA:572,66,1,0
BRDA:575,67,0,0
BRDA:579,68,0,0
BRDA:579,68,1,0
BRDA:584,69,0,0
BRDA:595,70,0,0
BRDA:595,70,1,0
BRDA:599,71,0,0
BRDA:611,72,0,0
BRDA:611,72,1,0
BRDA:613,73,0,0
BRDA:617,74,0,0
BRDA:617,74,1,0
BRDA:630,75,0,0
BRDA:635,76,0,0
BRDA:635,76,1,0
BRDA:638,77,0,0
BRDA:638,77,1,0
BRDA:648,78,0,0
BRDA:648,78,1,0
BRDA:648,78,2,0
BRDA:648,78,3,0
BRDA:648,78,4,0
BRDA:693,79,0,0
BRDA:721,80,0,0
BRDA:721,80,1,0
BRDA:721,80,2,0
BRDA:733,81,0,0
BRDA:733,81,1,0
BRDA:733,82,0,0
BRDA:733,82,1,0
BRDA:735,83,0,0
BRDA:735,83,1,0
BRDA:735,84,0,0
BRDA:735,84,1,0
BRDA:737,85,0,0
BRDA:737,85,1,0
BRDA:737,86,0,0
BRDA:737,86,1,0
BRDA:748,87,0,0
BRDA:748,88,0,0
BRDA:748,88,1,0
BRDA:761,89,0,0
BRDA:766,90,0,0
BRDA:769,91,0,0
BRDA:772,92,0,0
BRDA:775,93,0,0
BRDA:820,94,0,0
BRDA:827,95,0,0
BRDA:827,96,0,0
BRDA:827,96,1,0
BRDA:850,97,0,0
BRDA:850,97,1,0
BRDA:856,98,0,0
BRDA:856,98,1,0
BRDA:859,99,0,0
BRDA:863,100,0,0
BRDA:863,100,1,0
BRDA:866,101,0,0
BRDA:868,102,0,0
BRDA:890,103,0,0
BRDA:890,103,1,0
BRDA:893,104,0,0
BRDA:913,105,0,0
BRDA:916,106,0,0
BRDA:916,106,1,0
BRDA:933,107,0,0
BRDA:937,108,0,0
BRDA:937,108,1,0
BRDA:940,109,0,0
BRDA:962,110,0,0
BRDA:962,110,1,0
BRDA:962,110,2,0
BRDA:962,110,3,0
BRDA:968,111,0,0
BRDA:989,112,0,0
BRDA:992,113,0,0
BRDA:992,113,1,0
BRDA:996,114,0,0
BRDA:1017,115,0,0
BRDA:1017,115,1,0
BRDA:1017,115,2,0
BRDA:1021,116,0,0
BRDA:1042,117,0,0
BRDA:1047,118,0,0
BRDA:1047,118,1,0
BRDA:1047,118,2,0
BRDA:1047,118,3,0
BRDA:1047,118,4,0
BRDA:1055,119,0,0
BRDA:1075,120,0,0
BRDA:1078,121,0,0
BRDA:1078,121,1,0
BRDA:1082,122,0,0
BRDA:1082,122,1,0
BRDA:1085,123,0,0
BRDA:1107,124,0,0
BRDA:1107,124,1,0
BRDA:1107,124,2,0
BRDA:1107,124,3,0
BRDA:1114,125,0,0
BRDA:1136,126,0,0
BRDA:1136,126,1,0
BRDA:1140,127,0,0
BRDA:1153,128,0,0
BRDA:1166,129,0,0
BRDA:1166,129,1,0
BRDA:1168,130,0,0
BRDA:1168,130,1,0
BRDA:1170,131,0,0
BRDA:1170,131,1,0
BRDA:1197,132,0,0
BRDA:1197,132,1,0
BRDA:1199,133,0,0
BRDA:1199,133,1,0
BRDA:1235,134,0,0
BRDA:1269,135,0,0
BRDA:1269,135,1,0
BRDA:1270,136,0,0
BRDA:1270,136,1,0
BRDA:1273,137,0,0
BRDA:1273,137,1,0
BRDA:1276,138,0,0
BRDA:1276,138,1,0
BRDA:1280,139,0,0
BRDA:1280,139,1,0
BRDA:1281,140,0,0
BRDA:1281,140,1,0
BRDA:1281,140,2,0
BRDA:1286,141,0,0
BRDA:1286,141,1,0
BRDA:1286,142,0,0
BRDA:1286,142,1,0
BRDA:1288,143,0,0
BRDA:1288,144,0,0
BRDA:1288,144,1,0
BRDA:1296,145,0,0
BRDA:1296,145,1,0
BRDA:1297,146,0,0
BRDA:1297,146,1,0
BRDA:1306,147,0,0
BRDA:1313,148,0,0
BRDA:1315,149,0,0
BRDA:1315,149,1,0
BRDA:1318,150,0,0
BRDA:1318,150,1,0
BRDA:1363,151,0,0
BRDA:1363,151,1,0
BRDA:1369,152,0,0
BRDA:1386,153,0,0
BRDA:1386,153,1,0
BRDA:1388,154,0,0
BRDA:1388,154,1,0
BRDA:1390,155,0,0
BRDA:1390,155,1,0
BRDA:1400,156,0,0
BRDA:1401,157,0,0
[...]
BRDA:256,16,1,0
BRDA:259,17,0,0
BRDA:259,17,1,0
BRDA:260,18,0,0
BRDA:260,18,1,0
BRDA:261,19,0,0
BRDA:261,19,1,0
BRDA:279,20,0,0
BRDA:283,21,0,0
BRDA:283,21,1,0
BRDA:296,22,0,0
BRDA:296,22,1,0
BRDA:304,23,0,0
BRDA:304,23,1,0
BRDA:305,24,0,0
BRDA:305,24,1,0
BRDA:309,25,0,0
BRDA:309,25,1,0
BRDA:310,26,0,0
BRDA:310,26,1,0
BRDA:311,27,0,0
BRDA:311,27,1,0
BRDA:313,28,0,0
BRDA:313,28,1,0
BRDA:316,29,0,0
BRDA:316,29,1,0
BRDA:320,30,0,0
BRDA:320,30,1,0
BRDA:320,31,0,0
BRDA:320,31,1,0
BRDA:333,32,0,0
BRDA:336,33,0,0
BRDA:336,34,0,0
BRDA:336,34,1,0
BRF:58
BRH:0
end_of_record
TN:
SF:src/utils/fileHandling.ts
FN:22,(anonymous_0)
FN:42,(anonymous_1)
FN:53,(anonymous_2)
FN:60,(anonymous_3)
FN:67,(anonymous_4)
FN:74,(anonymous_5)
FN:81,(anonymous_6)
FN:105,(anonymous_7)
FN:144,(anonymous_8)
FN:241,(anonymous_9)
FN:324,(anonymous_10)
FN:343,(anonymous_11)
FN:344,(anonymous_12)
FN:364,(anonymous_13)
FN:367,(anonymous_14)
FN:431,(anonymous_15)
FN:451,(anonymous_16)
FN:464,(anonymous_17)
FN:466,(anonymous_18)
FN:481,(anonymous_19)
FN:488,(anonymous_20)
FN:520,(anonymous_21)
FN:527,(anonymous_22)
FN:534,(anonymous_23)
FN:549,(anonymous_24)
FN:568,(anonymous_25)
FN:570,(anonymous_26)
FNF:27
FNH:0
FNDA:0,(anonymous_0)
FNDA:0,(anonymous_1)
FNDA:0,(anonymous_2)
FNDA:0,(anonymous_3)
FNDA:0,(anonymous_4)
FNDA:0,(anonymous_5)
FNDA:0,(anonymous_6)
FNDA:0,(anonymous_7)
FNDA:0,(anonymous_8)
FNDA:0,(anonymous_9)
FNDA:0,(anonymous_10)
FNDA:0,(anonymous_11)
FNDA:0,(anonymous_12)
FNDA:0,(anonymous_13)
FNDA:0,(anonymous_14)
FNDA:0,(anonymous_15)
FNDA:0,(anonymous_16)
FNDA:0,(anonymous_17)
FNDA:0,(anonymous_18)
FNDA:0,(anonymous_19)
FNDA:0,(anonymous_20)
FNDA:0,(anonymous_21)
FNDA:0,(anonymous_22)
FNDA:0,(anonymous_23)
FNDA:0,(anonymous_24)
FNDA:0,(anonymous_25)
FNDA:0,(anonymous_26)
DA:20,0
DA:23,0
DA:24,0
DA:39,0
DA:43,0
DA:44,0
DA:46,0
DA:54,0
DA:61,0
DA:68,0
DA:75,0
DA:87,0
DA:93,0
DA:94,0
DA:97,0
DA:98,0
DA:99,0
DA:105,0
DA:106,0
DA:107,0
DA:108,0
DA:110,0
DA:113,0
DA:114,0
DA:115,0
DA:119,0
DA:120,0
DA:121,0
DA:122,0
DA:123,0
DA:128,0
DA:129,0
DA:130,0
DA:133,0
DA:134,0
DA:135,0
DA:138,0
DA:145,0
DA:147,0
DA:149,0
DA:150,0
DA:153,0
DA:159,0
DA:160,0
DA:167,0
DA:168,0
DA:169,0
DA:172,0
DA:182,0
DA:183,0
DA:186,0
DA:189,0
DA:201,0
DA:204,0
DA:205,0
DA:206,0
DA:207,0
DA:209,0
DA:210,0
DA:212,0
DA:221,0
DA:222,0
DA:223,0
DA:224,0
DA:225,0
DA:226,0
DA:227,0
DA:230,0
DA:244,0
DA:246,0
DA:247,0
DA:248,0
DA:251,0
DA:252,0
DA:253,0
DA:255,0
DA:263,0
DA:264,0
DA:267,0
DA:277,0
DA:278,0
DA:281,0
DA:282,0
DA:285,0
DA:286,0
DA:287,0
DA:288,0
DA:290,0
DA:291,0
DA:293,0
DA:304,0
DA:305,0
DA:306,0
DA:307,0
DA:308,0
DA:309,0
DA:310,0
DA:313,0
DA:325,0
DA:326,0
DA:327,0
DA:330,0
DA:331,0
DA:332,0
DA:333,0
DA:335,0
DA:342,0
DA:347,0
DA:354,0
DA:365,0
DA:366,0
DA:367,0
DA:369,0
DA:371,0
DA:372,0
DA:373,0
DA:374,0
DA:375,0
DA:378,0
DA:382,0
DA:385,0
DA:386,0
DA:389,0
DA:390,0
DA:393,0
DA:394,0
DA:397,0
DA:398,0
DA:401,0
DA:405,0
DA:408,0
DA:412,0
DA:415,0
DA:416,0
DA:419,0
DA:420,0
DA:423,0
DA:426,0
DA:431,0
DA:434,0
DA:435,0
DA:436,0
DA:437,0
DA:440,0
DA:442,0
DA:452,0
DA:453,0
DA:454,0
DA:455,0
DA:457,0
DA:465,0
DA:466,0
DA:468,0
DA:482,0
DA:483,0
DA:487,0
DA:488,0
DA:490,0
DA:491,0
DA:492,0
DA:494,0
DA:495,0
DA:496,0
DA:497,0
DA:498,0
DA:499,0
DA:501,0
DA:504,0
DA:510,0
DA:521,0
DA:528,0
DA:535,0
DA:536,0
DA:537,0
DA:538,0
DA:539,0
DA:540,0
DA:541,0
DA:543,0
DA:556,0
DA:558,0
DA:559,0
DA:568,0
DA:569,0
DA:570,0
DA:573,0
LF:186
LH:0
BRDA:22,0,0,0
BRDA:25,1,0,0
BRDA:25,1,1,0
BRDA:26,2,0,0
BRDA:26,2,1,0
BRDA:27,3,0,0
BRDA:27,3,1,0
BRDA:36,4,0,0
BRDA:36,4,1,0
BRDA:85,5,0,0
BRDA:93,6,0,0
BRDA:93,6,1,0
BRDA:94,7,0,0
BRDA:94,7,1,0
BRDA:97,8,0,0
BRDA:106,9,0,0
BRDA:113,10,0,0
BRDA:119,11,0,0
BRDA:121,12,0,0
BRDA:128,13,0,0
BRDA:128,14,0,0
BRDA:128,14,1,0
BRDA:133,15,0,0
BRDA:133,16,0,0
BRDA:133,16,1,0
BRDA:133,16,2,0
BRDA:159,17,0,0
BRDA:222,18,0,0
BRDA:224,19,0,0
BRDA:224,19,1,0
BRDA:232,20,0,0
BRDA:232,20,1,0
BRDA:305,21,0,0
BRDA:307,22,0,0
BRDA:307,22,1,0
BRDA:315,23,0,0
BRDA:315,23,1,0
BRDA:350,24,0,0
BRDA:350,24,1,0
BRDA:356,25,0,0
BRDA:356,25,1,0
BRDA:364,26,0,0
BRDA:378,27,0,0
BRDA:379,28,0,0
BRDA:379,28,1,0
BRDA:385,29,0,0
BRDA:385,30,0,0
BRDA:385,30,1,0
BRDA:389,31,0,0
BRDA:389,32,0,0
BRDA:389,32,1,0
BRDA:393,33,0,0
BRDA:393,34,0,0
BRDA:393,34,1,0
BRDA:397,35,0,0
BRDA:397,36,0,0
BRDA:397,36,1,0
BRDA:401,37,0,0
BRDA:402,38,0,0
BRDA:402,38,1,0
BRDA:408,39,0,0
BRDA:409,40,0,0
BRDA:409,40,1,0
BRDA:415,41,0,0
BRDA:415,42,0,0
BRDA:415,42,1,0
BRDA:419,43,0,0
BRDA:419,44,0,0
BRDA:419,44,1,0
BRDA:434,45,0,0
BRDA:434,46,0,0
BRDA:434,46,1,0
BRDA:435,47,0,0
BRDA:435,47,1,0
BRDA:436,48,0,0
BRDA:436,48,1,0
BRDA:443,49,0,0
BRDA:443,49,1,0
BRDA:474,50,0,0
BRDA:474,50,1,0
BRDA:484,51,0,0
BRDA:484,51,1,0
BRDA:484,51,2,0
BRDA:497,52,0,0
BRDA:497,52,1,0
BRDA:505,53,0,0
BRDA:505,53,1,0
BRDA:521,54,0,0
BRDA:521,54,1,0
BRDA:536,55,0,0
BRDA:536,56,0,0
BRDA:536,56,1,0
BRDA:558,57,0,0
BRF:93
BRH:0
end_of_record
TN:
SF:src/utils/importUtils.ts
FN:39,(anonymous_0)
FN:44,(anonymous_1)
FN:59,(anonymous_2)
FN:75,(anonymous_3)
FN:126,(anonymous_4)
FN:141,(anonymous_5)
FN:157,(anonymous_6)
FN:211,(anonymous_7)
FN:223,(anonymous_8)
FN:297,(anonymous_9)
FN:298,(anonymous_10)
FN:314,(anonymous_11)
FN:363,(anonymous_12)
FN:364,(anonymous_13)
FN:380,(anonymous_14)
FN:391,(anonymous_15)
FN:392,(anonymous_16)
FN:408,(anonymous_17)
FN:419,(anonymous_18)
FN:442,(anonymous_19)
FN:457,(anonymous_20)
FN:467,(anonymous_21)
FN:472,(anonymous_22)
FN:475,(anonymous_23)
FNF:24
FNH:0
FNDA:0,(anonymous_0)
FNDA:0,(anonymous_1)
FNDA:0,(anonymous_2)
FNDA:0,(anonymous_3)
FNDA:0,(anonymous_4)
FNDA:0,(anonymous_5)
FNDA:0,(anonymous_6)
FNDA:0,(anonymous_7)
FNDA:0,(anonymous_8)
FNDA:0,(anonymous_9)
FNDA:0,(anonymous_10)
FNDA:0,(anonymous_11)
FNDA:0,(anonymous_12)
FNDA:0,(anonymous_13)
FNDA:0,(anonymous_14)
FNDA:0,(anonymous_15)
FNDA:0,(anonymous_16)
FNDA:0,(anonymous_17)
FNDA:0,(anonymous_18)
FNDA:0,(anonymous_19)
FNDA:0,(anonymous_20)
FNDA:0,(anonymous_21)
FNDA:0,(anonymous_22)
FNDA:0,(anonymous_23)
DA:39,0
DA:48,0
DA:49,0
DA:50,0
DA:58,0
DA:59,0
DA:61,0
DA:62,0
DA:69,0
DA:72,0
DA:73,0
DA:75,0
DA:80,0
DA:81,0
DA:83,0
DA:84,0
DA:88,0
DA:98,0
DA:101,0
DA:102,0
DA:104,0
DA:107,0
DA:115,0
DA:130,0
DA:131,0
DA:132,0
DA:140,0
DA:141,0
DA:143,0
DA:144,0
DA:151,0
DA:154,0
DA:155,0
DA:157,0
DA:162,0
DA:163,0
DA:165,0
DA:166,0
DA:170,0
DA:171,0
DA:178,0
DA:186,0
DA:188,0
DA:190,0
DA:193,0
DA:200,0
DA:215,0
DA:216,0
DA:217,0
DA:219,0
DA:221,0
DA:222,0
DA:223,0
DA:225,0
DA:226,0
DA:227,0
DA:229,0
DA:234,0
DA:235,0
DA:240,0
DA:241,0
DA:242,0
DA:243,0
DA:248,0
DA:249,0
DA:255,0
DA:265,0
DA:266,0
DA:271,0
DA:272,0
DA:273,0
DA:278,0
DA:279,0
DA:284,0
DA:285,0
DA:286,0
DA:290,0
DA:297,0
DA:298,0
DA:300,0
DA:318,0
DA:319,0
DA:322,0
DA:323,0
DA:324,0
DA:329,0
DA:330,0
DA:336,0
DA:345,0
DA:346,0
DA:347,0
DA:348,0
DA:352,0
DA:353,0
DA:354,0
DA:358,0
DA:359,0
DA:360,0
DA:363,0
DA:364,0
DA:366,0
DA:384,0
DA:386,0
DA:387,0
DA:388,0
DA:391,0
DA:392,0
DA:394,0
DA:412,0
DA:414,0
DA:415,0
DA:418,0
DA:419,0
DA:421,0
DA:422,0
DA:423,0
DA:424,0
DA:425,0
DA:426,0
DA:427,0
DA:436,0
DA:443,0
DA:444,0
DA:446,0
DA:447,0
DA:448,0
DA:451,0
DA:458,0
DA:460,0
DA:461,0
DA:462,0
DA:463,0
DA:465,0
DA:466,0
DA:467,0
DA:468,0
DA:472,0
DA:473,0
DA:474,0
DA:475,0
DA:476,0
DA:480,0
LF:142
LH:0
BRDA:46,0,0,0
BRDA:49,1,0,0
BRDA:61,2,0,0
BRDA:61,3,0,0
BRDA:61,3,1,0
BRDA:72,4,0,0
BRDA:72,5,0,0
BRDA:72,5,1,0
BRDA:80,6,0,0
BRDA:83,7,0,0
BRDA:101,8,0,0
BRDA:101,8,1,0
BRDA:101,9,0,0
BRDA:101,9,1,0
BRDA:117,10,0,0
BRDA:117,10,1,0
BRDA:128,11,0,0
BRDA:131,12,0,0
BRDA:143,13,0,0
BRDA:143,14,0,0
BRDA:143,14,1,0
BRDA:154,15,0,0
BRDA:154,16,0,0
BRDA:154,16,1,0
BRDA:162,17,0,0
BRDA:165,18,0,0
BRDA:170,19,0,0
BRDA:186,20,0,0
BRDA:186,20,1,0
BRDA:186,21,0,0
BRDA:186,21,1,0
BRDA:202,22,0,0
BRDA:202,22,1,0
BRDA:213,23,0,0
BRDA:221,24,0,0
BRDA:221,25,0,0
BRDA:221,25,1,0
BRDA:225,26,0,0
BRDA:225,26,1,0
BRDA:240,27,0,0
BRDA:257,28,0,0
BRDA:257,28,1,0
BRDA:265,29,0,0
BRDA:278,30,0,0
BRDA:292,31,0,0
BRDA:292,31,1,0
BRDA:316,32,0,0
BRDA:338,33,0,0
BRDA:338,33,1,0
BRDA:382,34,0,0
BRDA:414,35,0,0
BRDA:422,36,0,0
BRDA:422,37,0,0
BRDA:422,37,1,0
BRDA:425,38,0,0
BRDA:425,39,0,0
BRDA:425,39,1,0
BRDA:425,39,2,0
BRDA:426,40,0,0
BRDA:465,41,0,0
BRDA:473,42,0,0
BRF:61
BRH:0
end_of_record
TN:
SF:src/utils/nodeAnalysis.ts
FN:79,(anonymous_0)
FN:83,(anonymous_1)
FN:87,(anonymous_2)
FN:107,(anonymous_3)
FN:161,(anonymous_4)
FN:210,(anonymous_5)
FN:224,(anonymous_6)
FN:244,(anonymous_7)
FN:252,(anonymous_8)
FN:258,(anonymous_9)
FN:267,(anonymous_10)
FN:277,(anonymous_11)
FN:284,(anonymous_12)
FN:295,(anonymous_13)
FN:307,(anonymous_14)
FN:320,(anonymous_15)
FN:331,(anonymous_16)
FN:349,(anonymous_17)
FN:368,(anonymous_18)
FN:392,(anonymous_19)
FN:411,(anonymous_20)
FN:419,(anonymous_21)
FN:452,(anonymous_22)
FN:462,(anonymous_23)
FN:476,(anonymous_24)
FN:485,(anonymous_25)
FN:494,(anonymous_26)
FN:495,(anonymous_27)
FN:507,(anonymous_28)
FN:513,(anonymous_29)
FN:517,(anonymous_30)
FN:525,(anonymous_31)
FN:554,(anonymous_32)
FN:566,(anonymous_33)
FN:578,(anonymous_34)
FN:586,(anonymous_35)
FN:593,(anonymous_36)
FNF:37
FNH:0
FNDA:0,(anonymous_0)
FNDA:0,(anonymous_1)
FNDA:0,(anonymous_2)
FNDA:0,(anonymous_3)
FNDA:0,(anonymous_4)
FNDA:0,(anonymous_5)
FNDA:0,(anonymous_6)
FNDA:0,(anonymous_7)
FNDA:0,(anonymous_8)
FNDA:0,(anonymous_9)
FNDA:0,(anonymous_10)
FNDA:0,(anonymous_11)
FNDA:0,(anonymous_12)
FNDA:0,(anonymous_13)
FNDA:0,(anonymous_14)
FNDA:0,(anonymous_15)
FNDA:0,(anonymous_16)
FNDA:0,(anonymous_17)
FNDA:0,(anonymous_18)
FNDA:0,(anonymous_19)
FNDA:0,(anonymous_20)
FNDA:0,(anonymous_21)
FNDA:0,(anonymous_22)
FNDA:0,(anonymous_23)
FNDA:0,(anonymous_24)
FNDA:0,(anonymous_25)
FNDA:0,(anonymous_26)
FNDA:0,(anonymous_27)
FNDA:0,(anonymous_28)
FNDA:0,(anonymous_29)
FNDA:0,(anonymous_30)
FNDA:0,(anonymous_31)
FNDA:0,(anonymous_32)
FNDA:0,(anonymous_33)
FNDA:0,(anonymous_34)
FNDA:0,(anonymous_35)
FNDA:0,(anonymous_36)
DA:80,0
DA:84,0
DA:88,0
DA:89,0
DA:90,0
DA:91,0
DA:93,0
DA:113,0
DA:114,0
DA:115,0
DA:117,0
DA:120,0
DA:121,0
DA:122,0
DA:123,0
DA:127,0
DA:128,0
DA:129,0
DA:130,0
DA:131,0
DA:135,0
DA:136,0
DA:137,0
DA:138,0
DA:142,0
DA:143,0
DA:146,0
DA:147,0
DA:150,0
DA:170,0
DA:171,0
DA:172,0
DA:174,0
DA:175,0
DA:183,0
DA:185,0
DA:186,0
DA:188,0
DA:189,0
DA:191,0
DA:192,0
DA:195,0
DA:197,0
DA:209,0
DA:210,0
DA:211,0
DA:212,0
DA:216,0
DA:225,0
DA:226,0
DA:229,0
DA:232,0
DA:235,0
DA:237,0
DA:245,0
DA:246,0
DA:249,0
DA:252,0
DA:253,0
DA:255,0
DA:258,0
DA:259,0
DA:261,0
DA:264,0
DA:268,0
DA:269,0
DA:270,0
DA:271,0
DA:274,0
DA:278,0
DA:279,0
DA:284,0
DA:285,0
DA:286,0
DA:295,0
DA:296,0
DA:297,0
DA:307,0
DA:308,0
DA:310,0
DA:311,0
DA:320,0
DA:321,0
DA:322,0
DA:331,0
DA:332,0
DA:334,0
DA:335,0
DA:336,0
DA:346,0
DA:353,0
DA:354,0
DA:357,0
DA:358,0
DA:360,0
DA:361,0
DA:362,0
DA:365,0
DA:373,0
DA:374,0
DA:375,0
DA:377,0
DA:378,0
DA:379,0
DA:380,0
DA:381,0
DA:383,0
DA:384,0
DA:389,0
DA:393,0
DA:401,0
DA:402,0
DA:404,0
DA:408,0
DA:418,0
DA:419,0
DA:420,0
DA:421,0
DA:429,0
DA:430,0
DA:437,0
DA:438,0
DA:445,0
DA:453,0
DA:454,0
DA:456,0
DA:457,0
DA:459,0
DA:463,0
DA:465,0
DA:466,0
DA:469,0
DA:470,0
DA:471,0
DA:475,0
DA:476,0
DA:477,0
DA:478,0
DA:482,0
DA:490,0
DA:493,0
DA:494,0
DA:495,0
DA:497,0
DA:498,0
DA:506,0
DA:507,0
DA:510,0
DA:517,0
DA:529,0
DA:531,0
DA:532,0
DA:533,0
DA:541,0
DA:542,0
DA:551,0
DA:555,0
DA:557,0
DA:558,0
DA:559,0
DA:560,0
DA:561,0
DA:563,0
DA:568,0
DA:569,0
DA:571,0
DA:572,0
DA:575,0
DA:579,0
DA:580,0
DA:581,0
DA:582,0
DA:583,0
DA:587,0
DA:588,0
DA:590,0
DA:597,0
DA:598,0
DA:600,0
DA:601,0
DA:608,0
DA:609,0
DA:616,0
LF:183
LH:0
BRDA:96,0,0,0
BRDA:96,0,1,0
BRDA:97,1,0,0
BRDA:97,1,1,0
BRDA:120,2,0,0
BRDA:120,3,0,0
BRDA:120,3,1,0
BRDA:127,4,0,0
BRDA:136,5,0,0
BRDA:142,6,0,0
BRDA:146,7,0,0
BRDA:174,8,0,0
BRDA:183,9,0,0
BRDA:183,9,1,0
BRDA:186,10,0,0
BRDA:186,11,0,0
BRDA:186,11,1,0
BRDA:189,12,0,0
BRDA:189,12,1,0
BRDA:189,12,2,0
BRDA:191,13,0,0
BRDA:191,14,0,0
BRDA:191,14,1,0
BRDA:211,15,0,0
BRDA:225,16,0,0
BRDA:225,16,1,0
BRDA:226,17,0,0
BRDA:226,17,1,0
BRDA:245,18,0,0
BRDA:245,18,1,0
BRDA:246,19,0,0
BRDA:246,19,1,0
BRDA:252,20,0,0
BRDA:252,20,1,0
BRDA:253,21,0,0
BRDA:253,21,1,0
BRDA:253,21,2,0
BRDA:258,22,0,0
BRDA:258,22,1,0
BRDA:259,23,0,0
BRDA:259,23,1,0
BRDA:270,24,0,0
BRDA:270,25,0,0
BRDA:270,25,1,0
BRDA:279,26,0,0
BRDA:279,26,1,0
BRDA:284,27,0,0
BRDA:284,27,1,0
BRDA:285,28,0,0
BRDA:285,29,0,0
BRDA:285,29,1,0
BRDA:308,30,0,0
BRDA:308,30,1,0
BRDA:310,31,0,0
BRDA:310,32,0,0
BRDA:310,32,1,0
BRDA:321,33,0,0
BRDA:332,34,0,0
BRDA:332,34,1,0
BRDA:335,35,0,0
BRDA:335,36,0,0
BRDA:335,36,1,0
BRDA:360,37,0,0
BRDA:360,38,0,0
BRDA:360,38,1,0
BRDA:378,39,0,0
BRDA:378,40,0,0
BRDA:378,40,1,0
BRDA:380,41,0,0
BRDA:380,41,1,0
BRDA:402,42,0,0
BRDA:402,43,0,0
BRDA:402,43,1,0
BRDA:418,44,0,0
BRDA:418,45,0,0
BRDA:418,45,1,0
BRDA:420,46,0,0
BRDA:429,47,0,0
BRDA:429,48,0,0
BRDA:429,48,1,0
BRDA:437,49,0,0
BRDA:439,50,0,0
BRDA:439,50,1,0
BRDA:447,51,0,0
BRDA:447,51,1,0
BRDA:448,52,0,0
BRDA:448,52,1,0
BRDA:453,53,0,0
BRDA:453,54,0,0
BRDA:453,54,1,0
BRDA:456,55,0,0
BRDA:456,56,0,0
BRDA:456,56,1,0
BRDA:465,57,0,0
BRDA:465,58,0,0
BRDA:465,58,1,0
BRDA:465,58,2,0
BRDA:465,58,3,0
BRDA:469,59,0,0
BRDA:469,60,0,0
BRDA:469,60,1,0
BRDA:470,61,0,0
BRDA:475,62,0,0
BRDA:475,63,0,0
BRDA:475,63,1,0
BRDA:477,64,0,0
BRDA:493,65,0,0
BRDA:493,65,1,0
BRDA:497,66,0,0
BRDA:497,66,1,0
BRDA:507,67,0,0
BRDA:507,67,1,0
BRDA:532,68,0,0
BRDA:541,69,0,0
BRDA:541,70,0,0
BRDA:541,70,1,0
BRDA:557,71,0,0
BRDA:558,72,0,0
BRDA:559,73,0,0
BRDA:560,74,0,0
BRDA:561,75,0,0
BRDA:569,76,0,0
BRDA:569,77,0,0
BRDA:569,77,1,0
BRDA:569,77,2,0
BRDA:572,78,0,0
BRDA:572,78,1,0
BRDA:579,79,0,0
BRDA:580,80,0,0
BRDA:581,81,0,0
BRDA:582,82,0,0
BRDA:587,83,0,0
BRDA:600,84,0,0
BRDA:600,85,0,0
BRDA:600,85,1,0
BRDA:608,86,0,0
BRDA:608,87,0,0
BRDA:608,87,1,0
BRF:138
BRH:0
end_of_record
TN:
SF:src/utils/resourceMonitor.ts
FN:26,(anonymous_9)
FN:57,(anonymous_10)
FN:66,(anonymous_11)
FN:77,(anonymous_12)
FN:85,(anonymous_13)
FN:104,(anonymous_14)
FN:131,(anonymous_15)
FN:132,(anonymous_16)
FN:136,(anonymous_17)
FN:157,(anonymous_18)
FN:167,(anonymous_19)
FN:193,(anonymous_20)
FN:204,(anonymous_21)
FN:206,(anonymous_22)
FN:210,(anonymous_23)
FN:212,(anonymous_24)
FN:249,(anonymous_25)
FN:256,(anonymous_26)
FN:315,(anonymous_27)
FN:315,(anonymous_28)
FN:325,(anonymous_29)
FN:339,(anonymous_30)
FN:346,(anonymous_31)
FN:376,(anonymous_32)
FN:391,(anonymous_33)
FN:396,(anonymous_34)
FN:414,(anonymous_35)
FN:423,(anonymous_36)
FN:425,(anonymous_37)
FN:430,(anonymous_38)
FN:433,(anonymous_39)
FN:442,(anonymous_40)
FN:446,(anonymous_41)
FN:456,(anonymous_42)
FN:460,(anonymous_43)
FN:464,(anonymous_44)
FN:467,(anonymous_45)
FN:472,(anonymous_46)
FN:473,(anonymous_47)
FN:481,(anonymous_48)
FN:490,(anonymous_49)
FNF:41
FNH:0
FNDA:0,(anonymous_9)
FNDA:0,(anonymous_10)
FNDA:0,(anonymous_11)
FNDA:0,(anonymous_12)
FNDA:0,(anonymous_13)
FNDA:0,(anonymous_14)
FNDA:0,(anonymous_15)
FNDA:0,(anonymous_16)
FNDA:0,(anonymous_17)
FNDA:0,(anonymous_18)
FNDA:0,(anonymous_19)
FNDA:0,(anonymous_20)
FNDA:0,(anonymous_21)
FNDA:0,(anonymous_22)
FNDA:0,(anonymous_23)
FNDA:0,(anonymous_24)
FNDA:0,(anonymous_25)
FNDA:0,(anonymous_26)
FNDA:0,(anonymous_27)
FNDA:0,(anonymous_28)
FNDA:0,(anonymous_29)
FNDA:0,(anonymous_30)
FNDA:0,(anonymous_31)
FNDA:0,(anonymous_32)
FNDA:0,(anonymous_33)
FNDA:0,(anonymous_34)
FNDA:0,(anonymous_35)
FNDA:0,(anonymous_36)
FNDA:0,(anonymous_37)
FNDA:0,(anonymous_38)
FNDA:0,(anonymous_39)
FNDA:0,(anonymous_40)
FNDA:0,(anonymous_41)
FNDA:0,(anonymous_42)
FNDA:0,(anonymous_43)
FNDA:0,(anonymous_44)
FNDA:0,(anonymous_45)
FNDA:0,(anonymous_46)
FNDA:0,(anonymous_47)
FNDA:0,(anonymous_48)
FNDA:0,(anonymous_49)
DA:1,1
DA:2,1
DA:4,1
DA:16,1
DA:18,1
DA:20,0
DA:21,0
DA:22,0
DA:24,0
DA:27,0
DA:28,0
DA:58,0
DA:59,0
DA:62,0
DA:63,0
DA:66,0
DA:67,0
DA:68,0
DA:70,0
DA:74,0
DA:78,0
DA:79,0
DA:80,0
DA:81,0
DA:86,0
DA:88,0
DA:89,0
DA:90,0
DA:97,0
DA:101,0
DA:105,0
DA:106,0
DA:107,0
DA:108,0
DA:110,0
DA:132,0
DA:133,0
DA:134,0
DA:136,0
DA:137,0
DA:138,0
DA:140,0
DA:141,0
DA:142,0
DA:145,0
DA:146,0
DA:147,0
DA:149,0
DA:158,0
DA:159,0
DA:168,0
DA:169,0
DA:173,0
DA:174,0
DA:175,0
DA:177,0
DA:184,0
DA:196,0
DA:205,0
DA:206,0
DA:207,0
DA:210,0
DA:211,0
DA:212,0
DA:213,0
DA:215,0
DA:250,0
DA:252,0
DA:253,0
DA:257,0
DA:258,0
DA:259,0
DA:262,0
DA:263,0
DA:264,0
DA:267,0
DA:268,0
DA:269,0
DA:272,0
DA:273,0
DA:274,0
DA:277,0
DA:278,0
DA:280,0
DA:315,0
DA:326,0
DA:329,0
DA:330,0
DA:331,0
DA:334,0
DA:336,0
DA:340,0
DA:341,0
DA:342,0
DA:343,0
DA:347,0
DA:349,0
DA:350,0
DA:362,0
DA:363,0
DA:377,0
DA:388,0
DA:391,0
DA:392,0
DA:397,0
DA:398,0
DA:401,0
DA:402,0
DA:409,0
DA:410,0
DA:415,0
DA:418,0
DA:419,0
DA:424,0
DA:425,0
DA:426,0
DA:431,0
DA:433,0
DA:443,0
DA:445,0
DA:446,0
DA:449,0
DA:450,0
DA:453,0
DA:457,0
DA:459,0
DA:460,0
DA:463,0
DA:464,0
DA:467,0
DA:468,0
DA:473,0
DA:474,0
DA:475,0
DA:476,0
DA:478,0
DA:482,0
DA:484,0
DA:485,0
DA:486,0
DA:491,0
LF:141
LH:5
BRDA:58,0,0,0
BRDA:62,1,0,0
BRDA:78,2,0,0
BRDA:88,3,0,0
BRDA:205,4,0,0
BRDA:205,4,1,0
BRDA:213,5,0,0
BRDA:213,5,1,0
BRDA:222,6,0,0
BRDA:222,6,1,0
BRDA:227,7,0,0
BRDA:227,7,1,0
BRDA:232,8,0,0
BRDA:232,8,1,0
BRDA:239,9,0,0
BRDA:239,9,1,0
BRDA:240,10,0,0
BRDA:240,10,1,0
BRDA:250,11,0,0
BRDA:253,12,0,0
BRDA:253,12,1,0
BRDA:262,13,0,0
BRDA:267,14,0,0
BRDA:272,15,0,0
BRDA:340,16,0,0
BRDA:340,17,0,0
BRDA:340,17,1,0
BRDA:341,18,0,0
BRDA:341,19,0,0
BRDA:341,19,1,0
BRDA:342,20,0,0
BRDA:349,21,0,0
BRDA:352,22,0,0
BRDA:352,22,1,0
BRDA:362,23,0,0
BRDA:365,24,0,0
BRDA:365,24,1,0
BRDA:379,25,0,0
BRDA:379,25,1,0
BRDA:380,26,0,0
BRDA:380,26,1,0
BRDA:381,27,0,0
BRDA:381,27,1,0
BRDA:382,28,0,0
BRDA:382,28,1,0
BRDA:384,29,0,0
BRDA:384,29,1,0
BRDA:397,30,0,0
BRDA:409,31,0,0
BRDA:418,32,0,0
BRDA:432,33,0,0
BRDA:432,33,1,0
BRDA:445,34,0,0
BRDA:449,35,0,0
BRDA:459,36,0,0
BRDA:463,37,0,0
BRDA:474,38,0,0
BRDA:474,39,0,0
BRDA:474,39,1,0
BRDA:484,40,0,0
BRF:60
BRH:0
end_of_record
TN:
SF:src/utils/variableDiscovery.ts
FN:26,discoverWorkflowVariables
FN:68,extractAvailableVariables
FN:92,getGlobalVariables
FN:190,getWorkflowVariables
FN:226,(anonymous_4)
FN:245,getExecutionVariables
FN:280,getNodeOutputVariables
FN:293,(anonymous_7)
FN:327,(anonymous_8)
FN:347,getAllNodeOutputVariables
FN:354,(anonymous_10)
FN:382,getExpressionFunctions
FN:463,findPrecedingNodes
FN:471,(anonymous_13)
FN:474,(anonymous_14)
FN:476,(anonymous_15)
FN:478,(anonymous_16)
FN:479,(anonymous_17)
FNF:18
FNH:0
FNDA:0,discoverWorkflowVariables
FNDA:0,extractAvailableVariables
FNDA:0,getGlobalVariables
FNDA:0,getWorkflowVariables
FNDA:0,(anonymous_4)
FNDA:0,getExecutionVariables
FNDA:0,getNodeOutputVariables
FNDA:0,(anonymous_7)
FNDA:0,(anonymous_8)
FNDA:0,getAllNodeOutputVariables
FNDA:0,(anonymous_10)
FNDA:0,getExpressionFunctions
FNDA:0,findPrecedingNodes
FNDA:0,(anonymous_13)
FNDA:0,(anonymous_14)
FNDA:0,(anonymous_15)
FNDA:0,(anonymous_16)
FNDA:0,(anonymous_17)
DA:35,0
DA:37,0
DA:40,0
DA:41,0
DA:45,0
DA:48,0
DA:51,0
DA:52,0
DA:53,0
DA:54,0
DA:58,0
DA:59,0
DA:62,0
DA:72,0
DA:75,0
DA:78,0
DA:81,0
DA:84,0
DA:86,0
DA:93,0
DA:191,0
DA:194,0
DA:204,0
DA:214,0
DA:225,0
DA:226,0
DA:227,0
DA:239,0
DA:246,0
DA:284,0
DA:286,0
DA:287,0
DA:291,0
DA:293,0
DA:295,0
DA:305,0
DA:315,0
DA:326,0
DA:327,0
DA:328,0
DA:341,0
DA:348,0
DA:350,0
DA:351,0
DA:354,0
DA:355,0
DA:365,0
DA:376,0
DA:383,0
DA:464,0
DA:466,0
DA:467,0
DA:471,0
DA:472,0
DA:473,0
DA:474,0
DA:475,0
DA:476,0
DA:477,0
DA:478,0
DA:479,0
DA:480,0
DA:489,0
LF:63
LH:0
BRDA:29,0,0,0
BRDA:32,1,0,0
BRDA:33,2,0,0
BRDA:34,3,0,0
BRDA:40,4,0,0
BRDA:51,5,0,0
BRDA:51,5,1,0
BRDA:51,6,0,0
BRDA:51,6,1,0
BRDA:53,7,0,0
BRDA:58,8,0,0
BRDA:197,9,0,0
BRDA:197,9,1,0
BRDA:207,10,0,0
BRDA:207,10,1,0
BRDA:217,11,0,0
BRDA:217,11,1,0
BRDA:225,12,0,0
BRDA:225,13,0,0
BRDA:225,13,1,0
BRDA:230,14,0,0
BRDA:230,14,1,0
BRDA:286,15,0,0
BRDA:326,16,0,0
BRDA:326,17,0,0
BRDA:326,17,1,0
BRDA:350,18,0,0
BRDA:466,19,0,0
BRDA:466,20,0,0
BRDA:466,20,1,0
BRDA:473,21,0,0
BRDA:473,22,0,0
BRDA:473,22,1,0
BRDA:475,23,0,0
BRDA:477,24,0,0
BRDA:479,25,0,0
BRDA:479,26,0,0
BRDA:479,26,1,0
BRF:38
BRH:0
end_of_record
